[ 2016-07-21T09:34:58+08:00 ] ::1 /MR_navigation/index.php
INFO: [ app_init ] --START--
INFO: Run Behavior\BuildLiteBehavior [ RunTime:0.000000s ]
INFO: [ app_init ] --END-- [ RunTime:0.003000s ]
INFO: [ app_begin ] --START--
INFO: Run Behavior\ReadHtmlCacheBehavior [ RunTime:0.001000s ]
INFO: [ app_begin ] --END-- [ RunTime:0.002000s ]

[ 2016-07-21T09:37:38+08:00 ] ::1 /MR_navigation/index.php
INFO: [ app_init ] --START--
INFO: Run Behavior\BuildLiteBehavior [ RunTime:0.000000s ]
INFO: [ app_init ] --END-- [ RunTime:0.000000s ]
INFO: [ app_begin ] --START--
INFO: Run Behavior\ReadHtmlCacheBehavior [ RunTime:0.001000s ]
INFO: [ app_begin ] --END-- [ RunTime:0.001000s ]
SQL: SHOW COLUMNS FROM `nav_high_level` [ RunTime:0.0150s ]
SQL: SELECT * FROM `nav_high_level` WHERE `is_display` = 1 AND `layout` = 'left' ORDER BY sort asc  [ RunTime:0.0030s ]
SQL: SHOW COLUMNS FROM `nav_middle_level` [ RunTime:0.0060s ]
SQL: SELECT * FROM `nav_middle_level` WHERE `high_id` = 13  [ RunTime:0.0020s ]
SQL: SELECT * FROM `nav_middle_level` WHERE `high_id` = 15  [ RunTime:0.0000s ]
SQL: SELECT * FROM `nav_middle_level` WHERE `high_id` = 12  [ RunTime:0.0010s ]
SQL: SELECT * FROM `nav_middle_level` WHERE `high_id` = 18  [ RunTime:0.0000s ]
SQL: SELECT * FROM `nav_middle_level` WHERE `high_id` = 19  [ RunTime:0.0010s ]
SQL: SELECT * FROM `nav_middle_level` WHERE `is_recommend` = 1  [ RunTime:0.0000s ]
SQL: SHOW COLUMNS FROM `nav_datalist` [ RunTime:0.0050s ]
SQL: SELECT * FROM `nav_datalist` WHERE `middle_id` = 17  [ RunTime:0.0010s ]
SQL: SELECT * FROM `nav_datalist` WHERE `middle_id` = 22  [ RunTime:0.0000s ]
SQL: SHOW COLUMNS FROM `nav_hot` [ RunTime:0.0050s ]
SQL: SELECT * FROM `nav_hot` ORDER BY sort  [ RunTime:0.0010s ]
SQL: SELECT * FROM `nav_hot` ORDER BY sort  [ RunTime:0.0000s ]
SQL: SELECT * FROM `nav_high_level` WHERE `is_display` = 1 AND `layout` = 'bottom' ORDER BY id asc  [ RunTime:0.0010s ]
SQL: SELECT * FROM `nav_datalist` WHERE `high_id` = 16 AND `is_recommend` = 1  [ RunTime:0.0000s ]
INFO: [ view_parse ] --START--
INFO: [ template_filter ] --START--
INFO: Run Behavior\ContentReplaceBehavior [ RunTime:0.000000s ]
INFO: [ template_filter ] --END-- [ RunTime:0.000000s ]
SQL: SELECT `middle_name` FROM `nav_middle_level` WHERE `id` = 17 LIMIT 1   [ RunTime:0.0010s ]
SQL: SELECT `middle_name` FROM `nav_middle_level` WHERE `id` = 22 LIMIT 1   [ RunTime:0.0010s ]
INFO: Run Behavior\ParseTemplateBehavior [ RunTime:0.023001s ]
INFO: [ view_parse ] --END-- [ RunTime:0.023001s ]
INFO: [ view_filter ] --START--
INFO: Run Behavior\WriteHtmlCacheBehavior [ RunTime:0.001000s ]
INFO: [ view_filter ] --END-- [ RunTime:0.001000s ]
INFO: [ app_end ] --START--
INFO: Run Behavior\ShowPageTraceBehavior [ RunTime:0.001000s ]
INFO: [ app_end ] --END-- [ RunTime:0.001000s ]

[ 2016-07-21T09:39:31+08:00 ] ::1 /MR_navigation/index.php
INFO: [ app_init ] --START--
INFO: Run Behavior\BuildLiteBehavior [ RunTime:0.000000s ]
INFO: [ app_init ] --END-- [ RunTime:0.001000s ]
INFO: [ app_begin ] --START--
INFO: Run Behavior\ReadHtmlCacheBehavior [ RunTime:0.001000s ]
INFO: [ app_begin ] --END-- [ RunTime:0.001000s ]
SQL: SHOW COLUMNS FROM `nav_high_level` [ RunTime:0.0040s ]
SQL: SELECT * FROM `nav_high_level` WHERE `is_display` = 1 AND `layout` = 'left' ORDER BY sort asc  [ RunTime:0.0000s ]
SQL: SHOW COLUMNS FROM `nav_middle_level` [ RunTime:0.0050s ]
SQL: SELECT * FROM `nav_middle_level` WHERE `high_id` = 13  [ RunTime:0.0010s ]
SQL: SELECT * FROM `nav_middle_level` WHERE `high_id` = 15  [ RunTime:0.0010s ]
SQL: SELECT * FROM `nav_middle_level` WHERE `high_id` = 12  [ RunTime:0.0000s ]
SQL: SELECT * FROM `nav_middle_level` WHERE `high_id` = 18  [ RunTime:0.0010s ]
SQL: SELECT * FROM `nav_middle_level` WHERE `high_id` = 19  [ RunTime:0.0000s ]
SQL: SELECT * FROM `nav_middle_level` WHERE `is_recommend` = 1  [ RunTime:0.0010s ]
SQL: SHOW COLUMNS FROM `nav_datalist` [ RunTime:0.0040s ]
SQL: SELECT * FROM `nav_datalist` WHERE `middle_id` = 17  [ RunTime:0.0000s ]
SQL: SELECT * FROM `nav_datalist` WHERE `middle_id` = 22  [ RunTime:0.0010s ]
SQL: SHOW COLUMNS FROM `nav_hot` [ RunTime:0.0050s ]
SQL: SELECT * FROM `nav_hot` ORDER BY sort  [ RunTime:0.0010s ]
SQL: SELECT * FROM `nav_hot` ORDER BY sort  [ RunTime:0.0010s ]
SQL: SELECT * FROM `nav_high_level` WHERE `is_display` = 1 AND `layout` = 'bottom' ORDER BY id asc  [ RunTime:0.0000s ]
SQL: SELECT * FROM `nav_datalist` WHERE `high_id` = 16 AND `is_recommend` = 1  [ RunTime:0.0010s ]
INFO: [ view_parse ] --START--
INFO: [ template_filter ] --START--
INFO: Run Behavior\ContentReplaceBehavior [ RunTime:0.000000s ]
INFO: [ template_filter ] --END-- [ RunTime:0.000000s ]
SQL: SELECT `middle_name` FROM `nav_middle_level` WHERE `id` = 17 LIMIT 1   [ RunTime:0.0000s ]
SQL: SELECT `middle_name` FROM `nav_middle_level` WHERE `id` = 22 LIMIT 1   [ RunTime:0.0000s ]
INFO: Run Behavior\ParseTemplateBehavior [ RunTime:0.021001s ]
INFO: [ view_parse ] --END-- [ RunTime:0.021001s ]
INFO: [ view_filter ] --START--
INFO: Run Behavior\WriteHtmlCacheBehavior [ RunTime:0.000000s ]
INFO: [ view_filter ] --END-- [ RunTime:0.001001s ]
INFO: [ app_end ] --START--
INFO: Run Behavior\ShowPageTraceBehavior [ RunTime:0.000000s ]
INFO: [ app_end ] --END-- [ RunTime:0.000000s ]

[ 2016-07-21T09:41:05+08:00 ] ::1 /MR_navigation/index.php
INFO: [ app_init ] --START--
INFO: Run Behavior\BuildLiteBehavior [ RunTime:0.000000s ]
INFO: [ app_init ] --END-- [ RunTime:0.001000s ]
INFO: [ app_begin ] --START--
INFO: Run Behavior\ReadHtmlCacheBehavior [ RunTime:0.001000s ]
INFO: [ app_begin ] --END-- [ RunTime:0.001000s ]
SQL: SHOW COLUMNS FROM `nav_high_level` [ RunTime:0.0060s ]
SQL: SELECT * FROM `nav_high_level` WHERE `is_display` = 1 AND `layout` = 'left' ORDER BY sort asc  [ RunTime:0.0000s ]
SQL: SHOW COLUMNS FROM `nav_middle_level` [ RunTime:0.0050s ]
SQL: SELECT * FROM `nav_middle_level` WHERE `high_id` = 13  [ RunTime:0.0000s ]
SQL: SELECT * FROM `nav_middle_level` WHERE `high_id` = 15  [ RunTime:0.0010s ]
SQL: SELECT * FROM `nav_middle_level` WHERE `high_id` = 12  [ RunTime:0.0000s ]
SQL: SELECT * FROM `nav_middle_level` WHERE `high_id` = 18  [ RunTime:0.0000s ]
SQL: SELECT * FROM `nav_middle_level` WHERE `high_id` = 19  [ RunTime:0.0010s ]
SQL: SELECT * FROM `nav_middle_level` WHERE `is_recommend` = 1  [ RunTime:0.0000s ]
SQL: SHOW COLUMNS FROM `nav_datalist` [ RunTime:0.0060s ]
SQL: SELECT * FROM `nav_datalist` WHERE `middle_id` = 17  [ RunTime:0.0000s ]
SQL: SELECT * FROM `nav_datalist` WHERE `middle_id` = 22  [ RunTime:0.0010s ]
SQL: SHOW COLUMNS FROM `nav_hot` [ RunTime:0.0040s ]
SQL: SELECT * FROM `nav_hot` ORDER BY sort  [ RunTime:0.0000s ]
SQL: SELECT * FROM `nav_hot` ORDER BY sort  [ RunTime:0.0000s ]
SQL: SELECT * FROM `nav_high_level` WHERE `is_display` = 1 AND `layout` = 'bottom' ORDER BY id asc  [ RunTime:0.0010s ]
SQL: SELECT * FROM `nav_datalist` WHERE `high_id` = 16 AND `is_recommend` = 1  [ RunTime:0.0000s ]
INFO: [ view_parse ] --START--
INFO: [ template_filter ] --START--
INFO: Run Behavior\ContentReplaceBehavior [ RunTime:0.000000s ]
INFO: [ template_filter ] --END-- [ RunTime:0.000000s ]
SQL: SELECT `middle_name` FROM `nav_middle_level` WHERE `id` = 17 LIMIT 1   [ RunTime:0.0000s ]
SQL: SELECT `middle_name` FROM `nav_middle_level` WHERE `id` = 22 LIMIT 1   [ RunTime:0.0010s ]
INFO: Run Behavior\ParseTemplateBehavior [ RunTime:0.019001s ]
INFO: [ view_parse ] --END-- [ RunTime:0.019001s ]
INFO: [ view_filter ] --START--
INFO: Run Behavior\WriteHtmlCacheBehavior [ RunTime:0.000000s ]
INFO: [ view_filter ] --END-- [ RunTime:0.000000s ]
INFO: [ app_end ] --START--
INFO: Run Behavior\ShowPageTraceBehavior [ RunTime:0.000000s ]
INFO: [ app_end ] --END-- [ RunTime:0.000000s ]

[ 2016-07-21T09:43:27+08:00 ] ::1 /MR_navigation/index.php
INFO: [ app_init ] --START--
INFO: Run Behavior\BuildLiteBehavior [ RunTime:0.000000s ]
INFO: [ app_init ] --END-- [ RunTime:0.001000s ]
INFO: [ app_begin ] --START--
INFO: Run Behavior\ReadHtmlCacheBehavior [ RunTime:0.001000s ]
INFO: [ app_begin ] --END-- [ RunTime:0.001000s ]
SQL: SHOW COLUMNS FROM `nav_high_level` [ RunTime:0.0050s ]
SQL: SELECT * FROM `nav_high_level` WHERE `is_display` = 1 AND `layout` = 'left' ORDER BY sort asc  [ RunTime:0.0010s ]
SQL: SHOW COLUMNS FROM `nav_middle_level` [ RunTime:0.0040s ]
SQL: SELECT * FROM `nav_middle_level` WHERE `high_id` = 13  [ RunTime:0.0000s ]
SQL: SELECT * FROM `nav_middle_level` WHERE `high_id` = 15  [ RunTime:0.0000s ]
SQL: SELECT * FROM `nav_middle_level` WHERE `high_id` = 12  [ RunTime:0.0000s ]
SQL: SELECT * FROM `nav_middle_level` WHERE `high_id` = 18  [ RunTime:0.0010s ]
SQL: SELECT * FROM `nav_middle_level` WHERE `high_id` = 19  [ RunTime:0.0000s ]
SQL: SELECT * FROM `nav_middle_level` WHERE `is_recommend` = 1  [ RunTime:0.0000s ]
SQL: SHOW COLUMNS FROM `nav_datalist` [ RunTime:0.0040s ]
SQL: SELECT * FROM `nav_datalist` WHERE `middle_id` = 17  [ RunTime:0.0010s ]
SQL: SELECT * FROM `nav_datalist` WHERE `middle_id` = 22  [ RunTime:0.0010s ]
SQL: SHOW COLUMNS FROM `nav_hot` [ RunTime:0.0040s ]
SQL: SELECT * FROM `nav_hot` ORDER BY sort  [ RunTime:0.0010s ]
SQL: SELECT * FROM `nav_hot` ORDER BY sort  [ RunTime:0.0010s ]
SQL: SELECT * FROM `nav_high_level` WHERE `is_display` = 1 AND `layout` = 'bottom' ORDER BY id asc  [ RunTime:0.0000s ]
SQL: SELECT * FROM `nav_datalist` WHERE `high_id` = 16 AND `is_recommend` = 1  [ RunTime:0.0000s ]
INFO: [ view_parse ] --START--
INFO: [ template_filter ] --START--
INFO: Run Behavior\ContentReplaceBehavior [ RunTime:0.000000s ]
INFO: [ template_filter ] --END-- [ RunTime:0.000000s ]
SQL: SELECT `middle_name` FROM `nav_middle_level` WHERE `id` = 17 LIMIT 1   [ RunTime:0.0000s ]
SQL: SELECT `middle_name` FROM `nav_middle_level` WHERE `id` = 22 LIMIT 1   [ RunTime:0.0010s ]
INFO: Run Behavior\ParseTemplateBehavior [ RunTime:0.025002s ]
INFO: [ view_parse ] --END-- [ RunTime:0.025002s ]
INFO: [ view_filter ] --START--
INFO: Run Behavior\WriteHtmlCacheBehavior [ RunTime:0.001000s ]
INFO: [ view_filter ] --END-- [ RunTime:0.001000s ]
INFO: [ app_end ] --START--
INFO: Run Behavior\ShowPageTraceBehavior [ RunTime:0.001000s ]
INFO: [ app_end ] --END-- [ RunTime:0.001000s ]

[ 2016-07-21T10:46:21+08:00 ] ::1 /MR_navigation/index.php
INFO: [ app_init ] --START--
INFO: Run Behavior\BuildLiteBehavior [ RunTime:0.000000s ]
INFO: [ app_init ] --END-- [ RunTime:0.001000s ]
INFO: [ app_begin ] --START--
INFO: Run Behavior\ReadHtmlCacheBehavior [ RunTime:0.002001s ]
INFO: [ app_begin ] --END-- [ RunTime:0.002001s ]
SQL: SHOW COLUMNS FROM `nav_high_level` [ RunTime:0.0040s ]
SQL: SELECT * FROM `nav_high_level` WHERE `is_display` = 1 AND `layout` = 'left' ORDER BY sort asc  [ RunTime:0.0010s ]
SQL: SHOW COLUMNS FROM `nav_middle_level` [ RunTime:0.0040s ]
SQL: SELECT * FROM `nav_middle_level` WHERE `high_id` = 13  [ RunTime:0.0020s ]
SQL: SELECT * FROM `nav_middle_level` WHERE `high_id` = 15  [ RunTime:0.0000s ]
SQL: SELECT * FROM `nav_middle_level` WHERE `high_id` = 12  [ RunTime:0.0010s ]
SQL: SELECT * FROM `nav_middle_level` WHERE `high_id` = 18  [ RunTime:0.0010s ]
SQL: SELECT * FROM `nav_middle_level` WHERE `high_id` = 19  [ RunTime:0.0000s ]
SQL: SELECT * FROM `nav_middle_level` WHERE `is_recommend` = 1  [ RunTime:0.0000s ]
SQL: SHOW COLUMNS FROM `nav_datalist` [ RunTime:0.0040s ]
SQL: SELECT * FROM `nav_datalist` WHERE `middle_id` = 17  [ RunTime:0.0000s ]
SQL: SELECT * FROM `nav_datalist` WHERE `middle_id` = 22  [ RunTime:0.0000s ]
SQL: SHOW COLUMNS FROM `nav_hot` [ RunTime:0.0060s ]
SQL: SELECT * FROM `nav_hot` ORDER BY sort  [ RunTime:0.0010s ]
SQL: SELECT * FROM `nav_hot` ORDER BY sort  [ RunTime:0.0010s ]
SQL: SELECT * FROM `nav_high_level` WHERE `is_display` = 1 AND `layout` = 'bottom' ORDER BY id asc  [ RunTime:0.0010s ]
SQL: SELECT * FROM `nav_datalist` WHERE `high_id` = 16 AND `is_recommend` = 1  [ RunTime:0.0010s ]
INFO: [ view_parse ] --START--
INFO: [ template_filter ] --START--
INFO: Run Behavior\ContentReplaceBehavior [ RunTime:0.000000s ]
INFO: [ template_filter ] --END-- [ RunTime:0.000000s ]
SQL: SELECT `middle_name` FROM `nav_middle_level` WHERE `id` = 17 LIMIT 1   [ RunTime:0.0010s ]
SQL: SELECT `middle_name` FROM `nav_middle_level` WHERE `id` = 22 LIMIT 1   [ RunTime:0.0000s ]
INFO: Run Behavior\ParseTemplateBehavior [ RunTime:0.022001s ]
INFO: [ view_parse ] --END-- [ RunTime:0.022001s ]
INFO: [ view_filter ] --START--
INFO: Run Behavior\WriteHtmlCacheBehavior [ RunTime:0.001000s ]
INFO: [ view_filter ] --END-- [ RunTime:0.001000s ]
INFO: [ app_end ] --START--
INFO: Run Behavior\ShowPageTraceBehavior [ RunTime:0.001000s ]
INFO: [ app_end ] --END-- [ RunTime:0.001000s ]

[ 2016-07-21T10:49:14+08:00 ] ::1 /MR_navigation/index.php
INFO: [ app_init ] --START--
INFO: Run Behavior\BuildLiteBehavior [ RunTime:0.000000s ]
INFO: [ app_init ] --END-- [ RunTime:0.000000s ]
INFO: [ app_begin ] --START--
INFO: Run Behavior\ReadHtmlCacheBehavior [ RunTime:0.001000s ]
INFO: [ app_begin ] --END-- [ RunTime:0.001000s ]
SQL: SHOW COLUMNS FROM `nav_high_level` [ RunTime:0.0040s ]
SQL: SELECT * FROM `nav_high_level` WHERE `is_display` = 1 AND `layout` = 'left' ORDER BY sort asc  [ RunTime:0.0010s ]
SQL: SHOW COLUMNS FROM `nav_middle_level` [ RunTime:0.0060s ]
SQL: SELECT * FROM `nav_middle_level` WHERE `high_id` = 13  [ RunTime:0.0000s ]
SQL: SELECT * FROM `nav_middle_level` WHERE `high_id` = 15  [ RunTime:0.0010s ]
SQL: SELECT * FROM `nav_middle_level` WHERE `high_id` = 12  [ RunTime:0.0000s ]
SQL: SELECT * FROM `nav_middle_level` WHERE `high_id` = 18  [ RunTime:0.0010s ]
SQL: SELECT * FROM `nav_middle_level` WHERE `high_id` = 19  [ RunTime:0.0000s ]
SQL: SELECT * FROM `nav_middle_level` WHERE `is_recommend` = 1  [ RunTime:0.0000s ]
SQL: SHOW COLUMNS FROM `nav_datalist` [ RunTime:0.0040s ]
SQL: SELECT * FROM `nav_datalist` WHERE `middle_id` = 17  [ RunTime:0.0000s ]
SQL: SELECT * FROM `nav_datalist` WHERE `middle_id` = 22  [ RunTime:0.0000s ]
SQL: SHOW COLUMNS FROM `nav_hot` [ RunTime:0.0040s ]
SQL: SELECT * FROM `nav_hot` ORDER BY sort  [ RunTime:0.0010s ]
SQL: SELECT * FROM `nav_hot` ORDER BY sort  [ RunTime:0.0010s ]
SQL: SELECT * FROM `nav_high_level` WHERE `is_display` = 1 AND `layout` = 'bottom' ORDER BY id asc  [ RunTime:0.0000s ]
SQL: SELECT * FROM `nav_datalist` WHERE `high_id` = 16 AND `is_recommend` = 1  [ RunTime:0.0000s ]
INFO: [ view_parse ] --START--
INFO: [ template_filter ] --START--
INFO: Run Behavior\ContentReplaceBehavior [ RunTime:0.000000s ]
INFO: [ template_filter ] --END-- [ RunTime:0.000000s ]
SQL: SELECT `middle_name` FROM `nav_middle_level` WHERE `id` = 17 LIMIT 1   [ RunTime:0.0000s ]
SQL: SELECT `middle_name` FROM `nav_middle_level` WHERE `id` = 22 LIMIT 1   [ RunTime:0.0000s ]
INFO: Run Behavior\ParseTemplateBehavior [ RunTime:0.020002s ]
INFO: [ view_parse ] --END-- [ RunTime:0.020002s ]
INFO: [ view_filter ] --START--
INFO: Run Behavior\WriteHtmlCacheBehavior [ RunTime:0.001000s ]
INFO: [ view_filter ] --END-- [ RunTime:0.001000s ]
INFO: [ app_end ] --START--
INFO: Run Behavior\ShowPageTraceBehavior [ RunTime:0.001000s ]
INFO: [ app_end ] --END-- [ RunTime:0.001000s ]

[ 2016-07-21T10:57:21+08:00 ] ::1 /MR_navigation/index.php
INFO: [ app_init ] --START--
INFO: Run Behavior\BuildLiteBehavior [ RunTime:0.000000s ]
INFO: [ app_init ] --END-- [ RunTime:0.001000s ]
INFO: [ app_begin ] --START--
INFO: Run Behavior\ReadHtmlCacheBehavior [ RunTime:0.001000s ]
INFO: [ app_begin ] --END-- [ RunTime:0.002000s ]
SQL: SHOW COLUMNS FROM `nav_high_level` [ RunTime:0.0040s ]
SQL: SELECT * FROM `nav_high_level` WHERE `is_display` = 1 AND `layout` = 'left' ORDER BY sort asc  [ RunTime:0.0010s ]
SQL: SHOW COLUMNS FROM `nav_middle_level` [ RunTime:0.0050s ]
SQL: SELECT * FROM `nav_middle_level` WHERE `high_id` = 13  [ RunTime:0.0000s ]
SQL: SELECT * FROM `nav_middle_level` WHERE `high_id` = 15  [ RunTime:0.0010s ]
SQL: SELECT * FROM `nav_middle_level` WHERE `high_id` = 12  [ RunTime:0.0010s ]
SQL: SELECT * FROM `nav_middle_level` WHERE `high_id` = 18  [ RunTime:0.0010s ]
SQL: SELECT * FROM `nav_middle_level` WHERE `high_id` = 19  [ RunTime:0.0010s ]
SQL: SELECT * FROM `nav_middle_level` WHERE `is_recommend` = 1  [ RunTime:0.0000s ]
SQL: SHOW COLUMNS FROM `nav_datalist` [ RunTime:0.0040s ]
SQL: SELECT * FROM `nav_datalist` WHERE `middle_id` = 17  [ RunTime:0.0000s ]
SQL: SELECT * FROM `nav_datalist` WHERE `middle_id` = 22  [ RunTime:0.0010s ]
SQL: SHOW COLUMNS FROM `nav_hot` [ RunTime:0.0040s ]
SQL: SELECT * FROM `nav_hot` ORDER BY sort  [ RunTime:0.0000s ]
SQL: SELECT * FROM `nav_hot` ORDER BY sort  [ RunTime:0.0000s ]
SQL: SELECT * FROM `nav_high_level` WHERE `is_display` = 1 AND `layout` = 'bottom' ORDER BY id asc  [ RunTime:0.0000s ]
SQL: SELECT * FROM `nav_datalist` WHERE `high_id` = 16 AND `is_recommend` = 1  [ RunTime:0.0010s ]
INFO: [ view_parse ] --START--
INFO: [ template_filter ] --START--
INFO: Run Behavior\ContentReplaceBehavior [ RunTime:0.000000s ]
INFO: [ template_filter ] --END-- [ RunTime:0.001000s ]
SQL: SELECT `middle_name` FROM `nav_middle_level` WHERE `id` = 17 LIMIT 1   [ RunTime:0.0010s ]
SQL: SELECT `middle_name` FROM `nav_middle_level` WHERE `id` = 22 LIMIT 1   [ RunTime:0.0000s ]
INFO: Run Behavior\ParseTemplateBehavior [ RunTime:0.022001s ]
INFO: [ view_parse ] --END-- [ RunTime:0.022001s ]
INFO: [ view_filter ] --START--
INFO: Run Behavior\WriteHtmlCacheBehavior [ RunTime:0.001000s ]
INFO: [ view_filter ] --END-- [ RunTime:0.001000s ]
INFO: [ app_end ] --START--
INFO: Run Behavior\ShowPageTraceBehavior [ RunTime:0.001000s ]
INFO: [ app_end ] --END-- [ RunTime:0.002001s ]

[ 2016-07-21T11:06:34+08:00 ] ::1 /MR_navigation/index.php
INFO: [ app_init ] --START--
INFO: Run Behavior\BuildLiteBehavior [ RunTime:0.000000s ]
INFO: [ app_init ] --END-- [ RunTime:0.001000s ]
INFO: [ app_begin ] --START--
INFO: Run Behavior\ReadHtmlCacheBehavior [ RunTime:0.001000s ]
INFO: [ app_begin ] --END-- [ RunTime:0.001000s ]
SQL: SHOW COLUMNS FROM `nav_high_level` [ RunTime:0.0040s ]
SQL: SELECT * FROM `nav_high_level` WHERE `is_display` = 1 AND `layout` = 'left' ORDER BY sort asc  [ RunTime:0.0020s ]
SQL: SHOW COLUMNS FROM `nav_middle_level` [ RunTime:0.0060s ]
SQL: SELECT * FROM `nav_middle_level` WHERE `high_id` = 13  [ RunTime:0.0010s ]
SQL: SELECT * FROM `nav_middle_level` WHERE `high_id` = 15  [ RunTime:0.0000s ]
SQL: SELECT * FROM `nav_middle_level` WHERE `high_id` = 12  [ RunTime:0.0010s ]
SQL: SELECT * FROM `nav_middle_level` WHERE `high_id` = 18  [ RunTime:0.0000s ]
SQL: SELECT * FROM `nav_middle_level` WHERE `high_id` = 19  [ RunTime:0.0010s ]
SQL: SELECT * FROM `nav_middle_level` WHERE `is_recommend` = 1  [ RunTime:0.0000s ]
SQL: SHOW COLUMNS FROM `nav_datalist` [ RunTime:0.0050s ]
SQL: SELECT * FROM `nav_datalist` WHERE `middle_id` = 17  [ RunTime:0.0010s ]
SQL: SELECT * FROM `nav_datalist` WHERE `middle_id` = 22  [ RunTime:0.0000s ]
SQL: SHOW COLUMNS FROM `nav_hot` [ RunTime:0.0040s ]
SQL: SELECT * FROM `nav_hot` ORDER BY sort  [ RunTime:0.0000s ]
SQL: SELECT * FROM `nav_hot` ORDER BY sort  [ RunTime:0.0010s ]
SQL: SELECT * FROM `nav_high_level` WHERE `is_display` = 1 AND `layout` = 'bottom' ORDER BY id asc  [ RunTime:0.0000s ]
SQL: SELECT * FROM `nav_datalist` WHERE `high_id` = 16 AND `is_recommend` = 1  [ RunTime:0.0000s ]
INFO: [ view_parse ] --START--
INFO: [ template_filter ] --START--
INFO: Run Behavior\ContentReplaceBehavior [ RunTime:0.000000s ]
INFO: [ template_filter ] --END-- [ RunTime:0.000000s ]
SQL: SELECT `middle_name` FROM `nav_middle_level` WHERE `id` = 17 LIMIT 1   [ RunTime:0.0000s ]
SQL: SELECT `middle_name` FROM `nav_middle_level` WHERE `id` = 22 LIMIT 1   [ RunTime:0.0000s ]
INFO: Run Behavior\ParseTemplateBehavior [ RunTime:0.022001s ]
INFO: [ view_parse ] --END-- [ RunTime:0.022001s ]
INFO: [ view_filter ] --START--
INFO: Run Behavior\WriteHtmlCacheBehavior [ RunTime:0.000000s ]
INFO: [ view_filter ] --END-- [ RunTime:0.000000s ]
INFO: [ app_end ] --START--
INFO: Run Behavior\ShowPageTraceBehavior [ RunTime:0.000000s ]
INFO: [ app_end ] --END-- [ RunTime:0.000000s ]

[ 2016-07-21T11:08:08+08:00 ] ::1 /MR_navigation/index.php
INFO: [ app_init ] --START--
INFO: Run Behavior\BuildLiteBehavior [ RunTime:0.000000s ]
INFO: [ app_init ] --END-- [ RunTime:0.001000s ]
INFO: [ app_begin ] --START--
INFO: Run Behavior\ReadHtmlCacheBehavior [ RunTime:0.001000s ]
INFO: [ app_begin ] --END-- [ RunTime:0.002001s ]
SQL: SHOW COLUMNS FROM `nav_high_level` [ RunTime:0.0040s ]
SQL: SELECT * FROM `nav_high_level` WHERE `is_display` = 1 AND `layout` = 'left' ORDER BY sort asc  [ RunTime:0.0000s ]
SQL: SHOW COLUMNS FROM `nav_middle_level` [ RunTime:0.0040s ]
SQL: SELECT * FROM `nav_middle_level` WHERE `high_id` = 13  [ RunTime:0.0010s ]
SQL: SELECT * FROM `nav_middle_level` WHERE `high_id` = 15  [ RunTime:0.0010s ]
SQL: SELECT * FROM `nav_middle_level` WHERE `high_id` = 12  [ RunTime:0.0000s ]
SQL: SELECT * FROM `nav_middle_level` WHERE `high_id` = 18  [ RunTime:0.0010s ]
SQL: SELECT * FROM `nav_middle_level` WHERE `high_id` = 19  [ RunTime:0.0000s ]
SQL: SELECT * FROM `nav_middle_level` WHERE `is_recommend` = 1  [ RunTime:0.0010s ]
SQL: SHOW COLUMNS FROM `nav_datalist` [ RunTime:0.0050s ]
SQL: SELECT * FROM `nav_datalist` WHERE `middle_id` = 17  [ RunTime:0.0000s ]
SQL: SELECT * FROM `nav_datalist` WHERE `middle_id` = 22  [ RunTime:0.0000s ]
SQL: SHOW COLUMNS FROM `nav_hot` [ RunTime:0.0050s ]
SQL: SELECT * FROM `nav_hot` ORDER BY sort  [ RunTime:0.0010s ]
SQL: SELECT * FROM `nav_hot` ORDER BY sort  [ RunTime:0.0000s ]
SQL: SELECT * FROM `nav_high_level` WHERE `is_display` = 1 AND `layout` = 'bottom' ORDER BY id asc  [ RunTime:0.0010s ]
SQL: SELECT * FROM `nav_datalist` WHERE `high_id` = 16 AND `is_recommend` = 1  [ RunTime:0.0010s ]
INFO: [ view_parse ] --START--
INFO: [ template_filter ] --START--
INFO: Run Behavior\ContentReplaceBehavior [ RunTime:0.000000s ]
INFO: [ template_filter ] --END-- [ RunTime:0.000000s ]
SQL: SELECT `middle_name` FROM `nav_middle_level` WHERE `id` = 17 LIMIT 1   [ RunTime:0.0000s ]
SQL: SELECT `middle_name` FROM `nav_middle_level` WHERE `id` = 22 LIMIT 1   [ RunTime:0.0000s ]
INFO: Run Behavior\ParseTemplateBehavior [ RunTime:0.017001s ]
INFO: [ view_parse ] --END-- [ RunTime:0.018001s ]
INFO: [ view_filter ] --START--
INFO: Run Behavior\WriteHtmlCacheBehavior [ RunTime:0.001000s ]
INFO: [ view_filter ] --END-- [ RunTime:0.001000s ]
INFO: [ app_end ] --START--
INFO: Run Behavior\ShowPageTraceBehavior [ RunTime:0.001000s ]
INFO: [ app_end ] --END-- [ RunTime:0.001000s ]

[ 2016-07-21T11:08:52+08:00 ] ::1 /MR_navigation/index.php
INFO: [ app_init ] --START--
INFO: Run Behavior\BuildLiteBehavior [ RunTime:0.000000s ]
INFO: [ app_init ] --END-- [ RunTime:0.001000s ]
INFO: [ app_begin ] --START--
INFO: Run Behavior\ReadHtmlCacheBehavior [ RunTime:0.000000s ]
INFO: [ app_begin ] --END-- [ RunTime:0.001000s ]
SQL: SHOW COLUMNS FROM `nav_high_level` [ RunTime:0.0040s ]
SQL: SELECT * FROM `nav_high_level` WHERE `is_display` = 1 AND `layout` = 'left' ORDER BY sort asc  [ RunTime:0.0010s ]
SQL: SHOW COLUMNS FROM `nav_middle_level` [ RunTime:0.0030s ]
SQL: SELECT * FROM `nav_middle_level` WHERE `high_id` = 13  [ RunTime:0.0000s ]
SQL: SELECT * FROM `nav_middle_level` WHERE `high_id` = 15  [ RunTime:0.0000s ]
SQL: SELECT * FROM `nav_middle_level` WHERE `high_id` = 12  [ RunTime:0.0010s ]
SQL: SELECT * FROM `nav_middle_level` WHERE `high_id` = 18  [ RunTime:0.0000s ]
SQL: SELECT * FROM `nav_middle_level` WHERE `high_id` = 19  [ RunTime:0.0010s ]
SQL: SELECT * FROM `nav_middle_level` WHERE `is_recommend` = 1  [ RunTime:0.0000s ]
SQL: SHOW COLUMNS FROM `nav_datalist` [ RunTime:0.0040s ]
SQL: SELECT * FROM `nav_datalist` WHERE `middle_id` = 17  [ RunTime:0.0000s ]
SQL: SELECT * FROM `nav_datalist` WHERE `middle_id` = 22  [ RunTime:0.0000s ]
SQL: SHOW COLUMNS FROM `nav_hot` [ RunTime:0.0030s ]
SQL: SELECT * FROM `nav_hot` ORDER BY sort  [ RunTime:0.0010s ]
SQL: SELECT * FROM `nav_hot` ORDER BY sort  [ RunTime:0.0010s ]
SQL: SELECT * FROM `nav_high_level` WHERE `is_display` = 1 AND `layout` = 'bottom' ORDER BY id asc  [ RunTime:0.0000s ]
SQL: SELECT * FROM `nav_datalist` WHERE `high_id` = 16 AND `is_recommend` = 1  [ RunTime:0.0000s ]
INFO: [ view_parse ] --START--
INFO: [ template_filter ] --START--
INFO: Run Behavior\ContentReplaceBehavior [ RunTime:0.000000s ]
INFO: [ template_filter ] --END-- [ RunTime:0.000000s ]
SQL: SELECT `middle_name` FROM `nav_middle_level` WHERE `id` = 17 LIMIT 1   [ RunTime:0.0000s ]
SQL: SELECT `middle_name` FROM `nav_middle_level` WHERE `id` = 22 LIMIT 1   [ RunTime:0.0000s ]
INFO: Run Behavior\ParseTemplateBehavior [ RunTime:0.020001s ]
INFO: [ view_parse ] --END-- [ RunTime:0.020001s ]
INFO: [ view_filter ] --START--
INFO: Run Behavior\WriteHtmlCacheBehavior [ RunTime:0.001000s ]
INFO: [ view_filter ] --END-- [ RunTime:0.001000s ]
INFO: [ app_end ] --START--
INFO: Run Behavior\ShowPageTraceBehavior [ RunTime:0.001000s ]
INFO: [ app_end ] --END-- [ RunTime:0.001000s ]

[ 2016-07-21T11:09:42+08:00 ] ::1 /MR_navigation/index.php
INFO: [ app_init ] --START--
INFO: Run Behavior\BuildLiteBehavior [ RunTime:0.000000s ]
INFO: [ app_init ] --END-- [ RunTime:0.001000s ]
INFO: [ app_begin ] --START--
INFO: Run Behavior\ReadHtmlCacheBehavior [ RunTime:0.001000s ]
INFO: [ app_begin ] --END-- [ RunTime:0.001000s ]
SQL: SHOW COLUMNS FROM `nav_high_level` [ RunTime:0.0040s ]
SQL: SELECT * FROM `nav_high_level` WHERE `is_display` = 1 AND `layout` = 'left' ORDER BY sort asc  [ RunTime:0.0000s ]
SQL: SHOW COLUMNS FROM `nav_middle_level` [ RunTime:0.0050s ]
SQL: SELECT * FROM `nav_middle_level` WHERE `high_id` = 13  [ RunTime:0.0010s ]
SQL: SELECT * FROM `nav_middle_level` WHERE `high_id` = 15  [ RunTime:0.0000s ]
SQL: SELECT * FROM `nav_middle_level` WHERE `high_id` = 12  [ RunTime:0.0000s ]
SQL: SELECT * FROM `nav_middle_level` WHERE `high_id` = 18  [ RunTime:0.0000s ]
SQL: SELECT * FROM `nav_middle_level` WHERE `high_id` = 19  [ RunTime:0.0000s ]
SQL: SELECT * FROM `nav_middle_level` WHERE `is_recommend` = 1  [ RunTime:0.0000s ]
SQL: SHOW COLUMNS FROM `nav_datalist` [ RunTime:0.0040s ]
SQL: SELECT * FROM `nav_datalist` WHERE `middle_id` = 17  [ RunTime:0.0010s ]
SQL: SELECT * FROM `nav_datalist` WHERE `middle_id` = 22  [ RunTime:0.0000s ]
SQL: SHOW COLUMNS FROM `nav_hot` [ RunTime:0.0050s ]
SQL: SELECT * FROM `nav_hot` ORDER BY sort  [ RunTime:0.0010s ]
SQL: SELECT * FROM `nav_hot` ORDER BY sort  [ RunTime:0.0010s ]
SQL: SELECT * FROM `nav_high_level` WHERE `is_display` = 1 AND `layout` = 'bottom' ORDER BY id asc  [ RunTime:0.0000s ]
SQL: SELECT * FROM `nav_datalist` WHERE `high_id` = 16 AND `is_recommend` = 1  [ RunTime:0.0010s ]
INFO: [ view_parse ] --START--
INFO: [ template_filter ] --START--
INFO: Run Behavior\ContentReplaceBehavior [ RunTime:0.001001s ]
INFO: [ template_filter ] --END-- [ RunTime:0.001001s ]
SQL: SELECT `middle_name` FROM `nav_middle_level` WHERE `id` = 17 LIMIT 1   [ RunTime:0.0000s ]
SQL: SELECT `middle_name` FROM `nav_middle_level` WHERE `id` = 22 LIMIT 1   [ RunTime:0.0000s ]
INFO: Run Behavior\ParseTemplateBehavior [ RunTime:0.017001s ]
INFO: [ view_parse ] --END-- [ RunTime:0.017001s ]
INFO: [ view_filter ] --START--
INFO: Run Behavior\WriteHtmlCacheBehavior [ RunTime:0.001000s ]
INFO: [ view_filter ] --END-- [ RunTime:0.001000s ]
INFO: [ app_end ] --START--
INFO: Run Behavior\ShowPageTraceBehavior [ RunTime:0.001000s ]
INFO: [ app_end ] --END-- [ RunTime:0.001000s ]

[ 2016-07-21T11:10:39+08:00 ] ::1 /MR_navigation/index.php
INFO: [ app_init ] --START--
INFO: Run Behavior\BuildLiteBehavior [ RunTime:0.001000s ]
INFO: [ app_init ] --END-- [ RunTime:0.002000s ]
INFO: [ app_begin ] --START--
INFO: Run Behavior\ReadHtmlCacheBehavior [ RunTime:0.000000s ]
INFO: [ app_begin ] --END-- [ RunTime:0.001001s ]
SQL: SHOW COLUMNS FROM `nav_high_level` [ RunTime:0.0040s ]
SQL: SELECT * FROM `nav_high_level` WHERE `is_display` = 1 AND `layout` = 'left' ORDER BY sort asc  [ RunTime:0.0000s ]
SQL: SHOW COLUMNS FROM `nav_middle_level` [ RunTime:0.0040s ]
SQL: SELECT * FROM `nav_middle_level` WHERE `high_id` = 13  [ RunTime:0.0010s ]
SQL: SELECT * FROM `nav_middle_level` WHERE `high_id` = 15  [ RunTime:0.0000s ]
SQL: SELECT * FROM `nav_middle_level` WHERE `high_id` = 12  [ RunTime:0.0000s ]
SQL: SELECT * FROM `nav_middle_level` WHERE `high_id` = 18  [ RunTime:0.0000s ]
SQL: SELECT * FROM `nav_middle_level` WHERE `high_id` = 19  [ RunTime:0.0000s ]
SQL: SELECT * FROM `nav_middle_level` WHERE `is_recommend` = 1  [ RunTime:0.0000s ]
SQL: SHOW COLUMNS FROM `nav_datalist` [ RunTime:0.0050s ]
SQL: SELECT * FROM `nav_datalist` WHERE `middle_id` = 17  [ RunTime:0.0000s ]
SQL: SELECT * FROM `nav_datalist` WHERE `middle_id` = 22  [ RunTime:0.0010s ]
SQL: SHOW COLUMNS FROM `nav_hot` [ RunTime:0.0040s ]
SQL: SELECT * FROM `nav_hot` ORDER BY sort  [ RunTime:0.0010s ]
SQL: SELECT * FROM `nav_hot` ORDER BY sort  [ RunTime:0.0000s ]
SQL: SELECT * FROM `nav_high_level` WHERE `is_display` = 1 AND `layout` = 'bottom' ORDER BY id asc  [ RunTime:0.0000s ]
SQL: SELECT * FROM `nav_datalist` WHERE `high_id` = 16 AND `is_recommend` = 1  [ RunTime:0.0000s ]
INFO: [ view_parse ] --START--
INFO: [ template_filter ] --START--
INFO: Run Behavior\ContentReplaceBehavior [ RunTime:0.000000s ]
INFO: [ template_filter ] --END-- [ RunTime:0.000000s ]
SQL: SELECT `middle_name` FROM `nav_middle_level` WHERE `id` = 17 LIMIT 1   [ RunTime:0.0000s ]
SQL: SELECT `middle_name` FROM `nav_middle_level` WHERE `id` = 22 LIMIT 1   [ RunTime:0.0010s ]
INFO: Run Behavior\ParseTemplateBehavior [ RunTime:0.018002s ]
INFO: [ view_parse ] --END-- [ RunTime:0.019002s ]
INFO: [ view_filter ] --START--
INFO: Run Behavior\WriteHtmlCacheBehavior [ RunTime:0.001000s ]
INFO: [ view_filter ] --END-- [ RunTime:0.001000s ]
INFO: [ app_end ] --START--
INFO: Run Behavior\ShowPageTraceBehavior [ RunTime:0.001000s ]
INFO: [ app_end ] --END-- [ RunTime:0.001000s ]

[ 2016-07-21T11:11:51+08:00 ] ::1 /MR_navigation/index.php
INFO: [ app_init ] --START--
INFO: Run Behavior\BuildLiteBehavior [ RunTime:0.000000s ]
INFO: [ app_init ] --END-- [ RunTime:0.000000s ]
INFO: [ app_begin ] --START--
INFO: Run Behavior\ReadHtmlCacheBehavior [ RunTime:0.001000s ]
INFO: [ app_begin ] --END-- [ RunTime:0.001000s ]
SQL: SHOW COLUMNS FROM `nav_high_level` [ RunTime:0.0050s ]
SQL: SELECT * FROM `nav_high_level` WHERE `is_display` = 1 AND `layout` = 'left' ORDER BY sort asc  [ RunTime:0.0000s ]
SQL: SHOW COLUMNS FROM `nav_middle_level` [ RunTime:0.0040s ]
SQL: SELECT * FROM `nav_middle_level` WHERE `high_id` = 13  [ RunTime:0.0010s ]
SQL: SELECT * FROM `nav_middle_level` WHERE `high_id` = 15  [ RunTime:0.0000s ]
SQL: SELECT * FROM `nav_middle_level` WHERE `high_id` = 12  [ RunTime:0.0010s ]
SQL: SELECT * FROM `nav_middle_level` WHERE `high_id` = 18  [ RunTime:0.0000s ]
SQL: SELECT * FROM `nav_middle_level` WHERE `high_id` = 19  [ RunTime:0.0000s ]
SQL: SELECT * FROM `nav_middle_level` WHERE `is_recommend` = 1  [ RunTime:0.0010s ]
SQL: SHOW COLUMNS FROM `nav_datalist` [ RunTime:0.0050s ]
SQL: SELECT * FROM `nav_datalist` WHERE `middle_id` = 17  [ RunTime:0.0000s ]
SQL: SELECT * FROM `nav_datalist` WHERE `middle_id` = 22  [ RunTime:0.0010s ]
SQL: SHOW COLUMNS FROM `nav_hot` [ RunTime:0.0040s ]
SQL: SELECT * FROM `nav_hot` ORDER BY sort  [ RunTime:0.0000s ]
SQL: SELECT * FROM `nav_hot` ORDER BY sort  [ RunTime:0.0000s ]
SQL: SELECT * FROM `nav_high_level` WHERE `is_display` = 1 AND `layout` = 'bottom' ORDER BY id asc  [ RunTime:0.0010s ]
SQL: SELECT * FROM `nav_datalist` WHERE `high_id` = 16 AND `is_recommend` = 1  [ RunTime:0.0000s ]
INFO: [ view_parse ] --START--
INFO: [ template_filter ] --START--
INFO: Run Behavior\ContentReplaceBehavior [ RunTime:0.001000s ]
INFO: [ template_filter ] --END-- [ RunTime:0.001000s ]
SQL: SELECT `middle_name` FROM `nav_middle_level` WHERE `id` = 17 LIMIT 1   [ RunTime:0.0010s ]
SQL: SELECT `middle_name` FROM `nav_middle_level` WHERE `id` = 22 LIMIT 1   [ RunTime:0.0010s ]
INFO: Run Behavior\ParseTemplateBehavior [ RunTime:0.019002s ]
INFO: [ view_parse ] --END-- [ RunTime:0.019002s ]
INFO: [ view_filter ] --START--
INFO: Run Behavior\WriteHtmlCacheBehavior [ RunTime:0.001000s ]
INFO: [ view_filter ] --END-- [ RunTime:0.001000s ]
INFO: [ app_end ] --START--
INFO: Run Behavior\ShowPageTraceBehavior [ RunTime:0.001000s ]
INFO: [ app_end ] --END-- [ RunTime:0.001000s ]

[ 2016-07-21T11:15:07+08:00 ] ::1 /MR_navigation/index.php
INFO: [ app_init ] --START--
INFO: Run Behavior\BuildLiteBehavior [ RunTime:0.000000s ]
INFO: [ app_init ] --END-- [ RunTime:0.001000s ]
INFO: [ app_begin ] --START--
INFO: Run Behavior\ReadHtmlCacheBehavior [ RunTime:0.001000s ]
INFO: [ app_begin ] --END-- [ RunTime:0.001000s ]
SQL: SHOW COLUMNS FROM `nav_high_level` [ RunTime:0.0080s ]
SQL: SELECT * FROM `nav_high_level` WHERE `is_display` = 1 AND `layout` = 'left' ORDER BY sort asc  [ RunTime:0.0000s ]
SQL: SHOW COLUMNS FROM `nav_middle_level` [ RunTime:0.0050s ]
SQL: SELECT * FROM `nav_middle_level` WHERE `high_id` = 13  [ RunTime:0.0010s ]
SQL: SELECT * FROM `nav_middle_level` WHERE `high_id` = 15  [ RunTime:0.0000s ]
SQL: SELECT * FROM `nav_middle_level` WHERE `high_id` = 12  [ RunTime:0.0000s ]
SQL: SELECT * FROM `nav_middle_level` WHERE `high_id` = 18  [ RunTime:0.0000s ]
SQL: SELECT * FROM `nav_middle_level` WHERE `high_id` = 19  [ RunTime:0.0010s ]
SQL: SELECT * FROM `nav_middle_level` WHERE `is_recommend` = 1  [ RunTime:0.0000s ]
SQL: SHOW COLUMNS FROM `nav_datalist` [ RunTime:0.0050s ]
SQL: SELECT * FROM `nav_datalist` WHERE `middle_id` = 17  [ RunTime:0.0000s ]
SQL: SELECT * FROM `nav_datalist` WHERE `middle_id` = 22  [ RunTime:0.0000s ]
SQL: SHOW COLUMNS FROM `nav_hot` [ RunTime:0.0040s ]
SQL: SELECT * FROM `nav_hot` WHERE `type` = 0 ORDER BY sort  [ RunTime:0.0010s ]
SQL: SELECT * FROM `nav_hot` WHERE `type` = 1 ORDER BY sort  [ RunTime:0.0010s ]
SQL: SELECT * FROM `nav_hot` WHERE `type` = 2 ORDER BY sort  [ RunTime:0.0000s ]
SQL: SELECT * FROM `nav_high_level` WHERE `is_display` = 1 AND `layout` = 'bottom' ORDER BY id asc  [ RunTime:0.0010s ]
SQL: SELECT * FROM `nav_datalist` WHERE `high_id` = 16 AND `is_recommend` = 1  [ RunTime:0.0000s ]
INFO: [ view_parse ] --START--
INFO: [ template_filter ] --START--
INFO: Run Behavior\ContentReplaceBehavior [ RunTime:0.001000s ]
INFO: [ template_filter ] --END-- [ RunTime:0.001000s ]
SQL: SELECT `middle_name` FROM `nav_middle_level` WHERE `id` = 17 LIMIT 1   [ RunTime:0.0000s ]
SQL: SELECT `middle_name` FROM `nav_middle_level` WHERE `id` = 22 LIMIT 1   [ RunTime:0.0000s ]
INFO: Run Behavior\ParseTemplateBehavior [ RunTime:0.028001s ]
INFO: [ view_parse ] --END-- [ RunTime:0.028001s ]
INFO: [ view_filter ] --START--
INFO: Run Behavior\WriteHtmlCacheBehavior [ RunTime:0.000000s ]
INFO: [ view_filter ] --END-- [ RunTime:0.001000s ]
INFO: [ app_end ] --START--
INFO: Run Behavior\ShowPageTraceBehavior [ RunTime:0.001000s ]
INFO: [ app_end ] --END-- [ RunTime:0.001000s ]

[ 2016-07-21T11:16:11+08:00 ] ::1 /MR_navigation/index.php
INFO: [ app_init ] --START--
INFO: Run Behavior\BuildLiteBehavior [ RunTime:0.000000s ]
INFO: [ app_init ] --END-- [ RunTime:0.001000s ]
INFO: [ app_begin ] --START--
INFO: Run Behavior\ReadHtmlCacheBehavior [ RunTime:0.000000s ]
INFO: [ app_begin ] --END-- [ RunTime:0.000000s ]
SQL: SHOW COLUMNS FROM `nav_high_level` [ RunTime:0.0040s ]
SQL: SELECT * FROM `nav_high_level` WHERE `is_display` = 1 AND `layout` = 'left' ORDER BY sort asc  [ RunTime:0.0000s ]
SQL: SHOW COLUMNS FROM `nav_middle_level` [ RunTime:0.0040s ]
SQL: SELECT * FROM `nav_middle_level` WHERE `high_id` = 13  [ RunTime:0.0000s ]
SQL: SELECT * FROM `nav_middle_level` WHERE `high_id` = 15  [ RunTime:0.0010s ]
SQL: SELECT * FROM `nav_middle_level` WHERE `high_id` = 12  [ RunTime:0.0000s ]
SQL: SELECT * FROM `nav_middle_level` WHERE `high_id` = 18  [ RunTime:0.0000s ]
SQL: SELECT * FROM `nav_middle_level` WHERE `high_id` = 19  [ RunTime:0.0000s ]
SQL: SELECT * FROM `nav_middle_level` WHERE `is_recommend` = 1  [ RunTime:0.0000s ]
SQL: SHOW COLUMNS FROM `nav_datalist` [ RunTime:0.0050s ]
SQL: SELECT * FROM `nav_datalist` WHERE `middle_id` = 17  [ RunTime:0.0010s ]
SQL: SELECT * FROM `nav_datalist` WHERE `middle_id` = 22  [ RunTime:0.0000s ]
SQL: SHOW COLUMNS FROM `nav_hot` [ RunTime:0.0060s ]
SQL: SELECT * FROM `nav_hot` WHERE `type` = 0 ORDER BY sort  [ RunTime:0.0010s ]
SQL: SELECT * FROM `nav_hot` WHERE `type` = 1 ORDER BY sort  [ RunTime:0.0000s ]
SQL: SELECT * FROM `nav_hot` WHERE `type` = 2 ORDER BY sort  [ RunTime:0.0010s ]
SQL: SELECT * FROM `nav_high_level` WHERE `is_display` = 1 AND `layout` = 'bottom' ORDER BY id asc  [ RunTime:0.0000s ]
SQL: SELECT * FROM `nav_datalist` WHERE `high_id` = 16 AND `is_recommend` = 1  [ RunTime:0.0000s ]
INFO: [ view_parse ] --START--
INFO: [ template_filter ] --START--
INFO: Run Behavior\ContentReplaceBehavior [ RunTime:0.000000s ]
INFO: [ template_filter ] --END-- [ RunTime:0.001000s ]
SQL: SELECT `middle_name` FROM `nav_middle_level` WHERE `id` = 17 LIMIT 1   [ RunTime:0.0010s ]
SQL: SELECT `middle_name` FROM `nav_middle_level` WHERE `id` = 22 LIMIT 1   [ RunTime:0.0000s ]
INFO: Run Behavior\ParseTemplateBehavior [ RunTime:0.022002s ]
INFO: [ view_parse ] --END-- [ RunTime:0.022002s ]
INFO: [ view_filter ] --START--
INFO: Run Behavior\WriteHtmlCacheBehavior [ RunTime:0.000000s ]
INFO: [ view_filter ] --END-- [ RunTime:0.000000s ]
INFO: [ app_end ] --START--
INFO: Run Behavior\ShowPageTraceBehavior [ RunTime:0.001000s ]
INFO: [ app_end ] --END-- [ RunTime:0.001000s ]

[ 2016-07-21T11:16:34+08:00 ] ::1 /MR_navigation/index.php
INFO: [ app_init ] --START--
INFO: Run Behavior\BuildLiteBehavior [ RunTime:0.000000s ]
INFO: [ app_init ] --END-- [ RunTime:0.001000s ]
INFO: [ app_begin ] --START--
INFO: Run Behavior\ReadHtmlCacheBehavior [ RunTime:0.001000s ]
INFO: [ app_begin ] --END-- [ RunTime:0.001000s ]
SQL: SHOW COLUMNS FROM `nav_high_level` [ RunTime:0.0040s ]
SQL: SELECT * FROM `nav_high_level` WHERE `is_display` = 1 AND `layout` = 'left' ORDER BY sort asc  [ RunTime:0.0020s ]
SQL: SHOW COLUMNS FROM `nav_middle_level` [ RunTime:0.0050s ]
SQL: SELECT * FROM `nav_middle_level` WHERE `high_id` = 13  [ RunTime:0.0000s ]
SQL: SELECT * FROM `nav_middle_level` WHERE `high_id` = 15  [ RunTime:0.0000s ]
SQL: SELECT * FROM `nav_middle_level` WHERE `high_id` = 12  [ RunTime:0.0000s ]
SQL: SELECT * FROM `nav_middle_level` WHERE `high_id` = 18  [ RunTime:0.0010s ]
SQL: SELECT * FROM `nav_middle_level` WHERE `high_id` = 19  [ RunTime:0.0000s ]
SQL: SELECT * FROM `nav_middle_level` WHERE `is_recommend` = 1  [ RunTime:0.0010s ]
SQL: SHOW COLUMNS FROM `nav_datalist` [ RunTime:0.0040s ]
SQL: SELECT * FROM `nav_datalist` WHERE `middle_id` = 17  [ RunTime:0.0010s ]
SQL: SELECT * FROM `nav_datalist` WHERE `middle_id` = 22  [ RunTime:0.0000s ]
SQL: SHOW COLUMNS FROM `nav_hot` [ RunTime:0.0050s ]
SQL: SELECT * FROM `nav_hot` WHERE `type` = 0 ORDER BY sort  [ RunTime:0.0010s ]
SQL: SELECT * FROM `nav_hot` WHERE `type` = 1 ORDER BY sort  [ RunTime:0.0010s ]
SQL: SELECT * FROM `nav_hot` WHERE `type` = 2 ORDER BY sort  [ RunTime:0.0010s ]
SQL: SELECT * FROM `nav_high_level` WHERE `is_display` = 1 AND `layout` = 'bottom' ORDER BY id asc  [ RunTime:0.0010s ]
SQL: SELECT * FROM `nav_datalist` WHERE `high_id` = 16 AND `is_recommend` = 1  [ RunTime:0.0010s ]
INFO: [ view_parse ] --START--
INFO: [ template_filter ] --START--
INFO: Run Behavior\ContentReplaceBehavior [ RunTime:0.000000s ]
INFO: [ template_filter ] --END-- [ RunTime:0.000000s ]
SQL: SELECT `middle_name` FROM `nav_middle_level` WHERE `id` = 17 LIMIT 1   [ RunTime:0.0010s ]
SQL: SELECT `middle_name` FROM `nav_middle_level` WHERE `id` = 22 LIMIT 1   [ RunTime:0.0000s ]
INFO: Run Behavior\ParseTemplateBehavior [ RunTime:0.023001s ]
INFO: [ view_parse ] --END-- [ RunTime:0.024002s ]
INFO: [ view_filter ] --START--
INFO: Run Behavior\WriteHtmlCacheBehavior [ RunTime:0.000000s ]
INFO: [ view_filter ] --END-- [ RunTime:0.000000s ]
INFO: [ app_end ] --START--
INFO: Run Behavior\ShowPageTraceBehavior [ RunTime:0.001000s ]
INFO: [ app_end ] --END-- [ RunTime:0.001000s ]

[ 2016-07-21T11:17:41+08:00 ] ::1 /MR_navigation/index.php
INFO: [ app_init ] --START--
INFO: Run Behavior\BuildLiteBehavior [ RunTime:0.000000s ]
INFO: [ app_init ] --END-- [ RunTime:0.000000s ]
INFO: [ app_begin ] --START--
INFO: Run Behavior\ReadHtmlCacheBehavior [ RunTime:0.000000s ]
INFO: [ app_begin ] --END-- [ RunTime:0.001000s ]
SQL: SHOW COLUMNS FROM `nav_high_level` [ RunTime:0.0040s ]
SQL: SELECT * FROM `nav_high_level` WHERE `is_display` = 1 AND `layout` = 'left' ORDER BY sort asc  [ RunTime:0.0000s ]
SQL: SHOW COLUMNS FROM `nav_middle_level` [ RunTime:0.0040s ]
SQL: SELECT * FROM `nav_middle_level` WHERE `high_id` = 13  [ RunTime:0.0000s ]
SQL: SELECT * FROM `nav_middle_level` WHERE `high_id` = 15  [ RunTime:0.0010s ]
SQL: SELECT * FROM `nav_middle_level` WHERE `high_id` = 12  [ RunTime:0.0000s ]
SQL: SELECT * FROM `nav_middle_level` WHERE `high_id` = 18  [ RunTime:0.0010s ]
SQL: SELECT * FROM `nav_middle_level` WHERE `high_id` = 19  [ RunTime:0.0000s ]
SQL: SELECT * FROM `nav_middle_level` WHERE `is_recommend` = 1  [ RunTime:0.0000s ]
SQL: SHOW COLUMNS FROM `nav_datalist` [ RunTime:0.0050s ]
SQL: SELECT * FROM `nav_datalist` WHERE `middle_id` = 17  [ RunTime:0.0000s ]
SQL: SELECT * FROM `nav_datalist` WHERE `middle_id` = 22  [ RunTime:0.0010s ]
SQL: SHOW COLUMNS FROM `nav_hot` [ RunTime:0.0040s ]
SQL: SELECT * FROM `nav_hot` WHERE `type` = 0 ORDER BY sort  [ RunTime:0.0020s ]
SQL: SELECT * FROM `nav_hot` WHERE `type` = 1 ORDER BY sort  [ RunTime:0.0010s ]
SQL: SELECT * FROM `nav_hot` WHERE `type` = 2 ORDER BY sort  [ RunTime:0.0000s ]
SQL: SELECT * FROM `nav_high_level` WHERE `is_display` = 1 AND `layout` = 'bottom' ORDER BY id asc  [ RunTime:0.0000s ]
SQL: SELECT * FROM `nav_datalist` WHERE `high_id` = 16 AND `is_recommend` = 1  [ RunTime:0.0010s ]
INFO: [ view_parse ] --START--
INFO: [ template_filter ] --START--
INFO: Run Behavior\ContentReplaceBehavior [ RunTime:0.000000s ]
INFO: [ template_filter ] --END-- [ RunTime:0.001000s ]
SQL: SELECT `middle_name` FROM `nav_middle_level` WHERE `id` = 17 LIMIT 1   [ RunTime:0.0010s ]
SQL: SELECT `middle_name` FROM `nav_middle_level` WHERE `id` = 22 LIMIT 1   [ RunTime:0.0010s ]
INFO: Run Behavior\ParseTemplateBehavior [ RunTime:0.021001s ]
INFO: [ view_parse ] --END-- [ RunTime:0.021001s ]
INFO: [ view_filter ] --START--
INFO: Run Behavior\WriteHtmlCacheBehavior [ RunTime:0.001000s ]
INFO: [ view_filter ] --END-- [ RunTime:0.001000s ]
INFO: [ app_end ] --START--
INFO: Run Behavior\ShowPageTraceBehavior [ RunTime:0.001000s ]
INFO: [ app_end ] --END-- [ RunTime:0.001000s ]

[ 2016-07-21T11:22:34+08:00 ] ::1 /MR_navigation/index.php
INFO: [ app_init ] --START--
INFO: Run Behavior\BuildLiteBehavior [ RunTime:0.000000s ]
INFO: [ app_init ] --END-- [ RunTime:0.001000s ]
INFO: [ app_begin ] --START--
INFO: Run Behavior\ReadHtmlCacheBehavior [ RunTime:0.001000s ]
INFO: [ app_begin ] --END-- [ RunTime:0.001000s ]
SQL: SHOW COLUMNS FROM `nav_high_level` [ RunTime:0.0040s ]
SQL: SELECT * FROM `nav_high_level` WHERE `is_display` = 1 AND `layout` = 'left' ORDER BY sort asc  [ RunTime:0.0000s ]
SQL: SHOW COLUMNS FROM `nav_middle_level` [ RunTime:0.0050s ]
SQL: SELECT * FROM `nav_middle_level` WHERE `high_id` = 13  [ RunTime:0.0000s ]
SQL: SELECT * FROM `nav_middle_level` WHERE `high_id` = 15  [ RunTime:0.0000s ]
SQL: SELECT * FROM `nav_middle_level` WHERE `high_id` = 12  [ RunTime:0.0000s ]
SQL: SELECT * FROM `nav_middle_level` WHERE `high_id` = 18  [ RunTime:0.0000s ]
SQL: SELECT * FROM `nav_middle_level` WHERE `high_id` = 19  [ RunTime:0.0010s ]
SQL: SELECT * FROM `nav_middle_level` WHERE `is_recommend` = 1  [ RunTime:0.0000s ]
SQL: SHOW COLUMNS FROM `nav_datalist` [ RunTime:0.0050s ]
SQL: SELECT * FROM `nav_datalist` WHERE `middle_id` = 17  [ RunTime:0.0010s ]
SQL: SELECT * FROM `nav_datalist` WHERE `middle_id` = 22  [ RunTime:0.0000s ]
SQL: SHOW COLUMNS FROM `nav_hot` [ RunTime:0.0050s ]
SQL: SELECT * FROM `nav_hot` WHERE `type` = 0 ORDER BY sort  [ RunTime:0.0010s ]
SQL: SELECT * FROM `nav_hot` WHERE `type` = 1 ORDER BY sort  [ RunTime:0.0010s ]
SQL: SELECT * FROM `nav_hot` WHERE `type` = 2 ORDER BY sort  [ RunTime:0.0000s ]
SQL: SELECT * FROM `nav_high_level` WHERE `is_display` = 1 AND `layout` = 'bottom' ORDER BY id asc  [ RunTime:0.0010s ]
SQL: SELECT * FROM `nav_datalist` WHERE `high_id` = 16 AND `is_recommend` = 1  [ RunTime:0.0000s ]
INFO: [ view_parse ] --START--
INFO: [ template_filter ] --START--
INFO: Run Behavior\ContentReplaceBehavior [ RunTime:0.001000s ]
INFO: [ template_filter ] --END-- [ RunTime:0.001000s ]
SQL: SELECT `middle_name` FROM `nav_middle_level` WHERE `id` = 17 LIMIT 1   [ RunTime:0.0000s ]
SQL: SELECT `middle_name` FROM `nav_middle_level` WHERE `id` = 22 LIMIT 1   [ RunTime:0.0000s ]
INFO: Run Behavior\ParseTemplateBehavior [ RunTime:0.024001s ]
INFO: [ view_parse ] --END-- [ RunTime:0.025001s ]
INFO: [ view_filter ] --START--
INFO: Run Behavior\WriteHtmlCacheBehavior [ RunTime:0.000000s ]
INFO: [ view_filter ] --END-- [ RunTime:0.000000s ]
INFO: [ app_end ] --START--
INFO: Run Behavior\ShowPageTraceBehavior [ RunTime:0.001000s ]
INFO: [ app_end ] --END-- [ RunTime:0.001000s ]

[ 2016-07-21T11:23:44+08:00 ] ::1 /MR_navigation/index.php
INFO: [ app_init ] --START--
INFO: Run Behavior\BuildLiteBehavior [ RunTime:0.000000s ]
INFO: [ app_init ] --END-- [ RunTime:0.001000s ]
INFO: [ app_begin ] --START--
INFO: Run Behavior\ReadHtmlCacheBehavior [ RunTime:0.001000s ]
INFO: [ app_begin ] --END-- [ RunTime:0.002000s ]
SQL: SHOW COLUMNS FROM `nav_high_level` [ RunTime:0.0040s ]
SQL: SELECT * FROM `nav_high_level` WHERE `is_display` = 1 AND `layout` = 'left' ORDER BY sort asc  [ RunTime:0.0000s ]
SQL: SHOW COLUMNS FROM `nav_middle_level` [ RunTime:0.0060s ]
SQL: SELECT * FROM `nav_middle_level` WHERE `high_id` = 13  [ RunTime:0.0010s ]
SQL: SELECT * FROM `nav_middle_level` WHERE `high_id` = 15  [ RunTime:0.0010s ]
SQL: SELECT * FROM `nav_middle_level` WHERE `high_id` = 12  [ RunTime:0.0000s ]
SQL: SELECT * FROM `nav_middle_level` WHERE `high_id` = 18  [ RunTime:0.0000s ]
SQL: SELECT * FROM `nav_middle_level` WHERE `high_id` = 19  [ RunTime:0.0000s ]
SQL: SELECT * FROM `nav_middle_level` WHERE `is_recommend` = 1  [ RunTime:0.0000s ]
SQL: SHOW COLUMNS FROM `nav_datalist` [ RunTime:0.0060s ]
SQL: SELECT * FROM `nav_datalist` WHERE `middle_id` = 17  [ RunTime:0.0000s ]
SQL: SELECT * FROM `nav_datalist` WHERE `middle_id` = 22  [ RunTime:0.0000s ]
SQL: SHOW COLUMNS FROM `nav_hot` [ RunTime:0.0050s ]
SQL: SELECT * FROM `nav_hot` WHERE `type` = 0 ORDER BY sort  [ RunTime:0.0010s ]
SQL: SELECT * FROM `nav_hot` WHERE `type` = 1 ORDER BY sort  [ RunTime:0.0000s ]
SQL: SELECT * FROM `nav_hot` WHERE `type` = 2 ORDER BY sort  [ RunTime:0.0010s ]
SQL: SELECT * FROM `nav_high_level` WHERE `is_display` = 1 AND `layout` = 'bottom' ORDER BY id asc  [ RunTime:0.0000s ]
SQL: SELECT * FROM `nav_datalist` WHERE `high_id` = 16 AND `is_recommend` = 1  [ RunTime:0.0010s ]
INFO: [ view_parse ] --START--
INFO: [ template_filter ] --START--
INFO: Run Behavior\ContentReplaceBehavior [ RunTime:0.001000s ]
INFO: [ template_filter ] --END-- [ RunTime:0.001000s ]
SQL: SELECT `middle_name` FROM `nav_middle_level` WHERE `id` = 17 LIMIT 1   [ RunTime:0.0010s ]
SQL: SELECT `middle_name` FROM `nav_middle_level` WHERE `id` = 22 LIMIT 1   [ RunTime:0.0000s ]
INFO: Run Behavior\ParseTemplateBehavior [ RunTime:0.024002s ]
INFO: [ view_parse ] --END-- [ RunTime:0.024002s ]
INFO: [ view_filter ] --START--
INFO: Run Behavior\WriteHtmlCacheBehavior [ RunTime:0.002000s ]
INFO: [ view_filter ] --END-- [ RunTime:0.002000s ]
INFO: [ app_end ] --START--
INFO: Run Behavior\ShowPageTraceBehavior [ RunTime:0.001000s ]
INFO: [ app_end ] --END-- [ RunTime:0.001000s ]

[ 2016-07-21T11:24:06+08:00 ] ::1 /MR_navigation/index.php
INFO: [ app_init ] --START--
INFO: Run Behavior\BuildLiteBehavior [ RunTime:0.000000s ]
INFO: [ app_init ] --END-- [ RunTime:0.001000s ]
INFO: [ app_begin ] --START--
INFO: Run Behavior\ReadHtmlCacheBehavior [ RunTime:0.000000s ]
INFO: [ app_begin ] --END-- [ RunTime:0.000000s ]
SQL: SHOW COLUMNS FROM `nav_high_level` [ RunTime:0.0070s ]
SQL: SELECT * FROM `nav_high_level` WHERE `is_display` = 1 AND `layout` = 'left' ORDER BY sort asc  [ RunTime:0.0010s ]
SQL: SHOW COLUMNS FROM `nav_middle_level` [ RunTime:0.0040s ]
SQL: SELECT * FROM `nav_middle_level` WHERE `high_id` = 13  [ RunTime:0.0030s ]
SQL: SELECT * FROM `nav_middle_level` WHERE `high_id` = 15  [ RunTime:0.0010s ]
SQL: SELECT * FROM `nav_middle_level` WHERE `high_id` = 12  [ RunTime:0.0000s ]
SQL: SELECT * FROM `nav_middle_level` WHERE `high_id` = 18  [ RunTime:0.0020s ]
SQL: SELECT * FROM `nav_middle_level` WHERE `high_id` = 19  [ RunTime:0.0010s ]
SQL: SELECT * FROM `nav_middle_level` WHERE `is_recommend` = 1  [ RunTime:0.0000s ]
SQL: SHOW COLUMNS FROM `nav_datalist` [ RunTime:0.0060s ]
SQL: SELECT * FROM `nav_datalist` WHERE `middle_id` = 17  [ RunTime:0.0010s ]
SQL: SELECT * FROM `nav_datalist` WHERE `middle_id` = 22  [ RunTime:0.0000s ]
SQL: SHOW COLUMNS FROM `nav_hot` [ RunTime:0.0050s ]
SQL: SELECT * FROM `nav_hot` WHERE `type` = 0 ORDER BY sort  [ RunTime:0.0010s ]
SQL: SELECT * FROM `nav_hot` WHERE `type` = 1 ORDER BY sort  [ RunTime:0.0000s ]
SQL: SELECT * FROM `nav_hot` WHERE `type` = 2 ORDER BY sort  [ RunTime:0.0010s ]
SQL: SELECT * FROM `nav_high_level` WHERE `is_display` = 1 AND `layout` = 'bottom' ORDER BY id asc  [ RunTime:0.0000s ]
SQL: SELECT * FROM `nav_datalist` WHERE `high_id` = 16 AND `is_recommend` = 1  [ RunTime:0.0000s ]
INFO: [ view_parse ] --START--
INFO: [ template_filter ] --START--
INFO: Run Behavior\ContentReplaceBehavior [ RunTime:0.001000s ]
INFO: [ template_filter ] --END-- [ RunTime:0.001000s ]
SQL: SELECT `middle_name` FROM `nav_middle_level` WHERE `id` = 17 LIMIT 1   [ RunTime:0.0000s ]
SQL: SELECT `middle_name` FROM `nav_middle_level` WHERE `id` = 22 LIMIT 1   [ RunTime:0.0000s ]
INFO: Run Behavior\ParseTemplateBehavior [ RunTime:0.020001s ]
INFO: [ view_parse ] --END-- [ RunTime:0.020001s ]
INFO: [ view_filter ] --START--
INFO: Run Behavior\WriteHtmlCacheBehavior [ RunTime:0.001000s ]
INFO: [ view_filter ] --END-- [ RunTime:0.001000s ]
INFO: [ app_end ] --START--
INFO: Run Behavior\ShowPageTraceBehavior [ RunTime:0.001000s ]
INFO: [ app_end ] --END-- [ RunTime:0.001000s ]

[ 2016-07-21T11:25:13+08:00 ] ::1 /MR_navigation/index.php
INFO: [ app_init ] --START--
INFO: Run Behavior\BuildLiteBehavior [ RunTime:0.000000s ]
INFO: [ app_init ] --END-- [ RunTime:0.001001s ]
INFO: [ app_begin ] --START--
INFO: Run Behavior\ReadHtmlCacheBehavior [ RunTime:0.001000s ]
INFO: [ app_begin ] --END-- [ RunTime:0.001000s ]
SQL: SHOW COLUMNS FROM `nav_high_level` [ RunTime:0.0050s ]
SQL: SELECT * FROM `nav_high_level` WHERE `is_display` = 1 AND `layout` = 'left' ORDER BY sort asc  [ RunTime:0.0010s ]
SQL: SHOW COLUMNS FROM `nav_middle_level` [ RunTime:0.0060s ]
SQL: SELECT * FROM `nav_middle_level` WHERE `high_id` = 13  [ RunTime:0.0000s ]
SQL: SELECT * FROM `nav_middle_level` WHERE `high_id` = 15  [ RunTime:0.0000s ]
SQL: SELECT * FROM `nav_middle_level` WHERE `high_id` = 12  [ RunTime:0.0000s ]
SQL: SELECT * FROM `nav_middle_level` WHERE `high_id` = 18  [ RunTime:0.0000s ]
SQL: SELECT * FROM `nav_middle_level` WHERE `high_id` = 19  [ RunTime:0.0010s ]
SQL: SELECT * FROM `nav_middle_level` WHERE `is_recommend` = 1  [ RunTime:0.0000s ]
SQL: SHOW COLUMNS FROM `nav_datalist` [ RunTime:0.0060s ]
SQL: SELECT * FROM `nav_datalist` WHERE `middle_id` = 17  [ RunTime:0.0010s ]
SQL: SELECT * FROM `nav_datalist` WHERE `middle_id` = 22  [ RunTime:0.0000s ]
SQL: SHOW COLUMNS FROM `nav_hot` [ RunTime:0.0070s ]
SQL: SELECT * FROM `nav_hot` WHERE `type` = 0 ORDER BY sort  [ RunTime:0.0000s ]
SQL: SELECT * FROM `nav_hot` WHERE `type` = 1 ORDER BY sort  [ RunTime:0.0000s ]
SQL: SELECT * FROM `nav_hot` WHERE `type` = 2 ORDER BY sort  [ RunTime:0.0000s ]
SQL: SELECT * FROM `nav_high_level` WHERE `is_display` = 1 AND `layout` = 'bottom' ORDER BY id asc  [ RunTime:0.0010s ]
SQL: SELECT * FROM `nav_datalist` WHERE `high_id` = 16 AND `is_recommend` = 1  [ RunTime:0.0000s ]
INFO: [ view_parse ] --START--
INFO: [ template_filter ] --START--
INFO: Run Behavior\ContentReplaceBehavior [ RunTime:0.000000s ]
INFO: [ template_filter ] --END-- [ RunTime:0.000000s ]
SQL: SELECT `middle_name` FROM `nav_middle_level` WHERE `id` = 17 LIMIT 1   [ RunTime:0.0000s ]
SQL: SELECT `middle_name` FROM `nav_middle_level` WHERE `id` = 22 LIMIT 1   [ RunTime:0.0000s ]
INFO: Run Behavior\ParseTemplateBehavior [ RunTime:0.021002s ]
INFO: [ view_parse ] --END-- [ RunTime:0.021002s ]
INFO: [ view_filter ] --START--
INFO: Run Behavior\WriteHtmlCacheBehavior [ RunTime:0.001000s ]
INFO: [ view_filter ] --END-- [ RunTime:0.001000s ]
INFO: [ app_end ] --START--
INFO: Run Behavior\ShowPageTraceBehavior [ RunTime:0.001000s ]
INFO: [ app_end ] --END-- [ RunTime:0.001000s ]

[ 2016-07-21T11:26:15+08:00 ] ::1 /MR_navigation/index.php
INFO: [ app_init ] --START--
INFO: Run Behavior\BuildLiteBehavior [ RunTime:0.000000s ]
INFO: [ app_init ] --END-- [ RunTime:0.001000s ]
INFO: [ app_begin ] --START--
INFO: Run Behavior\ReadHtmlCacheBehavior [ RunTime:0.001000s ]
INFO: [ app_begin ] --END-- [ RunTime:0.002000s ]
SQL: SHOW COLUMNS FROM `nav_high_level` [ RunTime:0.0070s ]
SQL: SELECT * FROM `nav_high_level` WHERE `is_display` = 1 AND `layout` = 'left' ORDER BY sort asc  [ RunTime:0.0010s ]
SQL: SHOW COLUMNS FROM `nav_middle_level` [ RunTime:0.0050s ]
SQL: SELECT * FROM `nav_middle_level` WHERE `high_id` = 13  [ RunTime:0.0000s ]
SQL: SELECT * FROM `nav_middle_level` WHERE `high_id` = 15  [ RunTime:0.0010s ]
SQL: SELECT * FROM `nav_middle_level` WHERE `high_id` = 12  [ RunTime:0.0000s ]
SQL: SELECT * FROM `nav_middle_level` WHERE `high_id` = 18  [ RunTime:0.0000s ]
SQL: SELECT * FROM `nav_middle_level` WHERE `high_id` = 19  [ RunTime:0.0010s ]
SQL: SELECT * FROM `nav_middle_level` WHERE `is_recommend` = 1  [ RunTime:0.0000s ]
SQL: SHOW COLUMNS FROM `nav_datalist` [ RunTime:0.0070s ]
SQL: SELECT * FROM `nav_datalist` WHERE `middle_id` = 17  [ RunTime:0.0000s ]
SQL: SELECT * FROM `nav_datalist` WHERE `middle_id` = 22  [ RunTime:0.0010s ]
SQL: SHOW COLUMNS FROM `nav_hot` [ RunTime:0.0050s ]
SQL: SELECT * FROM `nav_hot` WHERE `type` = 0 ORDER BY sort  [ RunTime:0.0010s ]
SQL: SELECT * FROM `nav_hot` WHERE `type` = 1 ORDER BY sort  [ RunTime:0.0000s ]
SQL: SELECT * FROM `nav_hot` WHERE `type` = 2 ORDER BY sort  [ RunTime:0.0000s ]
SQL: SELECT * FROM `nav_high_level` WHERE `is_display` = 1 AND `layout` = 'bottom' ORDER BY id asc  [ RunTime:0.0000s ]
SQL: SELECT * FROM `nav_datalist` WHERE `high_id` = 16 AND `is_recommend` = 1  [ RunTime:0.0000s ]
INFO: [ view_parse ] --START--
INFO: [ template_filter ] --START--
INFO: Run Behavior\ContentReplaceBehavior [ RunTime:0.000000s ]
INFO: [ template_filter ] --END-- [ RunTime:0.000000s ]
SQL: SELECT `middle_name` FROM `nav_middle_level` WHERE `id` = 17 LIMIT 1   [ RunTime:0.0000s ]
SQL: SELECT `middle_name` FROM `nav_middle_level` WHERE `id` = 22 LIMIT 1   [ RunTime:0.0010s ]
INFO: Run Behavior\ParseTemplateBehavior [ RunTime:0.026002s ]
INFO: [ view_parse ] --END-- [ RunTime:0.026002s ]
INFO: [ view_filter ] --START--
INFO: Run Behavior\WriteHtmlCacheBehavior [ RunTime:0.000000s ]
INFO: [ view_filter ] --END-- [ RunTime:0.000000s ]
INFO: [ app_end ] --START--
INFO: Run Behavior\ShowPageTraceBehavior [ RunTime:0.001000s ]
INFO: [ app_end ] --END-- [ RunTime:0.001000s ]

[ 2016-07-21T11:26:42+08:00 ] ::1 /MR_navigation/index.php
INFO: [ app_init ] --START--
INFO: Run Behavior\BuildLiteBehavior [ RunTime:0.000000s ]
INFO: [ app_init ] --END-- [ RunTime:0.001000s ]
INFO: [ app_begin ] --START--
INFO: Run Behavior\ReadHtmlCacheBehavior [ RunTime:0.001000s ]
INFO: [ app_begin ] --END-- [ RunTime:0.001000s ]
SQL: SHOW COLUMNS FROM `nav_high_level` [ RunTime:0.0050s ]
SQL: SELECT * FROM `nav_high_level` WHERE `is_display` = 1 AND `layout` = 'left' ORDER BY sort asc  [ RunTime:0.0010s ]
SQL: SHOW COLUMNS FROM `nav_middle_level` [ RunTime:0.0040s ]
SQL: SELECT * FROM `nav_middle_level` WHERE `high_id` = 13  [ RunTime:0.0010s ]
SQL: SELECT * FROM `nav_middle_level` WHERE `high_id` = 15  [ RunTime:0.0000s ]
SQL: SELECT * FROM `nav_middle_level` WHERE `high_id` = 12  [ RunTime:0.0000s ]
SQL: SELECT * FROM `nav_middle_level` WHERE `high_id` = 18  [ RunTime:0.0010s ]
SQL: SELECT * FROM `nav_middle_level` WHERE `high_id` = 19  [ RunTime:0.0000s ]
SQL: SELECT * FROM `nav_middle_level` WHERE `is_recommend` = 1  [ RunTime:0.0000s ]
SQL: SHOW COLUMNS FROM `nav_datalist` [ RunTime:0.0050s ]
SQL: SELECT * FROM `nav_datalist` WHERE `middle_id` = 17  [ RunTime:0.0010s ]
SQL: SELECT * FROM `nav_datalist` WHERE `middle_id` = 22  [ RunTime:0.0000s ]
SQL: SHOW COLUMNS FROM `nav_hot` [ RunTime:0.0050s ]
SQL: SELECT * FROM `nav_hot` WHERE `type` = 0 ORDER BY sort  [ RunTime:0.0000s ]
SQL: SELECT * FROM `nav_hot` WHERE `type` = 1 ORDER BY sort  [ RunTime:0.0000s ]
SQL: SELECT * FROM `nav_hot` WHERE `type` = 2 ORDER BY sort  [ RunTime:0.0000s ]
SQL: SELECT * FROM `nav_high_level` WHERE `is_display` = 1 AND `layout` = 'bottom' ORDER BY id asc  [ RunTime:0.0000s ]
SQL: SELECT * FROM `nav_datalist` WHERE `high_id` = 16 AND `is_recommend` = 1  [ RunTime:0.0000s ]
INFO: [ view_parse ] --START--
INFO: [ template_filter ] --START--
INFO: Run Behavior\ContentReplaceBehavior [ RunTime:0.000000s ]
INFO: [ template_filter ] --END-- [ RunTime:0.000000s ]
SQL: SELECT `middle_name` FROM `nav_middle_level` WHERE `id` = 17 LIMIT 1   [ RunTime:0.0000s ]
SQL: SELECT `middle_name` FROM `nav_middle_level` WHERE `id` = 22 LIMIT 1   [ RunTime:0.0010s ]
INFO: Run Behavior\ParseTemplateBehavior [ RunTime:0.024001s ]
INFO: [ view_parse ] --END-- [ RunTime:0.024001s ]
INFO: [ view_filter ] --START--
INFO: Run Behavior\WriteHtmlCacheBehavior [ RunTime:0.000000s ]
INFO: [ view_filter ] --END-- [ RunTime:0.000000s ]
INFO: [ app_end ] --START--
INFO: Run Behavior\ShowPageTraceBehavior [ RunTime:0.001000s ]
INFO: [ app_end ] --END-- [ RunTime:0.001000s ]

[ 2016-07-21T11:27:05+08:00 ] ::1 /MR_navigation/index.php
INFO: [ app_init ] --START--
INFO: Run Behavior\BuildLiteBehavior [ RunTime:0.000000s ]
INFO: [ app_init ] --END-- [ RunTime:0.001000s ]
INFO: [ app_begin ] --START--
INFO: Run Behavior\ReadHtmlCacheBehavior [ RunTime:0.001000s ]
INFO: [ app_begin ] --END-- [ RunTime:0.001000s ]
SQL: SHOW COLUMNS FROM `nav_high_level` [ RunTime:0.0050s ]
SQL: SELECT * FROM `nav_high_level` WHERE `is_display` = 1 AND `layout` = 'left' ORDER BY sort asc  [ RunTime:0.0000s ]
SQL: SHOW COLUMNS FROM `nav_middle_level` [ RunTime:0.0050s ]
SQL: SELECT * FROM `nav_middle_level` WHERE `high_id` = 13  [ RunTime:0.0010s ]
SQL: SELECT * FROM `nav_middle_level` WHERE `high_id` = 15  [ RunTime:0.0000s ]
SQL: SELECT * FROM `nav_middle_level` WHERE `high_id` = 12  [ RunTime:0.0010s ]
SQL: SELECT * FROM `nav_middle_level` WHERE `high_id` = 18  [ RunTime:0.0000s ]
SQL: SELECT * FROM `nav_middle_level` WHERE `high_id` = 19  [ RunTime:0.0010s ]
SQL: SELECT * FROM `nav_middle_level` WHERE `is_recommend` = 1  [ RunTime:0.0000s ]
SQL: SHOW COLUMNS FROM `nav_datalist` [ RunTime:0.0060s ]
SQL: SELECT * FROM `nav_datalist` WHERE `middle_id` = 17  [ RunTime:0.0000s ]
SQL: SELECT * FROM `nav_datalist` WHERE `middle_id` = 22  [ RunTime:0.0000s ]
SQL: SHOW COLUMNS FROM `nav_hot` [ RunTime:0.0050s ]
SQL: SELECT * FROM `nav_hot` WHERE `type` = 0 ORDER BY sort  [ RunTime:0.0020s ]
SQL: SELECT * FROM `nav_hot` WHERE `type` = 1 ORDER BY sort  [ RunTime:0.0010s ]
SQL: SELECT * FROM `nav_hot` WHERE `type` = 2 ORDER BY sort  [ RunTime:0.0020s ]
SQL: SELECT * FROM `nav_high_level` WHERE `is_display` = 1 AND `layout` = 'bottom' ORDER BY id asc  [ RunTime:0.0000s ]
SQL: SELECT * FROM `nav_datalist` WHERE `high_id` = 16 AND `is_recommend` = 1  [ RunTime:0.0010s ]
INFO: [ view_parse ] --START--
INFO: [ template_filter ] --START--
INFO: Run Behavior\ContentReplaceBehavior [ RunTime:0.000000s ]
INFO: [ template_filter ] --END-- [ RunTime:0.001000s ]
SQL: SELECT `middle_name` FROM `nav_middle_level` WHERE `id` = 17 LIMIT 1   [ RunTime:0.0010s ]
SQL: SELECT `middle_name` FROM `nav_middle_level` WHERE `id` = 22 LIMIT 1   [ RunTime:0.0010s ]
INFO: Run Behavior\ParseTemplateBehavior [ RunTime:0.025002s ]
INFO: [ view_parse ] --END-- [ RunTime:0.025002s ]
INFO: [ view_filter ] --START--
INFO: Run Behavior\WriteHtmlCacheBehavior [ RunTime:0.001000s ]
INFO: [ view_filter ] --END-- [ RunTime:0.001000s ]
INFO: [ app_end ] --START--
INFO: Run Behavior\ShowPageTraceBehavior [ RunTime:0.001000s ]
INFO: [ app_end ] --END-- [ RunTime:0.001000s ]

[ 2016-07-21T11:27:14+08:00 ] ::1 /MR_navigation/index.php
INFO: [ app_init ] --START--
INFO: Run Behavior\BuildLiteBehavior [ RunTime:0.000000s ]
INFO: [ app_init ] --END-- [ RunTime:0.001000s ]
INFO: [ app_begin ] --START--
INFO: Run Behavior\ReadHtmlCacheBehavior [ RunTime:0.001000s ]
INFO: [ app_begin ] --END-- [ RunTime:0.001000s ]
SQL: SHOW COLUMNS FROM `nav_high_level` [ RunTime:0.0070s ]
SQL: SELECT * FROM `nav_high_level` WHERE `is_display` = 1 AND `layout` = 'left' ORDER BY sort asc  [ RunTime:0.0010s ]
SQL: SHOW COLUMNS FROM `nav_middle_level` [ RunTime:0.0050s ]
SQL: SELECT * FROM `nav_middle_level` WHERE `high_id` = 13  [ RunTime:0.0010s ]
SQL: SELECT * FROM `nav_middle_level` WHERE `high_id` = 15  [ RunTime:0.0000s ]
SQL: SELECT * FROM `nav_middle_level` WHERE `high_id` = 12  [ RunTime:0.0000s ]
SQL: SELECT * FROM `nav_middle_level` WHERE `high_id` = 18  [ RunTime:0.0010s ]
SQL: SELECT * FROM `nav_middle_level` WHERE `high_id` = 19  [ RunTime:0.0010s ]
SQL: SELECT * FROM `nav_middle_level` WHERE `is_recommend` = 1  [ RunTime:0.0000s ]
SQL: SHOW COLUMNS FROM `nav_datalist` [ RunTime:0.0070s ]
SQL: SELECT * FROM `nav_datalist` WHERE `middle_id` = 17  [ RunTime:0.0000s ]
SQL: SELECT * FROM `nav_datalist` WHERE `middle_id` = 22  [ RunTime:0.0000s ]
SQL: SHOW COLUMNS FROM `nav_hot` [ RunTime:0.0060s ]
SQL: SELECT * FROM `nav_hot` WHERE `type` = 0 ORDER BY sort  [ RunTime:0.0010s ]
SQL: SELECT * FROM `nav_hot` WHERE `type` = 1 ORDER BY sort  [ RunTime:0.0000s ]
SQL: SELECT * FROM `nav_hot` WHERE `type` = 2 ORDER BY sort  [ RunTime:0.0010s ]
SQL: SELECT * FROM `nav_high_level` WHERE `is_display` = 1 AND `layout` = 'bottom' ORDER BY id asc  [ RunTime:0.0000s ]
SQL: SELECT * FROM `nav_datalist` WHERE `high_id` = 16 AND `is_recommend` = 1  [ RunTime:0.0010s ]
INFO: [ view_parse ] --START--
INFO: [ template_filter ] --START--
INFO: Run Behavior\ContentReplaceBehavior [ RunTime:0.000000s ]
INFO: [ template_filter ] --END-- [ RunTime:0.000000s ]
SQL: SELECT `middle_name` FROM `nav_middle_level` WHERE `id` = 17 LIMIT 1   [ RunTime:0.0000s ]
SQL: SELECT `middle_name` FROM `nav_middle_level` WHERE `id` = 22 LIMIT 1   [ RunTime:0.0010s ]
INFO: Run Behavior\ParseTemplateBehavior [ RunTime:0.030002s ]
INFO: [ view_parse ] --END-- [ RunTime:0.030002s ]
INFO: [ view_filter ] --START--
INFO: Run Behavior\WriteHtmlCacheBehavior [ RunTime:0.000000s ]
INFO: [ view_filter ] --END-- [ RunTime:0.000000s ]
INFO: [ app_end ] --START--
INFO: Run Behavior\ShowPageTraceBehavior [ RunTime:0.001000s ]
INFO: [ app_end ] --END-- [ RunTime:0.001000s ]

