[ 2019-01-04T20:39:40+08:00 ] ::1 /hbgs/
INFO: [ app_init ] --START--
INFO: Run Behavior\BuildLiteBehavior [ RunTime:0.000013s ]
INFO: [ app_init ] --END-- [ RunTime:0.000479s ]
INFO: [ app_begin ] --START--
INFO: Run Behavior\ReadHtmlCacheBehavior [ RunTime:0.000780s ]
INFO: [ app_begin ] --END-- [ RunTime:0.000842s ]
SQL: SHOW COLUMNS FROM `nav_high_level` [ RunTime:0.0834s ]
SQL: SELECT * FROM `nav_high_level` WHERE `is_display` = 1 AND `layout` = 'left' ORDER BY sort asc  [ RunTime:0.0039s ]
SQL: SHOW COLUMNS FROM `nav_middle_level` [ RunTime:0.0429s ]
SQL: SELECT * FROM `nav_middle_level` WHERE `high_id` = 13  [ RunTime:0.0004s ]
SQL: SELECT * FROM `nav_middle_level` WHERE `high_id` = 15  [ RunTime:0.0003s ]
SQL: SELECT * FROM `nav_middle_level` WHERE `high_id` = 12  [ RunTime:0.0003s ]
SQL: SELECT * FROM `nav_middle_level` WHERE `high_id` = 18  [ RunTime:0.0003s ]
SQL: SELECT * FROM `nav_middle_level` WHERE `high_id` = 19  [ RunTime:0.0003s ]
SQL: SELECT * FROM `nav_middle_level` WHERE `is_recommend` = 1  [ RunTime:0.0003s ]
SQL: SHOW COLUMNS FROM `nav_datalist` [ RunTime:0.0282s ]
SQL: SELECT * FROM `nav_datalist` WHERE `middle_id` = 17  [ RunTime:0.0004s ]
SQL: SELECT * FROM `nav_datalist` WHERE `middle_id` = 22  [ RunTime:0.0003s ]
SQL: SHOW COLUMNS FROM `nav_hot` [ RunTime:0.0275s ]
SQL: SELECT * FROM `nav_hot` WHERE `type` = 0 ORDER BY sort  [ RunTime:0.0007s ]
SQL: SELECT * FROM `nav_hot` WHERE `type` = 1 ORDER BY sort  [ RunTime:0.0003s ]
SQL: SELECT * FROM `nav_hot` WHERE `type` = 2 ORDER BY sort  [ RunTime:0.0004s ]
SQL: SELECT * FROM `nav_high_level` WHERE `is_display` = 1 AND `layout` = 'bottom' ORDER BY id asc  [ RunTime:0.0003s ]
SQL: SELECT * FROM `nav_datalist` WHERE `high_id` = 16 AND `is_recommend` = 1  [ RunTime:0.0003s ]
INFO: [ view_parse ] --START--
INFO: [ template_filter ] --START--
INFO: Run Behavior\ContentReplaceBehavior [ RunTime:0.000117s ]
INFO: [ template_filter ] --END-- [ RunTime:0.000163s ]
SQL: SELECT `middle_name` FROM `nav_middle_level` WHERE `id` = 17 LIMIT 1   [ RunTime:0.0010s ]
SQL: SELECT `middle_name` FROM `nav_middle_level` WHERE `id` = 22 LIMIT 1   [ RunTime:0.0002s ]
INFO: Run Behavior\ParseTemplateBehavior [ RunTime:0.099126s ]
INFO: [ view_parse ] --END-- [ RunTime:0.099167s ]
INFO: [ view_filter ] --START--
INFO: Run Behavior\WriteHtmlCacheBehavior [ RunTime:0.000400s ]
INFO: [ view_filter ] --END-- [ RunTime:0.000432s ]
INFO: [ app_end ] --START--
INFO: Run Behavior\ShowPageTraceBehavior [ RunTime:0.000962s ]
INFO: [ app_end ] --END-- [ RunTime:0.001323s ]

