[ 2016-09-02T14:50:24+08:00 ] ::1 /mr_navigation/index.php/admin/Public/index.php
INFO: [ app_init ] --START--
INFO: Run Behavior\BuildLiteBehavior [ RunTime:0.000000s ]
INFO: [ app_init ] --END-- [ RunTime:0.001000s ]
INFO: [ app_begin ] --START--
INFO: Run Behavior\ReadHtmlCacheBehavior [ RunTime:0.000000s ]
INFO: [ app_begin ] --END-- [ RunTime:0.000000s ]
ERR: 非法操作:index.php

[ 2016-09-02T14:50:29+08:00 ] ::1 /mr_navigation/index.php/admin/Public/login.php
INFO: [ app_init ] --START--
INFO: Run Behavior\BuildLiteBehavior [ RunTime:0.000000s ]
INFO: [ app_init ] --END-- [ RunTime:0.001000s ]
INFO: [ app_begin ] --START--
INFO: Run Behavior\ReadHtmlCacheBehavior [ RunTime:0.001000s ]
INFO: [ app_begin ] --END-- [ RunTime:0.001000s ]
ERR: 非法操作:login.php

[ 2016-09-02T14:50:36+08:00 ] ::1 /mr_navigation/index.php/admin/Public/login.html
INFO: [ app_init ] --START--
INFO: Run Behavior\BuildLiteBehavior [ RunTime:0.000000s ]
INFO: [ app_init ] --END-- [ RunTime:0.001000s ]
INFO: [ app_begin ] --START--
INFO: Run Behavior\ReadHtmlCacheBehavior [ RunTime:0.000000s ]
INFO: [ app_begin ] --END-- [ RunTime:0.000000s ]
INFO: [ view_parse ] --START--
INFO: [ template_filter ] --START--
INFO: Run Behavior\ContentReplaceBehavior [ RunTime:0.000000s ]
INFO: [ template_filter ] --END-- [ RunTime:0.000000s ]
INFO: Run Behavior\ParseTemplateBehavior [ RunTime:0.010001s ]
INFO: [ view_parse ] --END-- [ RunTime:0.010001s ]
INFO: [ view_filter ] --START--
INFO: Run Behavior\WriteHtmlCacheBehavior [ RunTime:0.000000s ]
INFO: [ view_filter ] --END-- [ RunTime:0.000000s ]
INFO: [ app_end ] --START--
INFO: Run Behavior\ShowPageTraceBehavior [ RunTime:0.001000s ]
INFO: [ app_end ] --END-- [ RunTime:0.001000s ]

[ 2016-09-02T14:50:37+08:00 ] ::1 /mr_navigation/index.php/Admin/Public/verify.html
INFO: [ app_init ] --START--
INFO: Run Behavior\BuildLiteBehavior [ RunTime:0.000000s ]
INFO: [ app_init ] --END-- [ RunTime:0.000000s ]
INFO: [ app_begin ] --START--
INFO: Run Behavior\ReadHtmlCacheBehavior [ RunTime:0.001000s ]
INFO: [ app_begin ] --END-- [ RunTime:0.001000s ]
INFO: [ app_end ] --START--
INFO: Run Behavior\ShowPageTraceBehavior [ RunTime:0.001000s ]
INFO: [ app_end ] --END-- [ RunTime:0.001000s ]

[ 2016-09-02T14:50:55+08:00 ] ::1 /mr_navigation/index.php/admin/Public/login.html
INFO: [ app_init ] --START--
INFO: Run Behavior\BuildLiteBehavior [ RunTime:0.000000s ]
INFO: [ app_init ] --END-- [ RunTime:0.000000s ]
INFO: [ app_begin ] --START--
INFO: Run Behavior\ReadHtmlCacheBehavior [ RunTime:0.000000s ]
INFO: [ app_begin ] --END-- [ RunTime:0.000000s ]
SQL: SHOW COLUMNS FROM `nav_admin` [ RunTime:0.0140s ]
SQL: SELECT * FROM `nav_admin` WHERE `username` = 'mr' LIMIT 1   [ RunTime:0.0030s ]

[ 2016-09-02T14:50:56+08:00 ] ::1 /mr_navigation/index.php/Admin/Index/index.html
INFO: [ app_init ] --START--
INFO: Run Behavior\BuildLiteBehavior [ RunTime:0.000000s ]
INFO: [ app_init ] --END-- [ RunTime:0.001000s ]
INFO: [ app_begin ] --START--
INFO: Run Behavior\ReadHtmlCacheBehavior [ RunTime:0.001001s ]
INFO: [ app_begin ] --END-- [ RunTime:0.001001s ]

[ 2016-09-02T14:50:57+08:00 ] ::1 /mr_navigation/index.php/Admin/Datalist/lists.html
INFO: [ app_init ] --START--
INFO: Run Behavior\BuildLiteBehavior [ RunTime:0.000000s ]
INFO: [ app_init ] --END-- [ RunTime:0.001000s ]
INFO: [ app_begin ] --START--
INFO: Run Behavior\ReadHtmlCacheBehavior [ RunTime:0.001000s ]
INFO: [ app_begin ] --END-- [ RunTime:0.001000s ]
SQL: SHOW COLUMNS FROM `nav_datalist` [ RunTime:0.0120s ]
SQL: SELECT COUNT(*) AS tp_count FROM `nav_datalist` LIMIT 1   [ RunTime:0.0010s ]
SQL: SELECT * FROM `nav_datalist` ORDER BY sort desc LIMIT 0,10   [ RunTime:0.0010s ]
INFO: [ view_parse ] --START--
NOTIC: [2] file_get_contents(./Application/Admin/View/Common/admin/footer.html): failed to open stream: No such file or directory D:\phpStudy\WWW\MR_navigation\ThinkPHP\Library\Think\Template.class.php 第 696 行.
INFO: [ template_filter ] --START--
INFO: Run Behavior\ContentReplaceBehavior [ RunTime:0.000000s ]
INFO: [ template_filter ] --END-- [ RunTime:0.000000s ]
NOTIC: [8] Undefined index: p D:\phpStudy\WWW\MR_navigation\Application\Runtime\Cache\Admin\2bccd9d07dc58baf32219c8a927dec8f.php 第 133 行.
NOTIC: [8] Undefined index: entity_id D:\phpStudy\WWW\MR_navigation\Application\Runtime\Cache\Admin\2bccd9d07dc58baf32219c8a927dec8f.php 第 154 行.
NOTIC: [8] Undefined index: entity_id D:\phpStudy\WWW\MR_navigation\Application\Runtime\Cache\Admin\2bccd9d07dc58baf32219c8a927dec8f.php 第 155 行.
SQL: SELECT * FROM `nav_datalist` WHERE `id` = 97 LIMIT 1   [ RunTime:0.0000s ]
SQL: SHOW COLUMNS FROM `nav_middle_level` [ RunTime:0.0060s ]
SQL: SELECT `id`,`high_id`,`middle_name` FROM `nav_middle_level` WHERE `id` = 17 LIMIT 1   [ RunTime:0.0010s ]
SQL: SHOW COLUMNS FROM `nav_high_level` [ RunTime:0.0050s ]
SQL: SELECT `high_name` FROM `nav_high_level` WHERE `id` = 15 LIMIT 1   [ RunTime:0.0020s ]
SQL: SHOW COLUMNS FROM `nav_elementary_level` [ RunTime:0.0070s ]
SQL: SELECT `elementary_name` FROM `nav_elementary_level` WHERE `id` = 22 LIMIT 1   [ RunTime:0.0010s ]
NOTIC: [8] Undefined index: entity_id D:\phpStudy\WWW\MR_navigation\Application\Runtime\Cache\Admin\2bccd9d07dc58baf32219c8a927dec8f.php 第 154 行.
NOTIC: [8] Undefined index: entity_id D:\phpStudy\WWW\MR_navigation\Application\Runtime\Cache\Admin\2bccd9d07dc58baf32219c8a927dec8f.php 第 155 行.
SQL: SELECT * FROM `nav_datalist` WHERE `id` = 91 LIMIT 1   [ RunTime:0.0000s ]
SQL: SELECT `high_name` FROM `nav_high_level` WHERE `id` = 16 LIMIT 1   [ RunTime:0.0000s ]
NOTIC: [8] Undefined index: entity_id D:\phpStudy\WWW\MR_navigation\Application\Runtime\Cache\Admin\2bccd9d07dc58baf32219c8a927dec8f.php 第 154 行.
NOTIC: [8] Undefined index: entity_id D:\phpStudy\WWW\MR_navigation\Application\Runtime\Cache\Admin\2bccd9d07dc58baf32219c8a927dec8f.php 第 155 行.
SQL: SELECT * FROM `nav_datalist` WHERE `id` = 93 LIMIT 1   [ RunTime:0.0000s ]
SQL: SELECT `id`,`high_id`,`middle_name` FROM `nav_middle_level` WHERE `id` = 22 LIMIT 1   [ RunTime:0.0000s ]
SQL: SELECT `high_name` FROM `nav_high_level` WHERE `id` = 15 LIMIT 1   [ RunTime:0.0010s ]
SQL: SELECT `elementary_name` FROM `nav_elementary_level` WHERE `id` = 25 LIMIT 1   [ RunTime:0.0000s ]
NOTIC: [8] Undefined index: entity_id D:\phpStudy\WWW\MR_navigation\Application\Runtime\Cache\Admin\2bccd9d07dc58baf32219c8a927dec8f.php 第 154 行.
NOTIC: [8] Undefined index: entity_id D:\phpStudy\WWW\MR_navigation\Application\Runtime\Cache\Admin\2bccd9d07dc58baf32219c8a927dec8f.php 第 155 行.
SQL: SELECT * FROM `nav_datalist` WHERE `id` = 94 LIMIT 1   [ RunTime:0.0000s ]
SQL: SELECT `id`,`high_id`,`middle_name` FROM `nav_middle_level` WHERE `id` = 22 LIMIT 1   [ RunTime:0.0000s ]
SQL: SELECT `high_name` FROM `nav_high_level` WHERE `id` = 15 LIMIT 1   [ RunTime:0.0010s ]
SQL: SELECT `elementary_name` FROM `nav_elementary_level` WHERE `id` = 25 LIMIT 1   [ RunTime:0.0000s ]
NOTIC: [8] Undefined index: entity_id D:\phpStudy\WWW\MR_navigation\Application\Runtime\Cache\Admin\2bccd9d07dc58baf32219c8a927dec8f.php 第 154 行.
NOTIC: [8] Undefined index: entity_id D:\phpStudy\WWW\MR_navigation\Application\Runtime\Cache\Admin\2bccd9d07dc58baf32219c8a927dec8f.php 第 155 行.
SQL: SELECT * FROM `nav_datalist` WHERE `id` = 9 LIMIT 1   [ RunTime:0.0000s ]
SQL: SELECT `id`,`high_id`,`middle_name` FROM `nav_middle_level` WHERE `id` = 17 LIMIT 1   [ RunTime:0.0000s ]
SQL: SELECT `high_name` FROM `nav_high_level` WHERE `id` = 15 LIMIT 1   [ RunTime:0.0000s ]
SQL: SELECT `elementary_name` FROM `nav_elementary_level` WHERE `id` = 21 LIMIT 1   [ RunTime:0.0000s ]
NOTIC: [8] Undefined index: entity_id D:\phpStudy\WWW\MR_navigation\Application\Runtime\Cache\Admin\2bccd9d07dc58baf32219c8a927dec8f.php 第 154 行.
NOTIC: [8] Undefined index: entity_id D:\phpStudy\WWW\MR_navigation\Application\Runtime\Cache\Admin\2bccd9d07dc58baf32219c8a927dec8f.php 第 155 行.
SQL: SELECT * FROM `nav_datalist` WHERE `id` = 90 LIMIT 1   [ RunTime:0.0000s ]
SQL: SELECT `id`,`high_id`,`middle_name` FROM `nav_middle_level` WHERE `id` = 17 LIMIT 1   [ RunTime:0.0000s ]
SQL: SELECT `high_name` FROM `nav_high_level` WHERE `id` = 15 LIMIT 1   [ RunTime:0.0010s ]
SQL: SELECT `elementary_name` FROM `nav_elementary_level` WHERE `id` = 22 LIMIT 1   [ RunTime:0.0000s ]
NOTIC: [8] Undefined index: entity_id D:\phpStudy\WWW\MR_navigation\Application\Runtime\Cache\Admin\2bccd9d07dc58baf32219c8a927dec8f.php 第 154 行.
NOTIC: [8] Undefined index: entity_id D:\phpStudy\WWW\MR_navigation\Application\Runtime\Cache\Admin\2bccd9d07dc58baf32219c8a927dec8f.php 第 155 行.
SQL: SELECT * FROM `nav_datalist` WHERE `id` = 92 LIMIT 1   [ RunTime:0.0000s ]
SQL: SELECT `id`,`high_id`,`middle_name` FROM `nav_middle_level` WHERE `id` = 22 LIMIT 1   [ RunTime:0.0000s ]
SQL: SELECT `high_name` FROM `nav_high_level` WHERE `id` = 15 LIMIT 1   [ RunTime:0.0000s ]
SQL: SELECT `elementary_name` FROM `nav_elementary_level` WHERE `id` = 24 LIMIT 1   [ RunTime:0.0000s ]
NOTIC: [8] Undefined index: entity_id D:\phpStudy\WWW\MR_navigation\Application\Runtime\Cache\Admin\2bccd9d07dc58baf32219c8a927dec8f.php 第 154 行.
NOTIC: [8] Undefined index: entity_id D:\phpStudy\WWW\MR_navigation\Application\Runtime\Cache\Admin\2bccd9d07dc58baf32219c8a927dec8f.php 第 155 行.
SQL: SELECT * FROM `nav_datalist` WHERE `id` = 8 LIMIT 1   [ RunTime:0.0000s ]
SQL: SELECT `id`,`high_id`,`middle_name` FROM `nav_middle_level` WHERE `id` = 17 LIMIT 1   [ RunTime:0.0010s ]
SQL: SELECT `high_name` FROM `nav_high_level` WHERE `id` = 15 LIMIT 1   [ RunTime:0.0000s ]
SQL: SELECT `elementary_name` FROM `nav_elementary_level` WHERE `id` = 21 LIMIT 1   [ RunTime:0.0000s ]
NOTIC: [8] Undefined index: entity_id D:\phpStudy\WWW\MR_navigation\Application\Runtime\Cache\Admin\2bccd9d07dc58baf32219c8a927dec8f.php 第 154 行.
NOTIC: [8] Undefined index: entity_id D:\phpStudy\WWW\MR_navigation\Application\Runtime\Cache\Admin\2bccd9d07dc58baf32219c8a927dec8f.php 第 155 行.
SQL: SELECT * FROM `nav_datalist` WHERE `id` = 96 LIMIT 1   [ RunTime:0.0010s ]
SQL: SELECT `high_name` FROM `nav_high_level` WHERE `id` = 15 LIMIT 1   [ RunTime:0.0000s ]
INFO: Run Behavior\ParseTemplateBehavior [ RunTime:0.058004s ]
INFO: [ view_parse ] --END-- [ RunTime:0.058004s ]
INFO: [ view_filter ] --START--
INFO: Run Behavior\WriteHtmlCacheBehavior [ RunTime:0.001000s ]
INFO: [ view_filter ] --END-- [ RunTime:0.001000s ]
INFO: [ app_end ] --START--
INFO: Run Behavior\ShowPageTraceBehavior [ RunTime:0.000000s ]
INFO: [ app_end ] --END-- [ RunTime:0.000000s ]

[ 2016-09-02T14:50:59+08:00 ] ::1 /mr_navigation/index.php/Admin/Public/logout.html
INFO: [ app_init ] --START--
INFO: Run Behavior\BuildLiteBehavior [ RunTime:0.000000s ]
INFO: [ app_init ] --END-- [ RunTime:0.000000s ]
INFO: [ app_begin ] --START--
INFO: Run Behavior\ReadHtmlCacheBehavior [ RunTime:0.000000s ]
INFO: [ app_begin ] --END-- [ RunTime:0.001000s ]

[ 2016-09-02T14:50:59+08:00 ] ::1 /mr_navigation/index.php/Admin/Public/login.html
INFO: [ app_init ] --START--
INFO: Run Behavior\BuildLiteBehavior [ RunTime:0.000000s ]
INFO: [ app_init ] --END-- [ RunTime:0.000000s ]
INFO: [ app_begin ] --START--
INFO: Run Behavior\ReadHtmlCacheBehavior [ RunTime:0.001000s ]
INFO: [ app_begin ] --END-- [ RunTime:0.001000s ]
INFO: [ view_parse ] --START--
INFO: [ template_filter ] --START--
INFO: Run Behavior\ContentReplaceBehavior [ RunTime:0.000000s ]
INFO: [ template_filter ] --END-- [ RunTime:0.000000s ]
INFO: Run Behavior\ParseTemplateBehavior [ RunTime:0.005000s ]
INFO: [ view_parse ] --END-- [ RunTime:0.005000s ]
INFO: [ view_filter ] --START--
INFO: Run Behavior\WriteHtmlCacheBehavior [ RunTime:0.001000s ]
INFO: [ view_filter ] --END-- [ RunTime:0.001000s ]
INFO: [ app_end ] --START--
INFO: Run Behavior\ShowPageTraceBehavior [ RunTime:0.000000s ]
INFO: [ app_end ] --END-- [ RunTime:0.000000s ]

[ 2016-09-02T14:50:59+08:00 ] ::1 /mr_navigation/index.php/Admin/Public/verify.html
INFO: [ app_init ] --START--
INFO: Run Behavior\BuildLiteBehavior [ RunTime:0.001000s ]
INFO: [ app_init ] --END-- [ RunTime:0.001000s ]
INFO: [ app_begin ] --START--
INFO: Run Behavior\ReadHtmlCacheBehavior [ RunTime:0.001000s ]
INFO: [ app_begin ] --END-- [ RunTime:0.001000s ]
INFO: [ app_end ] --START--
INFO: Run Behavior\ShowPageTraceBehavior [ RunTime:0.001000s ]
INFO: [ app_end ] --END-- [ RunTime:0.001000s ]

[ 2016-09-02T14:51:14+08:00 ] ::1 /mr_navigation/index.php/Admin/Public/login.html
INFO: [ app_init ] --START--
INFO: Run Behavior\BuildLiteBehavior [ RunTime:0.000000s ]
INFO: [ app_init ] --END-- [ RunTime:0.001000s ]
INFO: [ app_begin ] --START--
INFO: Run Behavior\ReadHtmlCacheBehavior [ RunTime:0.001000s ]
INFO: [ app_begin ] --END-- [ RunTime:0.001000s ]
SQL: SHOW COLUMNS FROM `nav_admin` [ RunTime:0.0140s ]
SQL: SELECT * FROM `nav_admin` WHERE `username` = 'mr' LIMIT 1   [ RunTime:0.0010s ]

[ 2016-09-02T14:51:15+08:00 ] ::1 /mr_navigation/index.php/Admin/Index/index.html
INFO: [ app_init ] --START--
INFO: Run Behavior\BuildLiteBehavior [ RunTime:0.000000s ]
INFO: [ app_init ] --END-- [ RunTime:0.001001s ]
INFO: [ app_begin ] --START--
INFO: Run Behavior\ReadHtmlCacheBehavior [ RunTime:0.001000s ]
INFO: [ app_begin ] --END-- [ RunTime:0.001000s ]

[ 2016-09-02T14:51:16+08:00 ] ::1 /mr_navigation/index.php/Admin/Datalist/lists.html
INFO: [ app_init ] --START--
INFO: Run Behavior\BuildLiteBehavior [ RunTime:0.000000s ]
INFO: [ app_init ] --END-- [ RunTime:0.000000s ]
INFO: [ app_begin ] --START--
INFO: Run Behavior\ReadHtmlCacheBehavior [ RunTime:0.000000s ]
INFO: [ app_begin ] --END-- [ RunTime:0.000000s ]
SQL: SHOW COLUMNS FROM `nav_datalist` [ RunTime:0.0160s ]
SQL: SELECT COUNT(*) AS tp_count FROM `nav_datalist` LIMIT 1   [ RunTime:0.0000s ]
SQL: SELECT * FROM `nav_datalist` ORDER BY sort desc LIMIT 0,10   [ RunTime:0.0020s ]
INFO: [ view_parse ] --START--
NOTIC: [2] file_get_contents(./Application/Admin/View/Common/admin/footer.html): failed to open stream: No such file or directory D:\phpStudy\WWW\MR_navigation\ThinkPHP\Library\Think\Template.class.php 第 696 行.
INFO: [ template_filter ] --START--
INFO: Run Behavior\ContentReplaceBehavior [ RunTime:0.000000s ]
INFO: [ template_filter ] --END-- [ RunTime:0.000000s ]
NOTIC: [8] Undefined index: p D:\phpStudy\WWW\MR_navigation\Application\Runtime\Cache\Admin\2bccd9d07dc58baf32219c8a927dec8f.php 第 133 行.
NOTIC: [8] Undefined index: entity_id D:\phpStudy\WWW\MR_navigation\Application\Runtime\Cache\Admin\2bccd9d07dc58baf32219c8a927dec8f.php 第 154 行.
NOTIC: [8] Undefined index: entity_id D:\phpStudy\WWW\MR_navigation\Application\Runtime\Cache\Admin\2bccd9d07dc58baf32219c8a927dec8f.php 第 155 行.
SQL: SELECT * FROM `nav_datalist` WHERE `id` = 97 LIMIT 1   [ RunTime:0.0000s ]
SQL: SHOW COLUMNS FROM `nav_middle_level` [ RunTime:0.0070s ]
SQL: SELECT `id`,`high_id`,`middle_name` FROM `nav_middle_level` WHERE `id` = 17 LIMIT 1   [ RunTime:0.0010s ]
SQL: SHOW COLUMNS FROM `nav_high_level` [ RunTime:0.0060s ]
SQL: SELECT `high_name` FROM `nav_high_level` WHERE `id` = 15 LIMIT 1   [ RunTime:0.0010s ]
SQL: SHOW COLUMNS FROM `nav_elementary_level` [ RunTime:0.0040s ]
SQL: SELECT `elementary_name` FROM `nav_elementary_level` WHERE `id` = 22 LIMIT 1   [ RunTime:0.0000s ]
NOTIC: [8] Undefined index: entity_id D:\phpStudy\WWW\MR_navigation\Application\Runtime\Cache\Admin\2bccd9d07dc58baf32219c8a927dec8f.php 第 154 行.
NOTIC: [8] Undefined index: entity_id D:\phpStudy\WWW\MR_navigation\Application\Runtime\Cache\Admin\2bccd9d07dc58baf32219c8a927dec8f.php 第 155 行.
SQL: SELECT * FROM `nav_datalist` WHERE `id` = 91 LIMIT 1   [ RunTime:0.0000s ]
SQL: SELECT `high_name` FROM `nav_high_level` WHERE `id` = 16 LIMIT 1   [ RunTime:0.0000s ]
NOTIC: [8] Undefined index: entity_id D:\phpStudy\WWW\MR_navigation\Application\Runtime\Cache\Admin\2bccd9d07dc58baf32219c8a927dec8f.php 第 154 行.
NOTIC: [8] Undefined index: entity_id D:\phpStudy\WWW\MR_navigation\Application\Runtime\Cache\Admin\2bccd9d07dc58baf32219c8a927dec8f.php 第 155 行.
SQL: SELECT * FROM `nav_datalist` WHERE `id` = 93 LIMIT 1   [ RunTime:0.0000s ]
SQL: SELECT `id`,`high_id`,`middle_name` FROM `nav_middle_level` WHERE `id` = 22 LIMIT 1   [ RunTime:0.0000s ]
SQL: SELECT `high_name` FROM `nav_high_level` WHERE `id` = 15 LIMIT 1   [ RunTime:0.0000s ]
SQL: SELECT `elementary_name` FROM `nav_elementary_level` WHERE `id` = 25 LIMIT 1   [ RunTime:0.0010s ]
NOTIC: [8] Undefined index: entity_id D:\phpStudy\WWW\MR_navigation\Application\Runtime\Cache\Admin\2bccd9d07dc58baf32219c8a927dec8f.php 第 154 行.
NOTIC: [8] Undefined index: entity_id D:\phpStudy\WWW\MR_navigation\Application\Runtime\Cache\Admin\2bccd9d07dc58baf32219c8a927dec8f.php 第 155 行.
SQL: SELECT * FROM `nav_datalist` WHERE `id` = 94 LIMIT 1   [ RunTime:0.0000s ]
SQL: SELECT `id`,`high_id`,`middle_name` FROM `nav_middle_level` WHERE `id` = 22 LIMIT 1   [ RunTime:0.0000s ]
SQL: SELECT `high_name` FROM `nav_high_level` WHERE `id` = 15 LIMIT 1   [ RunTime:0.0010s ]
SQL: SELECT `elementary_name` FROM `nav_elementary_level` WHERE `id` = 25 LIMIT 1   [ RunTime:0.0000s ]
NOTIC: [8] Undefined index: entity_id D:\phpStudy\WWW\MR_navigation\Application\Runtime\Cache\Admin\2bccd9d07dc58baf32219c8a927dec8f.php 第 154 行.
NOTIC: [8] Undefined index: entity_id D:\phpStudy\WWW\MR_navigation\Application\Runtime\Cache\Admin\2bccd9d07dc58baf32219c8a927dec8f.php 第 155 行.
SQL: SELECT * FROM `nav_datalist` WHERE `id` = 9 LIMIT 1   [ RunTime:0.0010s ]
SQL: SELECT `id`,`high_id`,`middle_name` FROM `nav_middle_level` WHERE `id` = 17 LIMIT 1   [ RunTime:0.0000s ]
SQL: SELECT `high_name` FROM `nav_high_level` WHERE `id` = 15 LIMIT 1   [ RunTime:0.0010s ]
SQL: SELECT `elementary_name` FROM `nav_elementary_level` WHERE `id` = 21 LIMIT 1   [ RunTime:0.0000s ]
NOTIC: [8] Undefined index: entity_id D:\phpStudy\WWW\MR_navigation\Application\Runtime\Cache\Admin\2bccd9d07dc58baf32219c8a927dec8f.php 第 154 行.
NOTIC: [8] Undefined index: entity_id D:\phpStudy\WWW\MR_navigation\Application\Runtime\Cache\Admin\2bccd9d07dc58baf32219c8a927dec8f.php 第 155 行.
SQL: SELECT * FROM `nav_datalist` WHERE `id` = 90 LIMIT 1   [ RunTime:0.0000s ]
SQL: SELECT `id`,`high_id`,`middle_name` FROM `nav_middle_level` WHERE `id` = 17 LIMIT 1   [ RunTime:0.0010s ]
SQL: SELECT `high_name` FROM `nav_high_level` WHERE `id` = 15 LIMIT 1   [ RunTime:0.0000s ]
SQL: SELECT `elementary_name` FROM `nav_elementary_level` WHERE `id` = 22 LIMIT 1   [ RunTime:0.0000s ]
NOTIC: [8] Undefined index: entity_id D:\phpStudy\WWW\MR_navigation\Application\Runtime\Cache\Admin\2bccd9d07dc58baf32219c8a927dec8f.php 第 154 行.
NOTIC: [8] Undefined index: entity_id D:\phpStudy\WWW\MR_navigation\Application\Runtime\Cache\Admin\2bccd9d07dc58baf32219c8a927dec8f.php 第 155 行.
SQL: SELECT * FROM `nav_datalist` WHERE `id` = 92 LIMIT 1   [ RunTime:0.0010s ]
SQL: SELECT `id`,`high_id`,`middle_name` FROM `nav_middle_level` WHERE `id` = 22 LIMIT 1   [ RunTime:0.0000s ]
SQL: SELECT `high_name` FROM `nav_high_level` WHERE `id` = 15 LIMIT 1   [ RunTime:0.0000s ]
SQL: SELECT `elementary_name` FROM `nav_elementary_level` WHERE `id` = 24 LIMIT 1   [ RunTime:0.0000s ]
NOTIC: [8] Undefined index: entity_id D:\phpStudy\WWW\MR_navigation\Application\Runtime\Cache\Admin\2bccd9d07dc58baf32219c8a927dec8f.php 第 154 行.
NOTIC: [8] Undefined index: entity_id D:\phpStudy\WWW\MR_navigation\Application\Runtime\Cache\Admin\2bccd9d07dc58baf32219c8a927dec8f.php 第 155 行.
SQL: SELECT * FROM `nav_datalist` WHERE `id` = 8 LIMIT 1   [ RunTime:0.0000s ]
SQL: SELECT `id`,`high_id`,`middle_name` FROM `nav_middle_level` WHERE `id` = 17 LIMIT 1   [ RunTime:0.0000s ]
SQL: SELECT `high_name` FROM `nav_high_level` WHERE `id` = 15 LIMIT 1   [ RunTime:0.0010s ]
SQL: SELECT `elementary_name` FROM `nav_elementary_level` WHERE `id` = 21 LIMIT 1   [ RunTime:0.0000s ]
NOTIC: [8] Undefined index: entity_id D:\phpStudy\WWW\MR_navigation\Application\Runtime\Cache\Admin\2bccd9d07dc58baf32219c8a927dec8f.php 第 154 行.
NOTIC: [8] Undefined index: entity_id D:\phpStudy\WWW\MR_navigation\Application\Runtime\Cache\Admin\2bccd9d07dc58baf32219c8a927dec8f.php 第 155 行.
SQL: SELECT * FROM `nav_datalist` WHERE `id` = 96 LIMIT 1   [ RunTime:0.0000s ]
SQL: SELECT `high_name` FROM `nav_high_level` WHERE `id` = 15 LIMIT 1   [ RunTime:0.0010s ]
INFO: Run Behavior\ParseTemplateBehavior [ RunTime:0.051003s ]
INFO: [ view_parse ] --END-- [ RunTime:0.051003s ]
INFO: [ view_filter ] --START--
INFO: Run Behavior\WriteHtmlCacheBehavior [ RunTime:0.000000s ]
INFO: [ view_filter ] --END-- [ RunTime:0.000000s ]
INFO: [ app_end ] --START--
INFO: Run Behavior\ShowPageTraceBehavior [ RunTime:0.001000s ]
INFO: [ app_end ] --END-- [ RunTime:0.001000s ]

[ 2016-09-02T14:51:36+08:00 ] ::1 /mr_navigation/index.php/Admin/HighLevel/lists.html
INFO: [ app_init ] --START--
INFO: Run Behavior\BuildLiteBehavior [ RunTime:0.000000s ]
INFO: [ app_init ] --END-- [ RunTime:0.001000s ]
INFO: [ app_begin ] --START--
INFO: Run Behavior\ReadHtmlCacheBehavior [ RunTime:0.001000s ]
INFO: [ app_begin ] --END-- [ RunTime:0.001000s ]
SQL: SHOW COLUMNS FROM `nav_high_level` [ RunTime:0.0170s ]
SQL: SELECT COUNT(*) AS tp_count FROM `nav_high_level` LIMIT 1   [ RunTime:0.0010s ]
NOTIC: [8] Undefined variable: map D:\phpStudy\WWW\MR_navigation\Application\Admin\Controller\HighLevelController.class.php 第 18 行.
SQL: SELECT * FROM `nav_high_level` ORDER BY sort desc LIMIT 0,10   [ RunTime:0.0020s ]
INFO: [ view_parse ] --START--
NOTIC: [2] file_get_contents(./Application/Admin/View/Common/admin/footer.html): failed to open stream: No such file or directory D:\phpStudy\WWW\MR_navigation\ThinkPHP\Library\Think\Template.class.php 第 696 行.
INFO: [ template_filter ] --START--
INFO: Run Behavior\ContentReplaceBehavior [ RunTime:0.000000s ]
INFO: [ template_filter ] --END-- [ RunTime:0.000000s ]
NOTIC: [8] Undefined variable: keyword D:\phpStudy\WWW\MR_navigation\Application\Runtime\Cache\Admin\9c2beb313b914c6391b3fbbcdfe3fff0.php 第 134 行.
NOTIC: [8] Undefined index: p D:\phpStudy\WWW\MR_navigation\Application\Runtime\Cache\Admin\9c2beb313b914c6391b3fbbcdfe3fff0.php 第 145 行.
NOTIC: [8] Undefined index: entity_id D:\phpStudy\WWW\MR_navigation\Application\Runtime\Cache\Admin\9c2beb313b914c6391b3fbbcdfe3fff0.php 第 165 行.
NOTIC: [8] Undefined index: entity_id D:\phpStudy\WWW\MR_navigation\Application\Runtime\Cache\Admin\9c2beb313b914c6391b3fbbcdfe3fff0.php 第 166 行.
NOTIC: [8] Undefined index: entity_id D:\phpStudy\WWW\MR_navigation\Application\Runtime\Cache\Admin\9c2beb313b914c6391b3fbbcdfe3fff0.php 第 165 行.
NOTIC: [8] Undefined index: entity_id D:\phpStudy\WWW\MR_navigation\Application\Runtime\Cache\Admin\9c2beb313b914c6391b3fbbcdfe3fff0.php 第 166 行.
NOTIC: [8] Undefined index: entity_id D:\phpStudy\WWW\MR_navigation\Application\Runtime\Cache\Admin\9c2beb313b914c6391b3fbbcdfe3fff0.php 第 165 行.
NOTIC: [8] Undefined index: entity_id D:\phpStudy\WWW\MR_navigation\Application\Runtime\Cache\Admin\9c2beb313b914c6391b3fbbcdfe3fff0.php 第 166 行.
NOTIC: [8] Undefined index: entity_id D:\phpStudy\WWW\MR_navigation\Application\Runtime\Cache\Admin\9c2beb313b914c6391b3fbbcdfe3fff0.php 第 165 行.
NOTIC: [8] Undefined index: entity_id D:\phpStudy\WWW\MR_navigation\Application\Runtime\Cache\Admin\9c2beb313b914c6391b3fbbcdfe3fff0.php 第 166 行.
NOTIC: [8] Undefined index: entity_id D:\phpStudy\WWW\MR_navigation\Application\Runtime\Cache\Admin\9c2beb313b914c6391b3fbbcdfe3fff0.php 第 165 行.
NOTIC: [8] Undefined index: entity_id D:\phpStudy\WWW\MR_navigation\Application\Runtime\Cache\Admin\9c2beb313b914c6391b3fbbcdfe3fff0.php 第 166 行.
NOTIC: [8] Undefined index: entity_id D:\phpStudy\WWW\MR_navigation\Application\Runtime\Cache\Admin\9c2beb313b914c6391b3fbbcdfe3fff0.php 第 165 行.
NOTIC: [8] Undefined index: entity_id D:\phpStudy\WWW\MR_navigation\Application\Runtime\Cache\Admin\9c2beb313b914c6391b3fbbcdfe3fff0.php 第 166 行.
INFO: Run Behavior\ParseTemplateBehavior [ RunTime:0.022001s ]
INFO: [ view_parse ] --END-- [ RunTime:0.022001s ]
INFO: [ view_filter ] --START--
INFO: Run Behavior\WriteHtmlCacheBehavior [ RunTime:0.000000s ]
INFO: [ view_filter ] --END-- [ RunTime:0.000000s ]
INFO: [ app_end ] --START--
INFO: Run Behavior\ShowPageTraceBehavior [ RunTime:0.000000s ]
INFO: [ app_end ] --END-- [ RunTime:0.001000s ]

[ 2016-09-02T14:51:38+08:00 ] ::1 /mr_navigation/index.php/Admin/ElementaryLevel/lists.html
INFO: [ app_init ] --START--
INFO: Run Behavior\BuildLiteBehavior [ RunTime:0.000000s ]
INFO: [ app_init ] --END-- [ RunTime:0.001001s ]
INFO: [ app_begin ] --START--
INFO: Run Behavior\ReadHtmlCacheBehavior [ RunTime:0.000000s ]
INFO: [ app_begin ] --END-- [ RunTime:0.000000s ]
SQL: SHOW COLUMNS FROM `nav_elementary_level` [ RunTime:0.0120s ]
NOTIC: [8] Undefined variable: map D:\phpStudy\WWW\MR_navigation\Application\Admin\Controller\ElementaryLevelController.class.php 第 14 行.
SQL: SELECT COUNT(*) AS tp_count FROM `nav_elementary_level` LIMIT 1   [ RunTime:0.0000s ]
NOTIC: [8] Undefined variable: map D:\phpStudy\WWW\MR_navigation\Application\Admin\Controller\ElementaryLevelController.class.php 第 18 行.
SQL: SELECT * FROM `nav_elementary_level` ORDER BY sort desc LIMIT 0,10   [ RunTime:0.0020s ]
INFO: [ view_parse ] --START--
NOTIC: [2] file_get_contents(./Application/Admin/View/Common/admin/footer.html): failed to open stream: No such file or directory D:\phpStudy\WWW\MR_navigation\ThinkPHP\Library\Think\Template.class.php 第 696 行.
INFO: [ template_filter ] --START--
INFO: Run Behavior\ContentReplaceBehavior [ RunTime:0.000000s ]
INFO: [ template_filter ] --END-- [ RunTime:0.000000s ]
NOTIC: [8] Undefined variable: keyword D:\phpStudy\WWW\MR_navigation\Application\Runtime\Cache\Admin\756ab8553d3f81609a91e0b03f281eb2.php 第 134 行.
NOTIC: [8] Undefined index: p D:\phpStudy\WWW\MR_navigation\Application\Runtime\Cache\Admin\756ab8553d3f81609a91e0b03f281eb2.php 第 145 行.
NOTIC: [8] Undefined index: entity_id D:\phpStudy\WWW\MR_navigation\Application\Runtime\Cache\Admin\756ab8553d3f81609a91e0b03f281eb2.php 第 164 行.
NOTIC: [8] Undefined index: entity_id D:\phpStudy\WWW\MR_navigation\Application\Runtime\Cache\Admin\756ab8553d3f81609a91e0b03f281eb2.php 第 165 行.
SQL: SHOW COLUMNS FROM `nav_middle_level` [ RunTime:0.0070s ]
SQL: SELECT `id`,`high_id`,`middle_name` FROM `nav_middle_level` WHERE `id` = 17 LIMIT 1   [ RunTime:0.0010s ]
SQL: SHOW COLUMNS FROM `nav_high_level` [ RunTime:0.0050s ]
SQL: SELECT `high_name` FROM `nav_high_level` WHERE `id` = 15 LIMIT 1   [ RunTime:0.0010s ]
NOTIC: [8] Undefined index: entity_id D:\phpStudy\WWW\MR_navigation\Application\Runtime\Cache\Admin\756ab8553d3f81609a91e0b03f281eb2.php 第 164 行.
NOTIC: [8] Undefined index: entity_id D:\phpStudy\WWW\MR_navigation\Application\Runtime\Cache\Admin\756ab8553d3f81609a91e0b03f281eb2.php 第 165 行.
SQL: SELECT `id`,`high_id`,`middle_name` FROM `nav_middle_level` WHERE `id` = 17 LIMIT 1   [ RunTime:0.0000s ]
SQL: SELECT `high_name` FROM `nav_high_level` WHERE `id` = 15 LIMIT 1   [ RunTime:0.0010s ]
NOTIC: [8] Undefined index: entity_id D:\phpStudy\WWW\MR_navigation\Application\Runtime\Cache\Admin\756ab8553d3f81609a91e0b03f281eb2.php 第 164 行.
NOTIC: [8] Undefined index: entity_id D:\phpStudy\WWW\MR_navigation\Application\Runtime\Cache\Admin\756ab8553d3f81609a91e0b03f281eb2.php 第 165 行.
SQL: SELECT `id`,`high_id`,`middle_name` FROM `nav_middle_level` WHERE `id` = 16 LIMIT 1   [ RunTime:0.0000s ]
SQL: SELECT `high_name` FROM `nav_high_level` WHERE `id` = 13 LIMIT 1   [ RunTime:0.0000s ]
NOTIC: [8] Undefined index: entity_id D:\phpStudy\WWW\MR_navigation\Application\Runtime\Cache\Admin\756ab8553d3f81609a91e0b03f281eb2.php 第 164 行.
NOTIC: [8] Undefined index: entity_id D:\phpStudy\WWW\MR_navigation\Application\Runtime\Cache\Admin\756ab8553d3f81609a91e0b03f281eb2.php 第 165 行.
SQL: SELECT `id`,`high_id`,`middle_name` FROM `nav_middle_level` WHERE `id` = 17 LIMIT 1   [ RunTime:0.0000s ]
SQL: SELECT `high_name` FROM `nav_high_level` WHERE `id` = 15 LIMIT 1   [ RunTime:0.0000s ]
NOTIC: [8] Undefined index: entity_id D:\phpStudy\WWW\MR_navigation\Application\Runtime\Cache\Admin\756ab8553d3f81609a91e0b03f281eb2.php 第 164 行.
NOTIC: [8] Undefined index: entity_id D:\phpStudy\WWW\MR_navigation\Application\Runtime\Cache\Admin\756ab8553d3f81609a91e0b03f281eb2.php 第 165 行.
SQL: SELECT `id`,`high_id`,`middle_name` FROM `nav_middle_level` WHERE `id` = 22 LIMIT 1   [ RunTime:0.0010s ]
SQL: SELECT `high_name` FROM `nav_high_level` WHERE `id` = 15 LIMIT 1   [ RunTime:0.0000s ]
NOTIC: [8] Undefined index: entity_id D:\phpStudy\WWW\MR_navigation\Application\Runtime\Cache\Admin\756ab8553d3f81609a91e0b03f281eb2.php 第 164 行.
NOTIC: [8] Undefined index: entity_id D:\phpStudy\WWW\MR_navigation\Application\Runtime\Cache\Admin\756ab8553d3f81609a91e0b03f281eb2.php 第 165 行.
SQL: SELECT `id`,`high_id`,`middle_name` FROM `nav_middle_level` WHERE `id` = 17 LIMIT 1   [ RunTime:0.0010s ]
SQL: SELECT `high_name` FROM `nav_high_level` WHERE `id` = 15 LIMIT 1   [ RunTime:0.0000s ]
NOTIC: [8] Undefined index: entity_id D:\phpStudy\WWW\MR_navigation\Application\Runtime\Cache\Admin\756ab8553d3f81609a91e0b03f281eb2.php 第 164 行.
NOTIC: [8] Undefined index: entity_id D:\phpStudy\WWW\MR_navigation\Application\Runtime\Cache\Admin\756ab8553d3f81609a91e0b03f281eb2.php 第 165 行.
SQL: SELECT `id`,`high_id`,`middle_name` FROM `nav_middle_level` WHERE `id` = 17 LIMIT 1   [ RunTime:0.0000s ]
SQL: SELECT `high_name` FROM `nav_high_level` WHERE `id` = 15 LIMIT 1   [ RunTime:0.0010s ]
NOTIC: [8] Undefined index: entity_id D:\phpStudy\WWW\MR_navigation\Application\Runtime\Cache\Admin\756ab8553d3f81609a91e0b03f281eb2.php 第 164 行.
NOTIC: [8] Undefined index: entity_id D:\phpStudy\WWW\MR_navigation\Application\Runtime\Cache\Admin\756ab8553d3f81609a91e0b03f281eb2.php 第 165 行.
SQL: SELECT `id`,`high_id`,`middle_name` FROM `nav_middle_level` WHERE `id` = 22 LIMIT 1   [ RunTime:0.0000s ]
SQL: SELECT `high_name` FROM `nav_high_level` WHERE `id` = 15 LIMIT 1   [ RunTime:0.0000s ]
NOTIC: [8] Undefined index: entity_id D:\phpStudy\WWW\MR_navigation\Application\Runtime\Cache\Admin\756ab8553d3f81609a91e0b03f281eb2.php 第 164 行.
NOTIC: [8] Undefined index: entity_id D:\phpStudy\WWW\MR_navigation\Application\Runtime\Cache\Admin\756ab8553d3f81609a91e0b03f281eb2.php 第 165 行.
SQL: SELECT `id`,`high_id`,`middle_name` FROM `nav_middle_level` WHERE `id` = 21 LIMIT 1   [ RunTime:0.0000s ]
SQL: SELECT `high_name` FROM `nav_high_level` WHERE `id` = 15 LIMIT 1   [ RunTime:0.0000s ]
NOTIC: [8] Undefined index: entity_id D:\phpStudy\WWW\MR_navigation\Application\Runtime\Cache\Admin\756ab8553d3f81609a91e0b03f281eb2.php 第 164 行.
NOTIC: [8] Undefined index: entity_id D:\phpStudy\WWW\MR_navigation\Application\Runtime\Cache\Admin\756ab8553d3f81609a91e0b03f281eb2.php 第 165 行.
SQL: SELECT `id`,`high_id`,`middle_name` FROM `nav_middle_level` WHERE `id` = 16 LIMIT 1   [ RunTime:0.0000s ]
SQL: SELECT `high_name` FROM `nav_high_level` WHERE `id` = 13 LIMIT 1   [ RunTime:0.0000s ]
INFO: Run Behavior\ParseTemplateBehavior [ RunTime:0.041003s ]
INFO: [ view_parse ] --END-- [ RunTime:0.041003s ]
INFO: [ view_filter ] --START--
INFO: Run Behavior\WriteHtmlCacheBehavior [ RunTime:0.000000s ]
INFO: [ view_filter ] --END-- [ RunTime:0.000000s ]
INFO: [ app_end ] --START--
INFO: Run Behavior\ShowPageTraceBehavior [ RunTime:0.000000s ]
INFO: [ app_end ] --END-- [ RunTime:0.000000s ]

[ 2016-09-02T14:51:40+08:00 ] ::1 /mr_navigation/index.php/Admin/HighLevel/lists.html
INFO: [ app_init ] --START--
INFO: Run Behavior\BuildLiteBehavior [ RunTime:0.000000s ]
INFO: [ app_init ] --END-- [ RunTime:0.000000s ]
INFO: [ app_begin ] --START--
INFO: Run Behavior\ReadHtmlCacheBehavior [ RunTime:0.001000s ]
INFO: [ app_begin ] --END-- [ RunTime:0.001000s ]
SQL: SHOW COLUMNS FROM `nav_high_level` [ RunTime:0.0100s ]
SQL: SELECT COUNT(*) AS tp_count FROM `nav_high_level` LIMIT 1   [ RunTime:0.0010s ]
NOTIC: [8] Undefined variable: map D:\phpStudy\WWW\MR_navigation\Application\Admin\Controller\HighLevelController.class.php 第 18 行.
SQL: SELECT * FROM `nav_high_level` ORDER BY sort desc LIMIT 0,10   [ RunTime:0.0000s ]
INFO: [ view_parse ] --START--
NOTIC: [2] file_get_contents(./Application/Admin/View/Common/admin/footer.html): failed to open stream: No such file or directory D:\phpStudy\WWW\MR_navigation\ThinkPHP\Library\Think\Template.class.php 第 696 行.
INFO: [ template_filter ] --START--
INFO: Run Behavior\ContentReplaceBehavior [ RunTime:0.000000s ]
INFO: [ template_filter ] --END-- [ RunTime:0.000000s ]
NOTIC: [8] Undefined variable: keyword D:\phpStudy\WWW\MR_navigation\Application\Runtime\Cache\Admin\9c2beb313b914c6391b3fbbcdfe3fff0.php 第 134 行.
NOTIC: [8] Undefined index: p D:\phpStudy\WWW\MR_navigation\Application\Runtime\Cache\Admin\9c2beb313b914c6391b3fbbcdfe3fff0.php 第 145 行.
NOTIC: [8] Undefined index: entity_id D:\phpStudy\WWW\MR_navigation\Application\Runtime\Cache\Admin\9c2beb313b914c6391b3fbbcdfe3fff0.php 第 165 行.
NOTIC: [8] Undefined index: entity_id D:\phpStudy\WWW\MR_navigation\Application\Runtime\Cache\Admin\9c2beb313b914c6391b3fbbcdfe3fff0.php 第 166 行.
NOTIC: [8] Undefined index: entity_id D:\phpStudy\WWW\MR_navigation\Application\Runtime\Cache\Admin\9c2beb313b914c6391b3fbbcdfe3fff0.php 第 165 行.
NOTIC: [8] Undefined index: entity_id D:\phpStudy\WWW\MR_navigation\Application\Runtime\Cache\Admin\9c2beb313b914c6391b3fbbcdfe3fff0.php 第 166 行.
NOTIC: [8] Undefined index: entity_id D:\phpStudy\WWW\MR_navigation\Application\Runtime\Cache\Admin\9c2beb313b914c6391b3fbbcdfe3fff0.php 第 165 行.
NOTIC: [8] Undefined index: entity_id D:\phpStudy\WWW\MR_navigation\Application\Runtime\Cache\Admin\9c2beb313b914c6391b3fbbcdfe3fff0.php 第 166 行.
NOTIC: [8] Undefined index: entity_id D:\phpStudy\WWW\MR_navigation\Application\Runtime\Cache\Admin\9c2beb313b914c6391b3fbbcdfe3fff0.php 第 165 行.
NOTIC: [8] Undefined index: entity_id D:\phpStudy\WWW\MR_navigation\Application\Runtime\Cache\Admin\9c2beb313b914c6391b3fbbcdfe3fff0.php 第 166 行.
NOTIC: [8] Undefined index: entity_id D:\phpStudy\WWW\MR_navigation\Application\Runtime\Cache\Admin\9c2beb313b914c6391b3fbbcdfe3fff0.php 第 165 行.
NOTIC: [8] Undefined index: entity_id D:\phpStudy\WWW\MR_navigation\Application\Runtime\Cache\Admin\9c2beb313b914c6391b3fbbcdfe3fff0.php 第 166 行.
NOTIC: [8] Undefined index: entity_id D:\phpStudy\WWW\MR_navigation\Application\Runtime\Cache\Admin\9c2beb313b914c6391b3fbbcdfe3fff0.php 第 165 行.
NOTIC: [8] Undefined index: entity_id D:\phpStudy\WWW\MR_navigation\Application\Runtime\Cache\Admin\9c2beb313b914c6391b3fbbcdfe3fff0.php 第 166 行.
INFO: Run Behavior\ParseTemplateBehavior [ RunTime:0.018001s ]
INFO: [ view_parse ] --END-- [ RunTime:0.018001s ]
INFO: [ view_filter ] --START--
INFO: Run Behavior\WriteHtmlCacheBehavior [ RunTime:0.001000s ]
INFO: [ view_filter ] --END-- [ RunTime:0.001000s ]
INFO: [ app_end ] --START--
INFO: Run Behavior\ShowPageTraceBehavior [ RunTime:0.001000s ]
INFO: [ app_end ] --END-- [ RunTime:0.001000s ]

[ 2016-09-02T14:56:08+08:00 ] ::1 /mr_navigation/index.php/Admin/Public/logout.html
INFO: [ app_init ] --START--
INFO: Run Behavior\BuildLiteBehavior [ RunTime:0.000000s ]
INFO: [ app_init ] --END-- [ RunTime:0.000000s ]
INFO: [ app_begin ] --START--
INFO: Run Behavior\ReadHtmlCacheBehavior [ RunTime:0.000000s ]
INFO: [ app_begin ] --END-- [ RunTime:0.000000s ]

[ 2016-09-02T14:56:08+08:00 ] ::1 /mr_navigation/index.php/Admin/Public/login.html
INFO: [ app_init ] --START--
INFO: Run Behavior\BuildLiteBehavior [ RunTime:0.000000s ]
INFO: [ app_init ] --END-- [ RunTime:0.001000s ]
INFO: [ app_begin ] --START--
INFO: Run Behavior\ReadHtmlCacheBehavior [ RunTime:0.001000s ]
INFO: [ app_begin ] --END-- [ RunTime:0.001000s ]
INFO: [ view_parse ] --START--
INFO: [ template_filter ] --START--
INFO: Run Behavior\ContentReplaceBehavior [ RunTime:0.000000s ]
INFO: [ template_filter ] --END-- [ RunTime:0.000000s ]
INFO: Run Behavior\ParseTemplateBehavior [ RunTime:0.006001s ]
INFO: [ view_parse ] --END-- [ RunTime:0.006001s ]
INFO: [ view_filter ] --START--
INFO: Run Behavior\WriteHtmlCacheBehavior [ RunTime:0.001000s ]
INFO: [ view_filter ] --END-- [ RunTime:0.001000s ]
INFO: [ app_end ] --START--
INFO: Run Behavior\ShowPageTraceBehavior [ RunTime:0.000000s ]
INFO: [ app_end ] --END-- [ RunTime:0.000000s ]

[ 2016-09-02T14:56:08+08:00 ] ::1 /mr_navigation/index.php/Admin/Public/verify.html
INFO: [ app_init ] --START--
INFO: Run Behavior\BuildLiteBehavior [ RunTime:0.000000s ]
INFO: [ app_init ] --END-- [ RunTime:0.001001s ]
INFO: [ app_begin ] --START--
INFO: Run Behavior\ReadHtmlCacheBehavior [ RunTime:0.000000s ]
INFO: [ app_begin ] --END-- [ RunTime:0.000000s ]
INFO: [ app_end ] --START--
INFO: Run Behavior\ShowPageTraceBehavior [ RunTime:0.000000s ]
INFO: [ app_end ] --END-- [ RunTime:0.000000s ]

[ 2016-09-02T14:56:18+08:00 ] ::1 /mr_navigation/index.php/Admin/Public/login.html
INFO: [ app_init ] --START--
INFO: Run Behavior\BuildLiteBehavior [ RunTime:0.000000s ]
INFO: [ app_init ] --END-- [ RunTime:0.000000s ]
INFO: [ app_begin ] --START--
INFO: Run Behavior\ReadHtmlCacheBehavior [ RunTime:0.001001s ]
INFO: [ app_begin ] --END-- [ RunTime:0.001001s ]

[ 2016-09-02T14:56:18+08:00 ] ::1 /mr_navigation/index.php/Admin/Public/verify.html?0.009938081557391287
INFO: [ app_init ] --START--
INFO: Run Behavior\BuildLiteBehavior [ RunTime:0.000000s ]
INFO: [ app_init ] --END-- [ RunTime:0.001000s ]
INFO: [ app_begin ] --START--
INFO: Run Behavior\ReadHtmlCacheBehavior [ RunTime:0.001000s ]
INFO: [ app_begin ] --END-- [ RunTime:0.001000s ]
INFO: [ app_end ] --START--
INFO: Run Behavior\ShowPageTraceBehavior [ RunTime:0.001000s ]
INFO: [ app_end ] --END-- [ RunTime:0.001000s ]

[ 2016-09-02T14:56:22+08:00 ] ::1 /mr_navigation/index.php/Admin/Public/login.html
INFO: [ app_init ] --START--
INFO: Run Behavior\BuildLiteBehavior [ RunTime:0.000000s ]
INFO: [ app_init ] --END-- [ RunTime:0.001000s ]
INFO: [ app_begin ] --START--
INFO: Run Behavior\ReadHtmlCacheBehavior [ RunTime:0.001000s ]
INFO: [ app_begin ] --END-- [ RunTime:0.001000s ]

[ 2016-09-02T14:56:22+08:00 ] ::1 /mr_navigation/index.php/Admin/Public/verify.html?0.009938081557391287?0.6935489861605975
INFO: [ app_init ] --START--
INFO: Run Behavior\BuildLiteBehavior [ RunTime:0.000000s ]
INFO: [ app_init ] --END-- [ RunTime:0.001000s ]
INFO: [ app_begin ] --START--
INFO: Run Behavior\ReadHtmlCacheBehavior [ RunTime:0.000000s ]
INFO: [ app_begin ] --END-- [ RunTime:0.000000s ]
INFO: [ app_end ] --START--
INFO: Run Behavior\ShowPageTraceBehavior [ RunTime:0.000000s ]
INFO: [ app_end ] --END-- [ RunTime:0.000000s ]

[ 2016-09-02T14:56:44+08:00 ] ::1 /mr_navigation/index.php/Admin/Public/login.html
INFO: [ app_init ] --START--
INFO: Run Behavior\BuildLiteBehavior [ RunTime:0.000000s ]
INFO: [ app_init ] --END-- [ RunTime:0.001000s ]
INFO: [ app_begin ] --START--
INFO: Run Behavior\ReadHtmlCacheBehavior [ RunTime:0.000000s ]
INFO: [ app_begin ] --END-- [ RunTime:0.000000s ]
SQL: SHOW COLUMNS FROM `nav_admin` [ RunTime:0.0150s ]
SQL: SELECT * FROM `nav_admin` WHERE `username` = 'mr' LIMIT 1   [ RunTime:0.0010s ]

[ 2016-09-02T14:56:45+08:00 ] ::1 /mr_navigation/index.php/Admin/Public/verify.html?0.009938081557391287?0.6935489861605975?0.3450721299491344
INFO: [ app_init ] --START--
INFO: Run Behavior\BuildLiteBehavior [ RunTime:0.000000s ]
INFO: [ app_init ] --END-- [ RunTime:0.000000s ]
INFO: [ app_begin ] --START--
INFO: Run Behavior\ReadHtmlCacheBehavior [ RunTime:0.001000s ]
INFO: [ app_begin ] --END-- [ RunTime:0.001000s ]
INFO: [ app_end ] --START--
INFO: Run Behavior\ShowPageTraceBehavior [ RunTime:0.001000s ]
INFO: [ app_end ] --END-- [ RunTime:0.001000s ]

[ 2016-09-02T16:22:36+08:00 ] ::1 /mr_navigation/index.php/Admin/Public/login.html
INFO: [ app_init ] --START--
INFO: Run Behavior\BuildLiteBehavior [ RunTime:0.000000s ]
INFO: [ app_init ] --END-- [ RunTime:0.001000s ]
INFO: [ app_begin ] --START--
INFO: Run Behavior\ReadHtmlCacheBehavior [ RunTime:0.001000s ]
INFO: [ app_begin ] --END-- [ RunTime:0.001000s ]
INFO: [ view_parse ] --START--
INFO: [ template_filter ] --START--
INFO: Run Behavior\ContentReplaceBehavior [ RunTime:0.001000s ]
INFO: [ template_filter ] --END-- [ RunTime:0.001000s ]
INFO: Run Behavior\ParseTemplateBehavior [ RunTime:0.008000s ]
INFO: [ view_parse ] --END-- [ RunTime:0.008000s ]
INFO: [ view_filter ] --START--
INFO: Run Behavior\WriteHtmlCacheBehavior [ RunTime:0.001000s ]
INFO: [ view_filter ] --END-- [ RunTime:0.001000s ]
INFO: [ app_end ] --START--
INFO: Run Behavior\ShowPageTraceBehavior [ RunTime:0.001001s ]
INFO: [ app_end ] --END-- [ RunTime:0.001001s ]

[ 2016-09-02T16:22:36+08:00 ] ::1 /mr_navigation/index.php/Admin/Public/verify.html
INFO: [ app_init ] --START--
INFO: Run Behavior\BuildLiteBehavior [ RunTime:0.000000s ]
INFO: [ app_init ] --END-- [ RunTime:0.000000s ]
INFO: [ app_begin ] --START--
INFO: Run Behavior\ReadHtmlCacheBehavior [ RunTime:0.001000s ]
INFO: [ app_begin ] --END-- [ RunTime:0.002000s ]
INFO: [ app_end ] --START--
INFO: Run Behavior\ShowPageTraceBehavior [ RunTime:0.001000s ]
INFO: [ app_end ] --END-- [ RunTime:0.001000s ]

