[ 2016-08-15T17:59:37+08:00 ] ::1 /mr_navigation/index.php/Admin/index/index
INFO: [ app_init ] --START--
INFO: Run Behavior\BuildLiteBehavior [ RunTime:0.000000s ]
INFO: [ app_init ] --END-- [ RunTime:0.001000s ]
INFO: [ app_begin ] --START--
INFO: Run Behavior\ReadHtmlCacheBehavior [ RunTime:0.001000s ]
INFO: [ app_begin ] --END-- [ RunTime:0.001000s ]

[ 2016-08-15T17:59:37+08:00 ] ::1 /mr_navigation/index.php/Admin/Public/login.html
INFO: [ app_init ] --START--
INFO: Run Behavior\BuildLiteBehavior [ RunTime:0.000000s ]
INFO: [ app_init ] --END-- [ RunTime:0.001000s ]
INFO: [ app_begin ] --START--
INFO: Run Behavior\ReadHtmlCacheBehavior [ RunTime:0.000000s ]
INFO: [ app_begin ] --END-- [ RunTime:0.000000s ]
INFO: [ view_parse ] --START--
INFO: [ template_filter ] --START--
INFO: Run Behavior\ContentReplaceBehavior [ RunTime:0.000000s ]
INFO: [ template_filter ] --END-- [ RunTime:0.000000s ]
INFO: Run Behavior\ParseTemplateBehavior [ RunTime:0.007001s ]
INFO: [ view_parse ] --END-- [ RunTime:0.007001s ]
INFO: [ view_filter ] --START--
INFO: Run Behavior\WriteHtmlCacheBehavior [ RunTime:0.001000s ]
INFO: [ view_filter ] --END-- [ RunTime:0.001000s ]
INFO: [ app_end ] --START--
INFO: Run Behavior\ShowPageTraceBehavior [ RunTime:0.000000s ]
INFO: [ app_end ] --END-- [ RunTime:0.000000s ]

[ 2016-08-15T17:59:37+08:00 ] ::1 /mr_navigation/index.php/Admin/Public/verify.html
INFO: [ app_init ] --START--
INFO: Run Behavior\BuildLiteBehavior [ RunTime:0.000000s ]
INFO: [ app_init ] --END-- [ RunTime:0.000000s ]
INFO: [ app_begin ] --START--
INFO: Run Behavior\ReadHtmlCacheBehavior [ RunTime:0.001000s ]
INFO: [ app_begin ] --END-- [ RunTime:0.001000s ]
INFO: [ app_end ] --START--
INFO: Run Behavior\ShowPageTraceBehavior [ RunTime:0.002000s ]
INFO: [ app_end ] --END-- [ RunTime:0.002000s ]

[ 2016-08-15T17:59:45+08:00 ] ::1 /mr_navigation/index.php/Admin/Public/login.html
INFO: [ app_init ] --START--
INFO: Run Behavior\BuildLiteBehavior [ RunTime:0.000000s ]
INFO: [ app_init ] --END-- [ RunTime:0.000000s ]
INFO: [ app_begin ] --START--
INFO: Run Behavior\ReadHtmlCacheBehavior [ RunTime:0.000000s ]
INFO: [ app_begin ] --END-- [ RunTime:0.000000s ]
SQL: SHOW COLUMNS FROM `nav_admin` [ RunTime:0.0070s ]
SQL: SELECT * FROM `nav_admin` WHERE `username` = 'mr' LIMIT 1   [ RunTime:0.0010s ]

[ 2016-08-15T17:59:46+08:00 ] ::1 /mr_navigation/index.php/Admin/Index/index.html
INFO: [ app_init ] --START--
INFO: Run Behavior\BuildLiteBehavior [ RunTime:0.000000s ]
INFO: [ app_init ] --END-- [ RunTime:0.000000s ]
INFO: [ app_begin ] --START--
INFO: Run Behavior\ReadHtmlCacheBehavior [ RunTime:0.001000s ]
INFO: [ app_begin ] --END-- [ RunTime:0.001000s ]

[ 2016-08-15T17:59:47+08:00 ] ::1 /mr_navigation/index.php/Admin/Datalist/lists.html
INFO: [ app_init ] --START--
INFO: Run Behavior\BuildLiteBehavior [ RunTime:0.000000s ]
INFO: [ app_init ] --END-- [ RunTime:0.001000s ]
INFO: [ app_begin ] --START--
INFO: Run Behavior\ReadHtmlCacheBehavior [ RunTime:0.001000s ]
INFO: [ app_begin ] --END-- [ RunTime:0.001000s ]
SQL: SHOW COLUMNS FROM `nav_datalist` [ RunTime:0.0060s ]
SQL: SELECT COUNT(*) AS tp_count FROM `nav_datalist` LIMIT 1   [ RunTime:0.0030s ]
SQL: SELECT * FROM `nav_datalist` ORDER BY sort desc LIMIT 0,10   [ RunTime:0.0010s ]
INFO: [ view_parse ] --START--
NOTIC: [2] file_get_contents(./Application/Admin/View/Common/admin/footer.html): failed to open stream: No such file or directory D:\phpStudy\WWW\MR_navigation\ThinkPHP\Library\Think\Template.class.php 第 696 行.
INFO: [ template_filter ] --START--
INFO: Run Behavior\ContentReplaceBehavior [ RunTime:0.000000s ]
INFO: [ template_filter ] --END-- [ RunTime:0.000000s ]
NOTIC: [8] Undefined index: p D:\phpStudy\WWW\MR_navigation\Application\Runtime\Cache\Admin\2bccd9d07dc58baf32219c8a927dec8f.php 第 131 行.
NOTIC: [8] Undefined index: entity_id D:\phpStudy\WWW\MR_navigation\Application\Runtime\Cache\Admin\2bccd9d07dc58baf32219c8a927dec8f.php 第 152 行.
NOTIC: [8] Undefined index: entity_id D:\phpStudy\WWW\MR_navigation\Application\Runtime\Cache\Admin\2bccd9d07dc58baf32219c8a927dec8f.php 第 153 行.
SQL: SELECT * FROM `nav_datalist` WHERE `id` = 97 LIMIT 1   [ RunTime:0.0000s ]
SQL: SHOW COLUMNS FROM `nav_middle_level` [ RunTime:0.0050s ]
SQL: SELECT `id`,`high_id`,`middle_name` FROM `nav_middle_level` WHERE `id` = 17 LIMIT 1   [ RunTime:0.0010s ]
SQL: SHOW COLUMNS FROM `nav_high_level` [ RunTime:0.0040s ]
SQL: SELECT `high_name` FROM `nav_high_level` WHERE `id` = 15 LIMIT 1   [ RunTime:0.0000s ]
SQL: SHOW COLUMNS FROM `nav_elementary_level` [ RunTime:0.0060s ]
SQL: SELECT `elementary_name` FROM `nav_elementary_level` WHERE `id` = 22 LIMIT 1   [ RunTime:0.0010s ]
NOTIC: [8] Undefined index: entity_id D:\phpStudy\WWW\MR_navigation\Application\Runtime\Cache\Admin\2bccd9d07dc58baf32219c8a927dec8f.php 第 152 行.
NOTIC: [8] Undefined index: entity_id D:\phpStudy\WWW\MR_navigation\Application\Runtime\Cache\Admin\2bccd9d07dc58baf32219c8a927dec8f.php 第 153 行.
SQL: SELECT * FROM `nav_datalist` WHERE `id` = 91 LIMIT 1   [ RunTime:0.0000s ]
SQL: SELECT `high_name` FROM `nav_high_level` WHERE `id` = 16 LIMIT 1   [ RunTime:0.0010s ]
NOTIC: [8] Undefined index: entity_id D:\phpStudy\WWW\MR_navigation\Application\Runtime\Cache\Admin\2bccd9d07dc58baf32219c8a927dec8f.php 第 152 行.
NOTIC: [8] Undefined index: entity_id D:\phpStudy\WWW\MR_navigation\Application\Runtime\Cache\Admin\2bccd9d07dc58baf32219c8a927dec8f.php 第 153 行.
SQL: SELECT * FROM `nav_datalist` WHERE `id` = 93 LIMIT 1   [ RunTime:0.0000s ]
SQL: SELECT `id`,`high_id`,`middle_name` FROM `nav_middle_level` WHERE `id` = 22 LIMIT 1   [ RunTime:0.0010s ]
SQL: SELECT `high_name` FROM `nav_high_level` WHERE `id` = 15 LIMIT 1   [ RunTime:0.0000s ]
SQL: SELECT `elementary_name` FROM `nav_elementary_level` WHERE `id` = 25 LIMIT 1   [ RunTime:0.0010s ]
NOTIC: [8] Undefined index: entity_id D:\phpStudy\WWW\MR_navigation\Application\Runtime\Cache\Admin\2bccd9d07dc58baf32219c8a927dec8f.php 第 152 行.
NOTIC: [8] Undefined index: entity_id D:\phpStudy\WWW\MR_navigation\Application\Runtime\Cache\Admin\2bccd9d07dc58baf32219c8a927dec8f.php 第 153 行.
SQL: SELECT * FROM `nav_datalist` WHERE `id` = 94 LIMIT 1   [ RunTime:0.0000s ]
SQL: SELECT `id`,`high_id`,`middle_name` FROM `nav_middle_level` WHERE `id` = 22 LIMIT 1   [ RunTime:0.0010s ]
SQL: SELECT `high_name` FROM `nav_high_level` WHERE `id` = 15 LIMIT 1   [ RunTime:0.0010s ]
SQL: SELECT `elementary_name` FROM `nav_elementary_level` WHERE `id` = 25 LIMIT 1   [ RunTime:0.0010s ]
NOTIC: [8] Undefined index: entity_id D:\phpStudy\WWW\MR_navigation\Application\Runtime\Cache\Admin\2bccd9d07dc58baf32219c8a927dec8f.php 第 152 行.
NOTIC: [8] Undefined index: entity_id D:\phpStudy\WWW\MR_navigation\Application\Runtime\Cache\Admin\2bccd9d07dc58baf32219c8a927dec8f.php 第 153 行.
SQL: SELECT * FROM `nav_datalist` WHERE `id` = 9 LIMIT 1   [ RunTime:0.0010s ]
SQL: SELECT `id`,`high_id`,`middle_name` FROM `nav_middle_level` WHERE `id` = 17 LIMIT 1   [ RunTime:0.0000s ]
SQL: SELECT `high_name` FROM `nav_high_level` WHERE `id` = 15 LIMIT 1   [ RunTime:0.0000s ]
SQL: SELECT `elementary_name` FROM `nav_elementary_level` WHERE `id` = 21 LIMIT 1   [ RunTime:0.0000s ]
NOTIC: [8] Undefined index: entity_id D:\phpStudy\WWW\MR_navigation\Application\Runtime\Cache\Admin\2bccd9d07dc58baf32219c8a927dec8f.php 第 152 行.
NOTIC: [8] Undefined index: entity_id D:\phpStudy\WWW\MR_navigation\Application\Runtime\Cache\Admin\2bccd9d07dc58baf32219c8a927dec8f.php 第 153 行.
SQL: SELECT * FROM `nav_datalist` WHERE `id` = 90 LIMIT 1   [ RunTime:0.0000s ]
SQL: SELECT `id`,`high_id`,`middle_name` FROM `nav_middle_level` WHERE `id` = 17 LIMIT 1   [ RunTime:0.0010s ]
SQL: SELECT `high_name` FROM `nav_high_level` WHERE `id` = 15 LIMIT 1   [ RunTime:0.0000s ]
SQL: SELECT `elementary_name` FROM `nav_elementary_level` WHERE `id` = 22 LIMIT 1   [ RunTime:0.0000s ]
NOTIC: [8] Undefined index: entity_id D:\phpStudy\WWW\MR_navigation\Application\Runtime\Cache\Admin\2bccd9d07dc58baf32219c8a927dec8f.php 第 152 行.
NOTIC: [8] Undefined index: entity_id D:\phpStudy\WWW\MR_navigation\Application\Runtime\Cache\Admin\2bccd9d07dc58baf32219c8a927dec8f.php 第 153 行.
SQL: SELECT * FROM `nav_datalist` WHERE `id` = 92 LIMIT 1   [ RunTime:0.0000s ]
SQL: SELECT `id`,`high_id`,`middle_name` FROM `nav_middle_level` WHERE `id` = 22 LIMIT 1   [ RunTime:0.0000s ]
SQL: SELECT `high_name` FROM `nav_high_level` WHERE `id` = 15 LIMIT 1   [ RunTime:0.0010s ]
SQL: SELECT `elementary_name` FROM `nav_elementary_level` WHERE `id` = 24 LIMIT 1   [ RunTime:0.0000s ]
NOTIC: [8] Undefined index: entity_id D:\phpStudy\WWW\MR_navigation\Application\Runtime\Cache\Admin\2bccd9d07dc58baf32219c8a927dec8f.php 第 152 行.
NOTIC: [8] Undefined index: entity_id D:\phpStudy\WWW\MR_navigation\Application\Runtime\Cache\Admin\2bccd9d07dc58baf32219c8a927dec8f.php 第 153 行.
SQL: SELECT * FROM `nav_datalist` WHERE `id` = 8 LIMIT 1   [ RunTime:0.0010s ]
SQL: SELECT `id`,`high_id`,`middle_name` FROM `nav_middle_level` WHERE `id` = 17 LIMIT 1   [ RunTime:0.0000s ]
SQL: SELECT `high_name` FROM `nav_high_level` WHERE `id` = 15 LIMIT 1   [ RunTime:0.0010s ]
SQL: SELECT `elementary_name` FROM `nav_elementary_level` WHERE `id` = 21 LIMIT 1   [ RunTime:0.0000s ]
NOTIC: [8] Undefined index: entity_id D:\phpStudy\WWW\MR_navigation\Application\Runtime\Cache\Admin\2bccd9d07dc58baf32219c8a927dec8f.php 第 152 行.
NOTIC: [8] Undefined index: entity_id D:\phpStudy\WWW\MR_navigation\Application\Runtime\Cache\Admin\2bccd9d07dc58baf32219c8a927dec8f.php 第 153 行.
SQL: SELECT * FROM `nav_datalist` WHERE `id` = 96 LIMIT 1   [ RunTime:0.0000s ]
SQL: SELECT `high_name` FROM `nav_high_level` WHERE `id` = 15 LIMIT 1   [ RunTime:0.0000s ]
INFO: Run Behavior\ParseTemplateBehavior [ RunTime:0.053003s ]
INFO: [ view_parse ] --END-- [ RunTime:0.053003s ]
INFO: [ view_filter ] --START--
INFO: Run Behavior\WriteHtmlCacheBehavior [ RunTime:0.000000s ]
INFO: [ view_filter ] --END-- [ RunTime:0.000000s ]
INFO: [ app_end ] --START--
INFO: Run Behavior\ShowPageTraceBehavior [ RunTime:0.000000s ]
INFO: [ app_end ] --END-- [ RunTime:0.000000s ]

[ 2016-08-15T18:01:57+08:00 ] ::1 /mr_navigation/index.php/Admin/Datalist/lists.html
INFO: [ app_init ] --START--
INFO: Run Behavior\BuildLiteBehavior [ RunTime:0.000000s ]
INFO: [ app_init ] --END-- [ RunTime:0.000000s ]
INFO: [ app_begin ] --START--
INFO: Run Behavior\ReadHtmlCacheBehavior [ RunTime:0.001000s ]
INFO: [ app_begin ] --END-- [ RunTime:0.001000s ]
SQL: SHOW COLUMNS FROM `nav_datalist` [ RunTime:0.0120s ]
SQL: SELECT COUNT(*) AS tp_count FROM `nav_datalist` LIMIT 1   [ RunTime:0.0010s ]
SQL: SELECT * FROM `nav_datalist` ORDER BY sort desc LIMIT 0,10   [ RunTime:0.0010s ]
INFO: [ view_parse ] --START--
NOTIC: [2] file_get_contents(./Application/Admin/View/Common/admin/footer.html): failed to open stream: No such file or directory D:\phpStudy\WWW\MR_navigation\ThinkPHP\Library\Think\Template.class.php 第 696 行.
INFO: [ template_filter ] --START--
INFO: Run Behavior\ContentReplaceBehavior [ RunTime:0.000000s ]
INFO: [ template_filter ] --END-- [ RunTime:0.001001s ]
NOTIC: [8] Undefined index: p D:\phpStudy\WWW\MR_navigation\Application\Runtime\Cache\Admin\2bccd9d07dc58baf32219c8a927dec8f.php 第 131 行.
NOTIC: [8] Undefined index: entity_id D:\phpStudy\WWW\MR_navigation\Application\Runtime\Cache\Admin\2bccd9d07dc58baf32219c8a927dec8f.php 第 152 行.
NOTIC: [8] Undefined index: entity_id D:\phpStudy\WWW\MR_navigation\Application\Runtime\Cache\Admin\2bccd9d07dc58baf32219c8a927dec8f.php 第 153 行.
SQL: SELECT * FROM `nav_datalist` WHERE `id` = 97 LIMIT 1   [ RunTime:0.0010s ]
SQL: SHOW COLUMNS FROM `nav_middle_level` [ RunTime:0.0040s ]
SQL: SELECT `id`,`high_id`,`middle_name` FROM `nav_middle_level` WHERE `id` = 17 LIMIT 1   [ RunTime:0.0010s ]
SQL: SHOW COLUMNS FROM `nav_high_level` [ RunTime:0.0030s ]
SQL: SELECT `high_name` FROM `nav_high_level` WHERE `id` = 15 LIMIT 1   [ RunTime:0.0000s ]
SQL: SHOW COLUMNS FROM `nav_elementary_level` [ RunTime:0.0030s ]
SQL: SELECT `elementary_name` FROM `nav_elementary_level` WHERE `id` = 22 LIMIT 1   [ RunTime:0.0000s ]
NOTIC: [8] Undefined index: entity_id D:\phpStudy\WWW\MR_navigation\Application\Runtime\Cache\Admin\2bccd9d07dc58baf32219c8a927dec8f.php 第 152 行.
NOTIC: [8] Undefined index: entity_id D:\phpStudy\WWW\MR_navigation\Application\Runtime\Cache\Admin\2bccd9d07dc58baf32219c8a927dec8f.php 第 153 行.
SQL: SELECT * FROM `nav_datalist` WHERE `id` = 91 LIMIT 1   [ RunTime:0.0000s ]
SQL: SELECT `high_name` FROM `nav_high_level` WHERE `id` = 16 LIMIT 1   [ RunTime:0.0000s ]
NOTIC: [8] Undefined index: entity_id D:\phpStudy\WWW\MR_navigation\Application\Runtime\Cache\Admin\2bccd9d07dc58baf32219c8a927dec8f.php 第 152 行.
NOTIC: [8] Undefined index: entity_id D:\phpStudy\WWW\MR_navigation\Application\Runtime\Cache\Admin\2bccd9d07dc58baf32219c8a927dec8f.php 第 153 行.
SQL: SELECT * FROM `nav_datalist` WHERE `id` = 93 LIMIT 1   [ RunTime:0.0000s ]
SQL: SELECT `id`,`high_id`,`middle_name` FROM `nav_middle_level` WHERE `id` = 22 LIMIT 1   [ RunTime:0.0000s ]
SQL: SELECT `high_name` FROM `nav_high_level` WHERE `id` = 15 LIMIT 1   [ RunTime:0.0010s ]
SQL: SELECT `elementary_name` FROM `nav_elementary_level` WHERE `id` = 25 LIMIT 1   [ RunTime:0.0000s ]
NOTIC: [8] Undefined index: entity_id D:\phpStudy\WWW\MR_navigation\Application\Runtime\Cache\Admin\2bccd9d07dc58baf32219c8a927dec8f.php 第 152 行.
NOTIC: [8] Undefined index: entity_id D:\phpStudy\WWW\MR_navigation\Application\Runtime\Cache\Admin\2bccd9d07dc58baf32219c8a927dec8f.php 第 153 行.
SQL: SELECT * FROM `nav_datalist` WHERE `id` = 94 LIMIT 1   [ RunTime:0.0000s ]
SQL: SELECT `id`,`high_id`,`middle_name` FROM `nav_middle_level` WHERE `id` = 22 LIMIT 1   [ RunTime:0.0010s ]
SQL: SELECT `high_name` FROM `nav_high_level` WHERE `id` = 15 LIMIT 1   [ RunTime:0.0000s ]
SQL: SELECT `elementary_name` FROM `nav_elementary_level` WHERE `id` = 25 LIMIT 1   [ RunTime:0.0000s ]
NOTIC: [8] Undefined index: entity_id D:\phpStudy\WWW\MR_navigation\Application\Runtime\Cache\Admin\2bccd9d07dc58baf32219c8a927dec8f.php 第 152 行.
NOTIC: [8] Undefined index: entity_id D:\phpStudy\WWW\MR_navigation\Application\Runtime\Cache\Admin\2bccd9d07dc58baf32219c8a927dec8f.php 第 153 行.
SQL: SELECT * FROM `nav_datalist` WHERE `id` = 9 LIMIT 1   [ RunTime:0.0010s ]
SQL: SELECT `id`,`high_id`,`middle_name` FROM `nav_middle_level` WHERE `id` = 17 LIMIT 1   [ RunTime:0.0000s ]
SQL: SELECT `high_name` FROM `nav_high_level` WHERE `id` = 15 LIMIT 1   [ RunTime:0.0000s ]
SQL: SELECT `elementary_name` FROM `nav_elementary_level` WHERE `id` = 21 LIMIT 1   [ RunTime:0.0010s ]
NOTIC: [8] Undefined index: entity_id D:\phpStudy\WWW\MR_navigation\Application\Runtime\Cache\Admin\2bccd9d07dc58baf32219c8a927dec8f.php 第 152 行.
NOTIC: [8] Undefined index: entity_id D:\phpStudy\WWW\MR_navigation\Application\Runtime\Cache\Admin\2bccd9d07dc58baf32219c8a927dec8f.php 第 153 行.
SQL: SELECT * FROM `nav_datalist` WHERE `id` = 90 LIMIT 1   [ RunTime:0.0000s ]
SQL: SELECT `id`,`high_id`,`middle_name` FROM `nav_middle_level` WHERE `id` = 17 LIMIT 1   [ RunTime:0.0010s ]
SQL: SELECT `high_name` FROM `nav_high_level` WHERE `id` = 15 LIMIT 1   [ RunTime:0.0000s ]
SQL: SELECT `elementary_name` FROM `nav_elementary_level` WHERE `id` = 22 LIMIT 1   [ RunTime:0.0000s ]
NOTIC: [8] Undefined index: entity_id D:\phpStudy\WWW\MR_navigation\Application\Runtime\Cache\Admin\2bccd9d07dc58baf32219c8a927dec8f.php 第 152 行.
NOTIC: [8] Undefined index: entity_id D:\phpStudy\WWW\MR_navigation\Application\Runtime\Cache\Admin\2bccd9d07dc58baf32219c8a927dec8f.php 第 153 行.
SQL: SELECT * FROM `nav_datalist` WHERE `id` = 92 LIMIT 1   [ RunTime:0.0000s ]
SQL: SELECT `id`,`high_id`,`middle_name` FROM `nav_middle_level` WHERE `id` = 22 LIMIT 1   [ RunTime:0.0000s ]
SQL: SELECT `high_name` FROM `nav_high_level` WHERE `id` = 15 LIMIT 1   [ RunTime:0.0000s ]
SQL: SELECT `elementary_name` FROM `nav_elementary_level` WHERE `id` = 24 LIMIT 1   [ RunTime:0.0000s ]
NOTIC: [8] Undefined index: entity_id D:\phpStudy\WWW\MR_navigation\Application\Runtime\Cache\Admin\2bccd9d07dc58baf32219c8a927dec8f.php 第 152 行.
NOTIC: [8] Undefined index: entity_id D:\phpStudy\WWW\MR_navigation\Application\Runtime\Cache\Admin\2bccd9d07dc58baf32219c8a927dec8f.php 第 153 行.
SQL: SELECT * FROM `nav_datalist` WHERE `id` = 8 LIMIT 1   [ RunTime:0.0000s ]
SQL: SELECT `id`,`high_id`,`middle_name` FROM `nav_middle_level` WHERE `id` = 17 LIMIT 1   [ RunTime:0.0010s ]
SQL: SELECT `high_name` FROM `nav_high_level` WHERE `id` = 15 LIMIT 1   [ RunTime:0.0000s ]
SQL: SELECT `elementary_name` FROM `nav_elementary_level` WHERE `id` = 21 LIMIT 1   [ RunTime:0.0010s ]
NOTIC: [8] Undefined index: entity_id D:\phpStudy\WWW\MR_navigation\Application\Runtime\Cache\Admin\2bccd9d07dc58baf32219c8a927dec8f.php 第 152 行.
NOTIC: [8] Undefined index: entity_id D:\phpStudy\WWW\MR_navigation\Application\Runtime\Cache\Admin\2bccd9d07dc58baf32219c8a927dec8f.php 第 153 行.
SQL: SELECT * FROM `nav_datalist` WHERE `id` = 96 LIMIT 1   [ RunTime:0.0000s ]
SQL: SELECT `high_name` FROM `nav_high_level` WHERE `id` = 15 LIMIT 1   [ RunTime:0.0000s ]
INFO: Run Behavior\ParseTemplateBehavior [ RunTime:0.048003s ]
INFO: [ view_parse ] --END-- [ RunTime:0.048003s ]
INFO: [ view_filter ] --START--
INFO: Run Behavior\WriteHtmlCacheBehavior [ RunTime:0.001000s ]
INFO: [ view_filter ] --END-- [ RunTime:0.001000s ]
INFO: [ app_end ] --START--
INFO: Run Behavior\ShowPageTraceBehavior [ RunTime:0.001000s ]
INFO: [ app_end ] --END-- [ RunTime:0.001000s ]

[ 2016-08-15T18:02:07+08:00 ] ::1 /mr_navigation/index.php/Admin/Datalist/lists.html
INFO: [ app_init ] --START--
INFO: Run Behavior\BuildLiteBehavior [ RunTime:0.000000s ]
INFO: [ app_init ] --END-- [ RunTime:0.001000s ]
INFO: [ app_begin ] --START--
INFO: Run Behavior\ReadHtmlCacheBehavior [ RunTime:0.001000s ]
INFO: [ app_begin ] --END-- [ RunTime:0.001000s ]
SQL: SHOW COLUMNS FROM `nav_datalist` [ RunTime:0.0060s ]
SQL: SELECT COUNT(*) AS tp_count FROM `nav_datalist` LIMIT 1   [ RunTime:0.0020s ]
SQL: SELECT * FROM `nav_datalist` ORDER BY sort desc LIMIT 0,10   [ RunTime:0.0020s ]
INFO: [ view_parse ] --START--
NOTIC: [2] file_get_contents(./Application/Admin/View/Common/admin/footer.html): failed to open stream: No such file or directory D:\phpStudy\WWW\MR_navigation\ThinkPHP\Library\Think\Template.class.php 第 696 行.
INFO: [ template_filter ] --START--
INFO: Run Behavior\ContentReplaceBehavior [ RunTime:0.000000s ]
INFO: [ template_filter ] --END-- [ RunTime:0.001000s ]
NOTIC: [8] Undefined index: p D:\phpStudy\WWW\MR_navigation\Application\Runtime\Cache\Admin\2bccd9d07dc58baf32219c8a927dec8f.php 第 131 行.
NOTIC: [8] Undefined index: entity_id D:\phpStudy\WWW\MR_navigation\Application\Runtime\Cache\Admin\2bccd9d07dc58baf32219c8a927dec8f.php 第 152 行.
NOTIC: [8] Undefined index: entity_id D:\phpStudy\WWW\MR_navigation\Application\Runtime\Cache\Admin\2bccd9d07dc58baf32219c8a927dec8f.php 第 153 行.
SQL: SELECT * FROM `nav_datalist` WHERE `id` = 97 LIMIT 1   [ RunTime:0.0010s ]
SQL: SHOW COLUMNS FROM `nav_middle_level` [ RunTime:0.0050s ]
SQL: SELECT `id`,`high_id`,`middle_name` FROM `nav_middle_level` WHERE `id` = 17 LIMIT 1   [ RunTime:0.0010s ]
SQL: SHOW COLUMNS FROM `nav_high_level` [ RunTime:0.0050s ]
SQL: SELECT `high_name` FROM `nav_high_level` WHERE `id` = 15 LIMIT 1   [ RunTime:0.0000s ]
SQL: SHOW COLUMNS FROM `nav_elementary_level` [ RunTime:0.0030s ]
SQL: SELECT `elementary_name` FROM `nav_elementary_level` WHERE `id` = 22 LIMIT 1   [ RunTime:0.0000s ]
NOTIC: [8] Undefined index: entity_id D:\phpStudy\WWW\MR_navigation\Application\Runtime\Cache\Admin\2bccd9d07dc58baf32219c8a927dec8f.php 第 152 行.
NOTIC: [8] Undefined index: entity_id D:\phpStudy\WWW\MR_navigation\Application\Runtime\Cache\Admin\2bccd9d07dc58baf32219c8a927dec8f.php 第 153 行.
SQL: SELECT * FROM `nav_datalist` WHERE `id` = 91 LIMIT 1   [ RunTime:0.0010s ]
SQL: SELECT `high_name` FROM `nav_high_level` WHERE `id` = 16 LIMIT 1   [ RunTime:0.0000s ]
NOTIC: [8] Undefined index: entity_id D:\phpStudy\WWW\MR_navigation\Application\Runtime\Cache\Admin\2bccd9d07dc58baf32219c8a927dec8f.php 第 152 行.
NOTIC: [8] Undefined index: entity_id D:\phpStudy\WWW\MR_navigation\Application\Runtime\Cache\Admin\2bccd9d07dc58baf32219c8a927dec8f.php 第 153 行.
SQL: SELECT * FROM `nav_datalist` WHERE `id` = 93 LIMIT 1   [ RunTime:0.0010s ]
SQL: SELECT `id`,`high_id`,`middle_name` FROM `nav_middle_level` WHERE `id` = 22 LIMIT 1   [ RunTime:0.0000s ]
SQL: SELECT `high_name` FROM `nav_high_level` WHERE `id` = 15 LIMIT 1   [ RunTime:0.0000s ]
SQL: SELECT `elementary_name` FROM `nav_elementary_level` WHERE `id` = 25 LIMIT 1   [ RunTime:0.0000s ]
NOTIC: [8] Undefined index: entity_id D:\phpStudy\WWW\MR_navigation\Application\Runtime\Cache\Admin\2bccd9d07dc58baf32219c8a927dec8f.php 第 152 行.
NOTIC: [8] Undefined index: entity_id D:\phpStudy\WWW\MR_navigation\Application\Runtime\Cache\Admin\2bccd9d07dc58baf32219c8a927dec8f.php 第 153 行.
SQL: SELECT * FROM `nav_datalist` WHERE `id` = 94 LIMIT 1   [ RunTime:0.0000s ]
SQL: SELECT `id`,`high_id`,`middle_name` FROM `nav_middle_level` WHERE `id` = 22 LIMIT 1   [ RunTime:0.0000s ]
SQL: SELECT `high_name` FROM `nav_high_level` WHERE `id` = 15 LIMIT 1   [ RunTime:0.0000s ]
SQL: SELECT `elementary_name` FROM `nav_elementary_level` WHERE `id` = 25 LIMIT 1   [ RunTime:0.0000s ]
NOTIC: [8] Undefined index: entity_id D:\phpStudy\WWW\MR_navigation\Application\Runtime\Cache\Admin\2bccd9d07dc58baf32219c8a927dec8f.php 第 152 行.
NOTIC: [8] Undefined index: entity_id D:\phpStudy\WWW\MR_navigation\Application\Runtime\Cache\Admin\2bccd9d07dc58baf32219c8a927dec8f.php 第 153 行.
SQL: SELECT * FROM `nav_datalist` WHERE `id` = 9 LIMIT 1   [ RunTime:0.0000s ]
SQL: SELECT `id`,`high_id`,`middle_name` FROM `nav_middle_level` WHERE `id` = 17 LIMIT 1   [ RunTime:0.0010s ]
SQL: SELECT `high_name` FROM `nav_high_level` WHERE `id` = 15 LIMIT 1   [ RunTime:0.0000s ]
SQL: SELECT `elementary_name` FROM `nav_elementary_level` WHERE `id` = 21 LIMIT 1   [ RunTime:0.0000s ]
NOTIC: [8] Undefined index: entity_id D:\phpStudy\WWW\MR_navigation\Application\Runtime\Cache\Admin\2bccd9d07dc58baf32219c8a927dec8f.php 第 152 行.
NOTIC: [8] Undefined index: entity_id D:\phpStudy\WWW\MR_navigation\Application\Runtime\Cache\Admin\2bccd9d07dc58baf32219c8a927dec8f.php 第 153 行.
SQL: SELECT * FROM `nav_datalist` WHERE `id` = 90 LIMIT 1   [ RunTime:0.0010s ]
SQL: SELECT `id`,`high_id`,`middle_name` FROM `nav_middle_level` WHERE `id` = 17 LIMIT 1   [ RunTime:0.0000s ]
SQL: SELECT `high_name` FROM `nav_high_level` WHERE `id` = 15 LIMIT 1   [ RunTime:0.0000s ]
SQL: SELECT `elementary_name` FROM `nav_elementary_level` WHERE `id` = 22 LIMIT 1   [ RunTime:0.0000s ]
NOTIC: [8] Undefined index: entity_id D:\phpStudy\WWW\MR_navigation\Application\Runtime\Cache\Admin\2bccd9d07dc58baf32219c8a927dec8f.php 第 152 行.
NOTIC: [8] Undefined index: entity_id D:\phpStudy\WWW\MR_navigation\Application\Runtime\Cache\Admin\2bccd9d07dc58baf32219c8a927dec8f.php 第 153 行.
SQL: SELECT * FROM `nav_datalist` WHERE `id` = 92 LIMIT 1   [ RunTime:0.0000s ]
SQL: SELECT `id`,`high_id`,`middle_name` FROM `nav_middle_level` WHERE `id` = 22 LIMIT 1   [ RunTime:0.0000s ]
SQL: SELECT `high_name` FROM `nav_high_level` WHERE `id` = 15 LIMIT 1   [ RunTime:0.0000s ]
SQL: SELECT `elementary_name` FROM `nav_elementary_level` WHERE `id` = 24 LIMIT 1   [ RunTime:0.0000s ]
NOTIC: [8] Undefined index: entity_id D:\phpStudy\WWW\MR_navigation\Application\Runtime\Cache\Admin\2bccd9d07dc58baf32219c8a927dec8f.php 第 152 行.
NOTIC: [8] Undefined index: entity_id D:\phpStudy\WWW\MR_navigation\Application\Runtime\Cache\Admin\2bccd9d07dc58baf32219c8a927dec8f.php 第 153 行.
SQL: SELECT * FROM `nav_datalist` WHERE `id` = 8 LIMIT 1   [ RunTime:0.0010s ]
SQL: SELECT `id`,`high_id`,`middle_name` FROM `nav_middle_level` WHERE `id` = 17 LIMIT 1   [ RunTime:0.0000s ]
SQL: SELECT `high_name` FROM `nav_high_level` WHERE `id` = 15 LIMIT 1   [ RunTime:0.0010s ]
SQL: SELECT `elementary_name` FROM `nav_elementary_level` WHERE `id` = 21 LIMIT 1   [ RunTime:0.0000s ]
NOTIC: [8] Undefined index: entity_id D:\phpStudy\WWW\MR_navigation\Application\Runtime\Cache\Admin\2bccd9d07dc58baf32219c8a927dec8f.php 第 152 行.
NOTIC: [8] Undefined index: entity_id D:\phpStudy\WWW\MR_navigation\Application\Runtime\Cache\Admin\2bccd9d07dc58baf32219c8a927dec8f.php 第 153 行.
SQL: SELECT * FROM `nav_datalist` WHERE `id` = 96 LIMIT 1   [ RunTime:0.0000s ]
SQL: SELECT `high_name` FROM `nav_high_level` WHERE `id` = 15 LIMIT 1   [ RunTime:0.0010s ]
INFO: Run Behavior\ParseTemplateBehavior [ RunTime:0.049003s ]
INFO: [ view_parse ] --END-- [ RunTime:0.050003s ]
INFO: [ view_filter ] --START--
INFO: Run Behavior\WriteHtmlCacheBehavior [ RunTime:0.000000s ]
INFO: [ view_filter ] --END-- [ RunTime:0.000000s ]
INFO: [ app_end ] --START--
INFO: Run Behavior\ShowPageTraceBehavior [ RunTime:0.001000s ]
INFO: [ app_end ] --END-- [ RunTime:0.001000s ]

[ 2016-08-15T18:02:09+08:00 ] ::1 /mr_navigation/index.php/Admin/HighLevel/lists.html
INFO: [ app_init ] --START--
INFO: Run Behavior\BuildLiteBehavior [ RunTime:0.000000s ]
INFO: [ app_init ] --END-- [ RunTime:0.000000s ]
INFO: [ app_begin ] --START--
INFO: Run Behavior\ReadHtmlCacheBehavior [ RunTime:0.000000s ]
INFO: [ app_begin ] --END-- [ RunTime:0.000000s ]
SQL: SHOW COLUMNS FROM `nav_high_level` [ RunTime:0.0030s ]
SQL: SELECT COUNT(*) AS tp_count FROM `nav_high_level` LIMIT 1   [ RunTime:0.0000s ]
NOTIC: [8] Undefined variable: map D:\phpStudy\WWW\MR_navigation\Application\Admin\Controller\HighLevelController.class.php 第 18 行.
SQL: SELECT * FROM `nav_high_level` ORDER BY sort desc LIMIT 0,10   [ RunTime:0.0010s ]
INFO: [ view_parse ] --START--
NOTIC: [2] file_get_contents(./Application/Admin/View/Common/admin/footer.html): failed to open stream: No such file or directory D:\phpStudy\WWW\MR_navigation\ThinkPHP\Library\Think\Template.class.php 第 696 行.
INFO: [ template_filter ] --START--
INFO: Run Behavior\ContentReplaceBehavior [ RunTime:0.000000s ]
INFO: [ template_filter ] --END-- [ RunTime:0.000000s ]
NOTIC: [8] Undefined variable: keyword D:\phpStudy\WWW\MR_navigation\Application\Runtime\Cache\Admin\9c2beb313b914c6391b3fbbcdfe3fff0.php 第 132 行.
NOTIC: [8] Undefined index: p D:\phpStudy\WWW\MR_navigation\Application\Runtime\Cache\Admin\9c2beb313b914c6391b3fbbcdfe3fff0.php 第 143 行.
NOTIC: [8] Undefined index: entity_id D:\phpStudy\WWW\MR_navigation\Application\Runtime\Cache\Admin\9c2beb313b914c6391b3fbbcdfe3fff0.php 第 163 行.
NOTIC: [8] Undefined index: entity_id D:\phpStudy\WWW\MR_navigation\Application\Runtime\Cache\Admin\9c2beb313b914c6391b3fbbcdfe3fff0.php 第 164 行.
NOTIC: [8] Undefined index: entity_id D:\phpStudy\WWW\MR_navigation\Application\Runtime\Cache\Admin\9c2beb313b914c6391b3fbbcdfe3fff0.php 第 163 行.
NOTIC: [8] Undefined index: entity_id D:\phpStudy\WWW\MR_navigation\Application\Runtime\Cache\Admin\9c2beb313b914c6391b3fbbcdfe3fff0.php 第 164 行.
NOTIC: [8] Undefined index: entity_id D:\phpStudy\WWW\MR_navigation\Application\Runtime\Cache\Admin\9c2beb313b914c6391b3fbbcdfe3fff0.php 第 163 行.
NOTIC: [8] Undefined index: entity_id D:\phpStudy\WWW\MR_navigation\Application\Runtime\Cache\Admin\9c2beb313b914c6391b3fbbcdfe3fff0.php 第 164 行.
NOTIC: [8] Undefined index: entity_id D:\phpStudy\WWW\MR_navigation\Application\Runtime\Cache\Admin\9c2beb313b914c6391b3fbbcdfe3fff0.php 第 163 行.
NOTIC: [8] Undefined index: entity_id D:\phpStudy\WWW\MR_navigation\Application\Runtime\Cache\Admin\9c2beb313b914c6391b3fbbcdfe3fff0.php 第 164 行.
NOTIC: [8] Undefined index: entity_id D:\phpStudy\WWW\MR_navigation\Application\Runtime\Cache\Admin\9c2beb313b914c6391b3fbbcdfe3fff0.php 第 163 行.
NOTIC: [8] Undefined index: entity_id D:\phpStudy\WWW\MR_navigation\Application\Runtime\Cache\Admin\9c2beb313b914c6391b3fbbcdfe3fff0.php 第 164 行.
NOTIC: [8] Undefined index: entity_id D:\phpStudy\WWW\MR_navigation\Application\Runtime\Cache\Admin\9c2beb313b914c6391b3fbbcdfe3fff0.php 第 163 行.
NOTIC: [8] Undefined index: entity_id D:\phpStudy\WWW\MR_navigation\Application\Runtime\Cache\Admin\9c2beb313b914c6391b3fbbcdfe3fff0.php 第 164 行.
INFO: Run Behavior\ParseTemplateBehavior [ RunTime:0.012001s ]
INFO: [ view_parse ] --END-- [ RunTime:0.012001s ]
INFO: [ view_filter ] --START--
INFO: Run Behavior\WriteHtmlCacheBehavior [ RunTime:0.000000s ]
INFO: [ view_filter ] --END-- [ RunTime:0.000000s ]
INFO: [ app_end ] --START--
INFO: Run Behavior\ShowPageTraceBehavior [ RunTime:0.000000s ]
INFO: [ app_end ] --END-- [ RunTime:0.001000s ]

[ 2016-08-15T18:02:11+08:00 ] ::1 /mr_navigation/index.php/Admin/HighLevel/lists.html
INFO: [ app_init ] --START--
INFO: Run Behavior\BuildLiteBehavior [ RunTime:0.000000s ]
INFO: [ app_init ] --END-- [ RunTime:0.001000s ]
INFO: [ app_begin ] --START--
INFO: Run Behavior\ReadHtmlCacheBehavior [ RunTime:0.001000s ]
INFO: [ app_begin ] --END-- [ RunTime:0.001000s ]
SQL: SHOW COLUMNS FROM `nav_high_level` [ RunTime:0.0030s ]
SQL: SELECT COUNT(*) AS tp_count FROM `nav_high_level` LIMIT 1   [ RunTime:0.0010s ]
NOTIC: [8] Undefined variable: map D:\phpStudy\WWW\MR_navigation\Application\Admin\Controller\HighLevelController.class.php 第 18 行.
SQL: SELECT * FROM `nav_high_level` ORDER BY sort desc LIMIT 0,10   [ RunTime:0.0010s ]
INFO: [ view_parse ] --START--
NOTIC: [2] file_get_contents(./Application/Admin/View/Common/admin/footer.html): failed to open stream: No such file or directory D:\phpStudy\WWW\MR_navigation\ThinkPHP\Library\Think\Template.class.php 第 696 行.
INFO: [ template_filter ] --START--
INFO: Run Behavior\ContentReplaceBehavior [ RunTime:0.000000s ]
INFO: [ template_filter ] --END-- [ RunTime:0.000000s ]
NOTIC: [8] Undefined variable: keyword D:\phpStudy\WWW\MR_navigation\Application\Runtime\Cache\Admin\9c2beb313b914c6391b3fbbcdfe3fff0.php 第 132 行.
NOTIC: [8] Undefined index: p D:\phpStudy\WWW\MR_navigation\Application\Runtime\Cache\Admin\9c2beb313b914c6391b3fbbcdfe3fff0.php 第 143 行.
NOTIC: [8] Undefined index: entity_id D:\phpStudy\WWW\MR_navigation\Application\Runtime\Cache\Admin\9c2beb313b914c6391b3fbbcdfe3fff0.php 第 163 行.
NOTIC: [8] Undefined index: entity_id D:\phpStudy\WWW\MR_navigation\Application\Runtime\Cache\Admin\9c2beb313b914c6391b3fbbcdfe3fff0.php 第 164 行.
NOTIC: [8] Undefined index: entity_id D:\phpStudy\WWW\MR_navigation\Application\Runtime\Cache\Admin\9c2beb313b914c6391b3fbbcdfe3fff0.php 第 163 行.
NOTIC: [8] Undefined index: entity_id D:\phpStudy\WWW\MR_navigation\Application\Runtime\Cache\Admin\9c2beb313b914c6391b3fbbcdfe3fff0.php 第 164 行.
NOTIC: [8] Undefined index: entity_id D:\phpStudy\WWW\MR_navigation\Application\Runtime\Cache\Admin\9c2beb313b914c6391b3fbbcdfe3fff0.php 第 163 行.
NOTIC: [8] Undefined index: entity_id D:\phpStudy\WWW\MR_navigation\Application\Runtime\Cache\Admin\9c2beb313b914c6391b3fbbcdfe3fff0.php 第 164 行.
NOTIC: [8] Undefined index: entity_id D:\phpStudy\WWW\MR_navigation\Application\Runtime\Cache\Admin\9c2beb313b914c6391b3fbbcdfe3fff0.php 第 163 行.
NOTIC: [8] Undefined index: entity_id D:\phpStudy\WWW\MR_navigation\Application\Runtime\Cache\Admin\9c2beb313b914c6391b3fbbcdfe3fff0.php 第 164 行.
NOTIC: [8] Undefined index: entity_id D:\phpStudy\WWW\MR_navigation\Application\Runtime\Cache\Admin\9c2beb313b914c6391b3fbbcdfe3fff0.php 第 163 行.
NOTIC: [8] Undefined index: entity_id D:\phpStudy\WWW\MR_navigation\Application\Runtime\Cache\Admin\9c2beb313b914c6391b3fbbcdfe3fff0.php 第 164 行.
NOTIC: [8] Undefined index: entity_id D:\phpStudy\WWW\MR_navigation\Application\Runtime\Cache\Admin\9c2beb313b914c6391b3fbbcdfe3fff0.php 第 163 行.
NOTIC: [8] Undefined index: entity_id D:\phpStudy\WWW\MR_navigation\Application\Runtime\Cache\Admin\9c2beb313b914c6391b3fbbcdfe3fff0.php 第 164 行.
INFO: Run Behavior\ParseTemplateBehavior [ RunTime:0.011001s ]
INFO: [ view_parse ] --END-- [ RunTime:0.011001s ]
INFO: [ view_filter ] --START--
INFO: Run Behavior\WriteHtmlCacheBehavior [ RunTime:0.000000s ]
INFO: [ view_filter ] --END-- [ RunTime:0.000000s ]
INFO: [ app_end ] --START--
INFO: Run Behavior\ShowPageTraceBehavior [ RunTime:0.000000s ]
INFO: [ app_end ] --END-- [ RunTime:0.000000s ]

[ 2016-08-15T18:03:43+08:00 ] ::1 /mr_navigation/index.php/Admin/HighLevel/lists.html
INFO: [ app_init ] --START--
INFO: Run Behavior\BuildLiteBehavior [ RunTime:0.000000s ]
INFO: [ app_init ] --END-- [ RunTime:0.000000s ]
INFO: [ app_begin ] --START--
INFO: Run Behavior\ReadHtmlCacheBehavior [ RunTime:0.001000s ]
INFO: [ app_begin ] --END-- [ RunTime:0.001000s ]
SQL: SHOW COLUMNS FROM `nav_high_level` [ RunTime:0.0080s ]
SQL: SELECT COUNT(*) AS tp_count FROM `nav_high_level` LIMIT 1   [ RunTime:0.0000s ]
NOTIC: [8] Undefined variable: map D:\phpStudy\WWW\MR_navigation\Application\Admin\Controller\HighLevelController.class.php 第 18 行.
SQL: SELECT * FROM `nav_high_level` ORDER BY sort desc LIMIT 0,10   [ RunTime:0.0010s ]
INFO: [ view_parse ] --START--
NOTIC: [2] file_get_contents(./Application/Admin/View/Common/admin/footer.html): failed to open stream: No such file or directory D:\phpStudy\WWW\MR_navigation\ThinkPHP\Library\Think\Template.class.php 第 696 行.
INFO: [ template_filter ] --START--
INFO: Run Behavior\ContentReplaceBehavior [ RunTime:0.000000s ]
INFO: [ template_filter ] --END-- [ RunTime:0.001000s ]
NOTIC: [8] Undefined variable: keyword D:\phpStudy\WWW\MR_navigation\Application\Runtime\Cache\Admin\9c2beb313b914c6391b3fbbcdfe3fff0.php 第 134 行.
NOTIC: [8] Undefined index: p D:\phpStudy\WWW\MR_navigation\Application\Runtime\Cache\Admin\9c2beb313b914c6391b3fbbcdfe3fff0.php 第 145 行.
NOTIC: [8] Undefined index: entity_id D:\phpStudy\WWW\MR_navigation\Application\Runtime\Cache\Admin\9c2beb313b914c6391b3fbbcdfe3fff0.php 第 165 行.
NOTIC: [8] Undefined index: entity_id D:\phpStudy\WWW\MR_navigation\Application\Runtime\Cache\Admin\9c2beb313b914c6391b3fbbcdfe3fff0.php 第 166 行.
NOTIC: [8] Undefined index: entity_id D:\phpStudy\WWW\MR_navigation\Application\Runtime\Cache\Admin\9c2beb313b914c6391b3fbbcdfe3fff0.php 第 165 行.
NOTIC: [8] Undefined index: entity_id D:\phpStudy\WWW\MR_navigation\Application\Runtime\Cache\Admin\9c2beb313b914c6391b3fbbcdfe3fff0.php 第 166 行.
NOTIC: [8] Undefined index: entity_id D:\phpStudy\WWW\MR_navigation\Application\Runtime\Cache\Admin\9c2beb313b914c6391b3fbbcdfe3fff0.php 第 165 行.
NOTIC: [8] Undefined index: entity_id D:\phpStudy\WWW\MR_navigation\Application\Runtime\Cache\Admin\9c2beb313b914c6391b3fbbcdfe3fff0.php 第 166 行.
NOTIC: [8] Undefined index: entity_id D:\phpStudy\WWW\MR_navigation\Application\Runtime\Cache\Admin\9c2beb313b914c6391b3fbbcdfe3fff0.php 第 165 行.
NOTIC: [8] Undefined index: entity_id D:\phpStudy\WWW\MR_navigation\Application\Runtime\Cache\Admin\9c2beb313b914c6391b3fbbcdfe3fff0.php 第 166 行.
NOTIC: [8] Undefined index: entity_id D:\phpStudy\WWW\MR_navigation\Application\Runtime\Cache\Admin\9c2beb313b914c6391b3fbbcdfe3fff0.php 第 165 行.
NOTIC: [8] Undefined index: entity_id D:\phpStudy\WWW\MR_navigation\Application\Runtime\Cache\Admin\9c2beb313b914c6391b3fbbcdfe3fff0.php 第 166 行.
NOTIC: [8] Undefined index: entity_id D:\phpStudy\WWW\MR_navigation\Application\Runtime\Cache\Admin\9c2beb313b914c6391b3fbbcdfe3fff0.php 第 165 行.
NOTIC: [8] Undefined index: entity_id D:\phpStudy\WWW\MR_navigation\Application\Runtime\Cache\Admin\9c2beb313b914c6391b3fbbcdfe3fff0.php 第 166 行.
INFO: Run Behavior\ParseTemplateBehavior [ RunTime:0.027001s ]
INFO: [ view_parse ] --END-- [ RunTime:0.027001s ]
INFO: [ view_filter ] --START--
INFO: Run Behavior\WriteHtmlCacheBehavior [ RunTime:0.001000s ]
INFO: [ view_filter ] --END-- [ RunTime:0.001000s ]
INFO: [ app_end ] --START--
INFO: Run Behavior\ShowPageTraceBehavior [ RunTime:0.001000s ]
INFO: [ app_end ] --END-- [ RunTime:0.001000s ]

[ 2016-08-15T18:03:46+08:00 ] ::1 /mr_navigation/index.php/Admin/Index/changePassword.html
INFO: [ app_init ] --START--
INFO: Run Behavior\BuildLiteBehavior [ RunTime:0.000000s ]
INFO: [ app_init ] --END-- [ RunTime:0.000000s ]
INFO: [ app_begin ] --START--
INFO: Run Behavior\ReadHtmlCacheBehavior [ RunTime:0.000000s ]
INFO: [ app_begin ] --END-- [ RunTime:0.000000s ]
INFO: [ view_parse ] --START--
NOTIC: [2] file_get_contents(./Application/Admin/View/Common/admin/footer.html): failed to open stream: No such file or directory D:\phpStudy\WWW\MR_navigation\ThinkPHP\Library\Think\Template.class.php 第 696 行.
INFO: [ template_filter ] --START--
INFO: Run Behavior\ContentReplaceBehavior [ RunTime:0.000000s ]
INFO: [ template_filter ] --END-- [ RunTime:0.000000s ]
INFO: Run Behavior\ParseTemplateBehavior [ RunTime:0.008000s ]
INFO: [ view_parse ] --END-- [ RunTime:0.008000s ]
INFO: [ view_filter ] --START--
INFO: Run Behavior\WriteHtmlCacheBehavior [ RunTime:0.001000s ]
INFO: [ view_filter ] --END-- [ RunTime:0.001000s ]
INFO: [ app_end ] --START--
INFO: Run Behavior\ShowPageTraceBehavior [ RunTime:0.000000s ]
INFO: [ app_end ] --END-- [ RunTime:0.000000s ]

[ 2016-08-15T18:04:00+08:00 ] ::1 /mr_navigation/index.php/Admin/Index/changePassword.html
INFO: [ app_init ] --START--
INFO: Run Behavior\BuildLiteBehavior [ RunTime:0.001000s ]
INFO: [ app_init ] --END-- [ RunTime:0.001000s ]
INFO: [ app_begin ] --START--
INFO: Run Behavior\ReadHtmlCacheBehavior [ RunTime:0.000000s ]
INFO: [ app_begin ] --END-- [ RunTime:0.000000s ]
SQL: SHOW COLUMNS FROM `nav_admin` [ RunTime:0.0070s ]
SQL: SELECT * FROM `nav_admin` WHERE `id` = 1 LIMIT 1   [ RunTime:0.0010s ]

[ 2016-08-15T18:04:08+08:00 ] ::1 /mr_navigation/index.php/Admin/Index/changePassword.html
INFO: [ app_init ] --START--
INFO: Run Behavior\BuildLiteBehavior [ RunTime:0.000000s ]
INFO: [ app_init ] --END-- [ RunTime:0.001000s ]
INFO: [ app_begin ] --START--
INFO: Run Behavior\ReadHtmlCacheBehavior [ RunTime:0.001000s ]
INFO: [ app_begin ] --END-- [ RunTime:0.001000s ]
SQL: SHOW COLUMNS FROM `nav_admin` [ RunTime:0.0080s ]
SQL: SELECT * FROM `nav_admin` WHERE `id` = 1 LIMIT 1   [ RunTime:0.0000s ]
SQL: UPDATE `nav_admin` SET `password`='e10adc3949ba59abbe56e057f20f883e' WHERE `id` = 1 [ RunTime:0.0000s ]

[ 2016-08-15T18:04:10+08:00 ] ::1 /mr_navigation/index.php/Admin/Index/index.html
INFO: [ app_init ] --START--
INFO: Run Behavior\BuildLiteBehavior [ RunTime:0.000000s ]
INFO: [ app_init ] --END-- [ RunTime:0.002000s ]
INFO: [ app_begin ] --START--
INFO: Run Behavior\ReadHtmlCacheBehavior [ RunTime:0.001000s ]
INFO: [ app_begin ] --END-- [ RunTime:0.001000s ]

[ 2016-08-15T18:04:11+08:00 ] ::1 /mr_navigation/index.php/Admin/Datalist/lists.html
INFO: [ app_init ] --START--
INFO: Run Behavior\BuildLiteBehavior [ RunTime:0.000000s ]
INFO: [ app_init ] --END-- [ RunTime:0.000000s ]
INFO: [ app_begin ] --START--
INFO: Run Behavior\ReadHtmlCacheBehavior [ RunTime:0.000000s ]
INFO: [ app_begin ] --END-- [ RunTime:0.000000s ]
SQL: SHOW COLUMNS FROM `nav_datalist` [ RunTime:0.0060s ]
SQL: SELECT COUNT(*) AS tp_count FROM `nav_datalist` LIMIT 1   [ RunTime:0.0000s ]
SQL: SELECT * FROM `nav_datalist` ORDER BY sort desc LIMIT 0,10   [ RunTime:0.0010s ]
INFO: [ view_parse ] --START--
NOTIC: [2] file_get_contents(./Application/Admin/View/Common/admin/footer.html): failed to open stream: No such file or directory D:\phpStudy\WWW\MR_navigation\ThinkPHP\Library\Think\Template.class.php 第 696 行.
INFO: [ template_filter ] --START--
INFO: Run Behavior\ContentReplaceBehavior [ RunTime:0.000000s ]
INFO: [ template_filter ] --END-- [ RunTime:0.000000s ]
NOTIC: [8] Undefined index: p D:\phpStudy\WWW\MR_navigation\Application\Runtime\Cache\Admin\2bccd9d07dc58baf32219c8a927dec8f.php 第 133 行.
NOTIC: [8] Undefined index: entity_id D:\phpStudy\WWW\MR_navigation\Application\Runtime\Cache\Admin\2bccd9d07dc58baf32219c8a927dec8f.php 第 154 行.
NOTIC: [8] Undefined index: entity_id D:\phpStudy\WWW\MR_navigation\Application\Runtime\Cache\Admin\2bccd9d07dc58baf32219c8a927dec8f.php 第 155 行.
SQL: SELECT * FROM `nav_datalist` WHERE `id` = 97 LIMIT 1   [ RunTime:0.0000s ]
SQL: SHOW COLUMNS FROM `nav_middle_level` [ RunTime:0.0060s ]
SQL: SELECT `id`,`high_id`,`middle_name` FROM `nav_middle_level` WHERE `id` = 17 LIMIT 1   [ RunTime:0.0000s ]
SQL: SHOW COLUMNS FROM `nav_high_level` [ RunTime:0.0040s ]
SQL: SELECT `high_name` FROM `nav_high_level` WHERE `id` = 15 LIMIT 1   [ RunTime:0.0010s ]
SQL: SHOW COLUMNS FROM `nav_elementary_level` [ RunTime:0.0040s ]
SQL: SELECT `elementary_name` FROM `nav_elementary_level` WHERE `id` = 22 LIMIT 1   [ RunTime:0.0000s ]
NOTIC: [8] Undefined index: entity_id D:\phpStudy\WWW\MR_navigation\Application\Runtime\Cache\Admin\2bccd9d07dc58baf32219c8a927dec8f.php 第 154 行.
NOTIC: [8] Undefined index: entity_id D:\phpStudy\WWW\MR_navigation\Application\Runtime\Cache\Admin\2bccd9d07dc58baf32219c8a927dec8f.php 第 155 行.
SQL: SELECT * FROM `nav_datalist` WHERE `id` = 91 LIMIT 1   [ RunTime:0.0010s ]
SQL: SELECT `high_name` FROM `nav_high_level` WHERE `id` = 16 LIMIT 1   [ RunTime:0.0000s ]
NOTIC: [8] Undefined index: entity_id D:\phpStudy\WWW\MR_navigation\Application\Runtime\Cache\Admin\2bccd9d07dc58baf32219c8a927dec8f.php 第 154 行.
NOTIC: [8] Undefined index: entity_id D:\phpStudy\WWW\MR_navigation\Application\Runtime\Cache\Admin\2bccd9d07dc58baf32219c8a927dec8f.php 第 155 行.
SQL: SELECT * FROM `nav_datalist` WHERE `id` = 93 LIMIT 1   [ RunTime:0.0000s ]
SQL: SELECT `id`,`high_id`,`middle_name` FROM `nav_middle_level` WHERE `id` = 22 LIMIT 1   [ RunTime:0.0010s ]
SQL: SELECT `high_name` FROM `nav_high_level` WHERE `id` = 15 LIMIT 1   [ RunTime:0.0000s ]
SQL: SELECT `elementary_name` FROM `nav_elementary_level` WHERE `id` = 25 LIMIT 1   [ RunTime:0.0000s ]
NOTIC: [8] Undefined index: entity_id D:\phpStudy\WWW\MR_navigation\Application\Runtime\Cache\Admin\2bccd9d07dc58baf32219c8a927dec8f.php 第 154 行.
NOTIC: [8] Undefined index: entity_id D:\phpStudy\WWW\MR_navigation\Application\Runtime\Cache\Admin\2bccd9d07dc58baf32219c8a927dec8f.php 第 155 行.
SQL: SELECT * FROM `nav_datalist` WHERE `id` = 94 LIMIT 1   [ RunTime:0.0000s ]
SQL: SELECT `id`,`high_id`,`middle_name` FROM `nav_middle_level` WHERE `id` = 22 LIMIT 1   [ RunTime:0.0000s ]
SQL: SELECT `high_name` FROM `nav_high_level` WHERE `id` = 15 LIMIT 1   [ RunTime:0.0000s ]
SQL: SELECT `elementary_name` FROM `nav_elementary_level` WHERE `id` = 25 LIMIT 1   [ RunTime:0.0000s ]
NOTIC: [8] Undefined index: entity_id D:\phpStudy\WWW\MR_navigation\Application\Runtime\Cache\Admin\2bccd9d07dc58baf32219c8a927dec8f.php 第 154 行.
NOTIC: [8] Undefined index: entity_id D:\phpStudy\WWW\MR_navigation\Application\Runtime\Cache\Admin\2bccd9d07dc58baf32219c8a927dec8f.php 第 155 行.
SQL: SELECT * FROM `nav_datalist` WHERE `id` = 9 LIMIT 1   [ RunTime:0.0010s ]
SQL: SELECT `id`,`high_id`,`middle_name` FROM `nav_middle_level` WHERE `id` = 17 LIMIT 1   [ RunTime:0.0000s ]
SQL: SELECT `high_name` FROM `nav_high_level` WHERE `id` = 15 LIMIT 1   [ RunTime:0.0000s ]
SQL: SELECT `elementary_name` FROM `nav_elementary_level` WHERE `id` = 21 LIMIT 1   [ RunTime:0.0010s ]
NOTIC: [8] Undefined index: entity_id D:\phpStudy\WWW\MR_navigation\Application\Runtime\Cache\Admin\2bccd9d07dc58baf32219c8a927dec8f.php 第 154 行.
NOTIC: [8] Undefined index: entity_id D:\phpStudy\WWW\MR_navigation\Application\Runtime\Cache\Admin\2bccd9d07dc58baf32219c8a927dec8f.php 第 155 行.
SQL: SELECT * FROM `nav_datalist` WHERE `id` = 90 LIMIT 1   [ RunTime:0.0000s ]
SQL: SELECT `id`,`high_id`,`middle_name` FROM `nav_middle_level` WHERE `id` = 17 LIMIT 1   [ RunTime:0.0010s ]
SQL: SELECT `high_name` FROM `nav_high_level` WHERE `id` = 15 LIMIT 1   [ RunTime:0.0000s ]
SQL: SELECT `elementary_name` FROM `nav_elementary_level` WHERE `id` = 22 LIMIT 1   [ RunTime:0.0000s ]
NOTIC: [8] Undefined index: entity_id D:\phpStudy\WWW\MR_navigation\Application\Runtime\Cache\Admin\2bccd9d07dc58baf32219c8a927dec8f.php 第 154 行.
NOTIC: [8] Undefined index: entity_id D:\phpStudy\WWW\MR_navigation\Application\Runtime\Cache\Admin\2bccd9d07dc58baf32219c8a927dec8f.php 第 155 行.
SQL: SELECT * FROM `nav_datalist` WHERE `id` = 92 LIMIT 1   [ RunTime:0.0000s ]
SQL: SELECT `id`,`high_id`,`middle_name` FROM `nav_middle_level` WHERE `id` = 22 LIMIT 1   [ RunTime:0.0000s ]
SQL: SELECT `high_name` FROM `nav_high_level` WHERE `id` = 15 LIMIT 1   [ RunTime:0.0010s ]
SQL: SELECT `elementary_name` FROM `nav_elementary_level` WHERE `id` = 24 LIMIT 1   [ RunTime:0.0000s ]
NOTIC: [8] Undefined index: entity_id D:\phpStudy\WWW\MR_navigation\Application\Runtime\Cache\Admin\2bccd9d07dc58baf32219c8a927dec8f.php 第 154 行.
NOTIC: [8] Undefined index: entity_id D:\phpStudy\WWW\MR_navigation\Application\Runtime\Cache\Admin\2bccd9d07dc58baf32219c8a927dec8f.php 第 155 行.
SQL: SELECT * FROM `nav_datalist` WHERE `id` = 8 LIMIT 1   [ RunTime:0.0000s ]
SQL: SELECT `id`,`high_id`,`middle_name` FROM `nav_middle_level` WHERE `id` = 17 LIMIT 1   [ RunTime:0.0000s ]
SQL: SELECT `high_name` FROM `nav_high_level` WHERE `id` = 15 LIMIT 1   [ RunTime:0.0000s ]
SQL: SELECT `elementary_name` FROM `nav_elementary_level` WHERE `id` = 21 LIMIT 1   [ RunTime:0.0000s ]
NOTIC: [8] Undefined index: entity_id D:\phpStudy\WWW\MR_navigation\Application\Runtime\Cache\Admin\2bccd9d07dc58baf32219c8a927dec8f.php 第 154 行.
NOTIC: [8] Undefined index: entity_id D:\phpStudy\WWW\MR_navigation\Application\Runtime\Cache\Admin\2bccd9d07dc58baf32219c8a927dec8f.php 第 155 行.
SQL: SELECT * FROM `nav_datalist` WHERE `id` = 96 LIMIT 1   [ RunTime:0.0000s ]
SQL: SELECT `high_name` FROM `nav_high_level` WHERE `id` = 15 LIMIT 1   [ RunTime:0.0000s ]
INFO: Run Behavior\ParseTemplateBehavior [ RunTime:0.045002s ]
INFO: [ view_parse ] --END-- [ RunTime:0.045002s ]
INFO: [ view_filter ] --START--
INFO: Run Behavior\WriteHtmlCacheBehavior [ RunTime:0.000000s ]
INFO: [ view_filter ] --END-- [ RunTime:0.000000s ]
INFO: [ app_end ] --START--
INFO: Run Behavior\ShowPageTraceBehavior [ RunTime:0.000000s ]
INFO: [ app_end ] --END-- [ RunTime:0.000000s ]

[ 2016-08-15T18:04:13+08:00 ] ::1 /mr_navigation/index.php/Admin/Public/logout.html
INFO: [ app_init ] --START--
INFO: Run Behavior\BuildLiteBehavior [ RunTime:0.000000s ]
INFO: [ app_init ] --END-- [ RunTime:0.001000s ]
INFO: [ app_begin ] --START--
INFO: Run Behavior\ReadHtmlCacheBehavior [ RunTime:0.000000s ]
INFO: [ app_begin ] --END-- [ RunTime:0.000000s ]

[ 2016-08-15T18:04:13+08:00 ] ::1 /mr_navigation/index.php/Admin/Public/login.html
INFO: [ app_init ] --START--
INFO: Run Behavior\BuildLiteBehavior [ RunTime:0.000000s ]
INFO: [ app_init ] --END-- [ RunTime:0.001000s ]
INFO: [ app_begin ] --START--
INFO: Run Behavior\ReadHtmlCacheBehavior [ RunTime:0.001000s ]
INFO: [ app_begin ] --END-- [ RunTime:0.001000s ]
INFO: [ view_parse ] --START--
INFO: [ template_filter ] --START--
INFO: Run Behavior\ContentReplaceBehavior [ RunTime:0.000000s ]
INFO: [ template_filter ] --END-- [ RunTime:0.000000s ]
INFO: Run Behavior\ParseTemplateBehavior [ RunTime:0.005001s ]
INFO: [ view_parse ] --END-- [ RunTime:0.006001s ]
INFO: [ view_filter ] --START--
INFO: Run Behavior\WriteHtmlCacheBehavior [ RunTime:0.000000s ]
INFO: [ view_filter ] --END-- [ RunTime:0.000000s ]
INFO: [ app_end ] --START--
INFO: Run Behavior\ShowPageTraceBehavior [ RunTime:0.000000s ]
INFO: [ app_end ] --END-- [ RunTime:0.000000s ]

[ 2016-08-15T18:04:14+08:00 ] ::1 /mr_navigation/index.php/Admin/Public/verify.html
INFO: [ app_init ] --START--
INFO: Run Behavior\BuildLiteBehavior [ RunTime:0.000000s ]
INFO: [ app_init ] --END-- [ RunTime:0.000000s ]
INFO: [ app_begin ] --START--
INFO: Run Behavior\ReadHtmlCacheBehavior [ RunTime:0.001000s ]
INFO: [ app_begin ] --END-- [ RunTime:0.001000s ]
INFO: [ app_end ] --START--
INFO: Run Behavior\ShowPageTraceBehavior [ RunTime:0.001000s ]
INFO: [ app_end ] --END-- [ RunTime:0.001000s ]

[ 2016-08-15T18:04:20+08:00 ] ::1 /mr_navigation/index.php/Admin/Public/verify.html?0.6583704174140388
INFO: [ app_init ] --START--
INFO: Run Behavior\BuildLiteBehavior [ RunTime:0.000000s ]
INFO: [ app_init ] --END-- [ RunTime:0.001000s ]
INFO: [ app_begin ] --START--
INFO: Run Behavior\ReadHtmlCacheBehavior [ RunTime:0.001000s ]
INFO: [ app_begin ] --END-- [ RunTime:0.001000s ]
INFO: [ app_end ] --START--
INFO: Run Behavior\ShowPageTraceBehavior [ RunTime:0.001000s ]
INFO: [ app_end ] --END-- [ RunTime:0.001000s ]

[ 2016-08-15T18:04:20+08:00 ] ::1 /mr_navigation/index.php/Admin/Public/verify.html?0.6583704174140388?0.7978517245084864
INFO: [ app_init ] --START--
INFO: Run Behavior\BuildLiteBehavior [ RunTime:0.000000s ]
INFO: [ app_init ] --END-- [ RunTime:0.001000s ]
INFO: [ app_begin ] --START--
INFO: Run Behavior\ReadHtmlCacheBehavior [ RunTime:0.001000s ]
INFO: [ app_begin ] --END-- [ RunTime:0.001000s ]
INFO: [ app_end ] --START--
INFO: Run Behavior\ShowPageTraceBehavior [ RunTime:0.001000s ]
INFO: [ app_end ] --END-- [ RunTime:0.001000s ]

[ 2016-08-15T18:04:26+08:00 ] ::1 /mr_navigation/index.php/Admin/Public/login.html
INFO: [ app_init ] --START--
INFO: Run Behavior\BuildLiteBehavior [ RunTime:0.000000s ]
INFO: [ app_init ] --END-- [ RunTime:0.000000s ]
INFO: [ app_begin ] --START--
INFO: Run Behavior\ReadHtmlCacheBehavior [ RunTime:0.001001s ]
INFO: [ app_begin ] --END-- [ RunTime:0.001001s ]
SQL: SHOW COLUMNS FROM `nav_admin` [ RunTime:0.0110s ]
SQL: SELECT * FROM `nav_admin` WHERE `username` = 'mr' LIMIT 1   [ RunTime:0.0010s ]

[ 2016-08-15T18:04:26+08:00 ] ::1 /mr_navigation/index.php/Admin/Public/verify.html?0.6583704174140388?0.7978517245084864?0.825616753873279
INFO: [ app_init ] --START--
INFO: Run Behavior\BuildLiteBehavior [ RunTime:0.000000s ]
INFO: [ app_init ] --END-- [ RunTime:0.001000s ]
INFO: [ app_begin ] --START--
INFO: Run Behavior\ReadHtmlCacheBehavior [ RunTime:0.001000s ]
INFO: [ app_begin ] --END-- [ RunTime:0.001000s ]
INFO: [ app_end ] --START--
INFO: Run Behavior\ShowPageTraceBehavior [ RunTime:0.001000s ]
INFO: [ app_end ] --END-- [ RunTime:0.001000s ]

[ 2016-08-15T18:04:37+08:00 ] ::1 /mr_navigation/index.php/Admin/Public/login.html
INFO: [ app_init ] --START--
INFO: Run Behavior\BuildLiteBehavior [ RunTime:0.000000s ]
INFO: [ app_init ] --END-- [ RunTime:0.001000s ]
INFO: [ app_begin ] --START--
INFO: Run Behavior\ReadHtmlCacheBehavior [ RunTime:0.001000s ]
INFO: [ app_begin ] --END-- [ RunTime:0.001000s ]
SQL: SHOW COLUMNS FROM `nav_admin` [ RunTime:0.0060s ]
SQL: SELECT * FROM `nav_admin` WHERE `username` = 'mr' LIMIT 1   [ RunTime:0.0000s ]

[ 2016-08-15T18:04:38+08:00 ] ::1 /mr_navigation/index.php/Admin/Index/index.html
INFO: [ app_init ] --START--
INFO: Run Behavior\BuildLiteBehavior [ RunTime:0.000000s ]
INFO: [ app_init ] --END-- [ RunTime:0.001000s ]
INFO: [ app_begin ] --START--
INFO: Run Behavior\ReadHtmlCacheBehavior [ RunTime:0.001000s ]
INFO: [ app_begin ] --END-- [ RunTime:0.001000s ]

[ 2016-08-15T18:04:39+08:00 ] ::1 /mr_navigation/index.php/Admin/Datalist/lists.html
INFO: [ app_init ] --START--
INFO: Run Behavior\BuildLiteBehavior [ RunTime:0.000000s ]
INFO: [ app_init ] --END-- [ RunTime:0.000000s ]
INFO: [ app_begin ] --START--
INFO: Run Behavior\ReadHtmlCacheBehavior [ RunTime:0.000000s ]
INFO: [ app_begin ] --END-- [ RunTime:0.000000s ]
SQL: SHOW COLUMNS FROM `nav_datalist` [ RunTime:0.0040s ]
SQL: SELECT COUNT(*) AS tp_count FROM `nav_datalist` LIMIT 1   [ RunTime:0.0000s ]
SQL: SELECT * FROM `nav_datalist` ORDER BY sort desc LIMIT 0,10   [ RunTime:0.0010s ]
INFO: [ view_parse ] --START--
NOTIC: [2] file_get_contents(./Application/Admin/View/Common/admin/footer.html): failed to open stream: No such file or directory D:\phpStudy\WWW\MR_navigation\ThinkPHP\Library\Think\Template.class.php 第 696 行.
INFO: [ template_filter ] --START--
INFO: Run Behavior\ContentReplaceBehavior [ RunTime:0.000000s ]
INFO: [ template_filter ] --END-- [ RunTime:0.000000s ]
NOTIC: [8] Undefined index: p D:\phpStudy\WWW\MR_navigation\Application\Runtime\Cache\Admin\2bccd9d07dc58baf32219c8a927dec8f.php 第 133 行.
NOTIC: [8] Undefined index: entity_id D:\phpStudy\WWW\MR_navigation\Application\Runtime\Cache\Admin\2bccd9d07dc58baf32219c8a927dec8f.php 第 154 行.
NOTIC: [8] Undefined index: entity_id D:\phpStudy\WWW\MR_navigation\Application\Runtime\Cache\Admin\2bccd9d07dc58baf32219c8a927dec8f.php 第 155 行.
SQL: SELECT * FROM `nav_datalist` WHERE `id` = 97 LIMIT 1   [ RunTime:0.0010s ]
SQL: SHOW COLUMNS FROM `nav_middle_level` [ RunTime:0.0040s ]
SQL: SELECT `id`,`high_id`,`middle_name` FROM `nav_middle_level` WHERE `id` = 17 LIMIT 1   [ RunTime:0.0000s ]
SQL: SHOW COLUMNS FROM `nav_high_level` [ RunTime:0.0020s ]
SQL: SELECT `high_name` FROM `nav_high_level` WHERE `id` = 15 LIMIT 1   [ RunTime:0.0000s ]
SQL: SHOW COLUMNS FROM `nav_elementary_level` [ RunTime:0.0030s ]
SQL: SELECT `elementary_name` FROM `nav_elementary_level` WHERE `id` = 22 LIMIT 1   [ RunTime:0.0000s ]
NOTIC: [8] Undefined index: entity_id D:\phpStudy\WWW\MR_navigation\Application\Runtime\Cache\Admin\2bccd9d07dc58baf32219c8a927dec8f.php 第 154 行.
NOTIC: [8] Undefined index: entity_id D:\phpStudy\WWW\MR_navigation\Application\Runtime\Cache\Admin\2bccd9d07dc58baf32219c8a927dec8f.php 第 155 行.
SQL: SELECT * FROM `nav_datalist` WHERE `id` = 91 LIMIT 1   [ RunTime:0.0000s ]
SQL: SELECT `high_name` FROM `nav_high_level` WHERE `id` = 16 LIMIT 1   [ RunTime:0.0000s ]
NOTIC: [8] Undefined index: entity_id D:\phpStudy\WWW\MR_navigation\Application\Runtime\Cache\Admin\2bccd9d07dc58baf32219c8a927dec8f.php 第 154 行.
NOTIC: [8] Undefined index: entity_id D:\phpStudy\WWW\MR_navigation\Application\Runtime\Cache\Admin\2bccd9d07dc58baf32219c8a927dec8f.php 第 155 行.
SQL: SELECT * FROM `nav_datalist` WHERE `id` = 93 LIMIT 1   [ RunTime:0.0010s ]
SQL: SELECT `id`,`high_id`,`middle_name` FROM `nav_middle_level` WHERE `id` = 22 LIMIT 1   [ RunTime:0.0000s ]
SQL: SELECT `high_name` FROM `nav_high_level` WHERE `id` = 15 LIMIT 1   [ RunTime:0.0000s ]
SQL: SELECT `elementary_name` FROM `nav_elementary_level` WHERE `id` = 25 LIMIT 1   [ RunTime:0.0010s ]
NOTIC: [8] Undefined index: entity_id D:\phpStudy\WWW\MR_navigation\Application\Runtime\Cache\Admin\2bccd9d07dc58baf32219c8a927dec8f.php 第 154 行.
NOTIC: [8] Undefined index: entity_id D:\phpStudy\WWW\MR_navigation\Application\Runtime\Cache\Admin\2bccd9d07dc58baf32219c8a927dec8f.php 第 155 行.
SQL: SELECT * FROM `nav_datalist` WHERE `id` = 94 LIMIT 1   [ RunTime:0.0000s ]
SQL: SELECT `id`,`high_id`,`middle_name` FROM `nav_middle_level` WHERE `id` = 22 LIMIT 1   [ RunTime:0.0000s ]
SQL: SELECT `high_name` FROM `nav_high_level` WHERE `id` = 15 LIMIT 1   [ RunTime:0.0010s ]
SQL: SELECT `elementary_name` FROM `nav_elementary_level` WHERE `id` = 25 LIMIT 1   [ RunTime:0.0000s ]
NOTIC: [8] Undefined index: entity_id D:\phpStudy\WWW\MR_navigation\Application\Runtime\Cache\Admin\2bccd9d07dc58baf32219c8a927dec8f.php 第 154 行.
NOTIC: [8] Undefined index: entity_id D:\phpStudy\WWW\MR_navigation\Application\Runtime\Cache\Admin\2bccd9d07dc58baf32219c8a927dec8f.php 第 155 行.
SQL: SELECT * FROM `nav_datalist` WHERE `id` = 9 LIMIT 1   [ RunTime:0.0000s ]
SQL: SELECT `id`,`high_id`,`middle_name` FROM `nav_middle_level` WHERE `id` = 17 LIMIT 1   [ RunTime:0.0010s ]
SQL: SELECT `high_name` FROM `nav_high_level` WHERE `id` = 15 LIMIT 1   [ RunTime:0.0000s ]
SQL: SELECT `elementary_name` FROM `nav_elementary_level` WHERE `id` = 21 LIMIT 1   [ RunTime:0.0000s ]
NOTIC: [8] Undefined index: entity_id D:\phpStudy\WWW\MR_navigation\Application\Runtime\Cache\Admin\2bccd9d07dc58baf32219c8a927dec8f.php 第 154 行.
NOTIC: [8] Undefined index: entity_id D:\phpStudy\WWW\MR_navigation\Application\Runtime\Cache\Admin\2bccd9d07dc58baf32219c8a927dec8f.php 第 155 行.
SQL: SELECT * FROM `nav_datalist` WHERE `id` = 90 LIMIT 1   [ RunTime:0.0010s ]
SQL: SELECT `id`,`high_id`,`middle_name` FROM `nav_middle_level` WHERE `id` = 17 LIMIT 1   [ RunTime:0.0000s ]
SQL: SELECT `high_name` FROM `nav_high_level` WHERE `id` = 15 LIMIT 1   [ RunTime:0.0000s ]
SQL: SELECT `elementary_name` FROM `nav_elementary_level` WHERE `id` = 22 LIMIT 1   [ RunTime:0.0010s ]
NOTIC: [8] Undefined index: entity_id D:\phpStudy\WWW\MR_navigation\Application\Runtime\Cache\Admin\2bccd9d07dc58baf32219c8a927dec8f.php 第 154 行.
NOTIC: [8] Undefined index: entity_id D:\phpStudy\WWW\MR_navigation\Application\Runtime\Cache\Admin\2bccd9d07dc58baf32219c8a927dec8f.php 第 155 行.
SQL: SELECT * FROM `nav_datalist` WHERE `id` = 92 LIMIT 1   [ RunTime:0.0000s ]
SQL: SELECT `id`,`high_id`,`middle_name` FROM `nav_middle_level` WHERE `id` = 22 LIMIT 1   [ RunTime:0.0010s ]
SQL: SELECT `high_name` FROM `nav_high_level` WHERE `id` = 15 LIMIT 1   [ RunTime:0.0000s ]
SQL: SELECT `elementary_name` FROM `nav_elementary_level` WHERE `id` = 24 LIMIT 1   [ RunTime:0.0010s ]
NOTIC: [8] Undefined index: entity_id D:\phpStudy\WWW\MR_navigation\Application\Runtime\Cache\Admin\2bccd9d07dc58baf32219c8a927dec8f.php 第 154 行.
NOTIC: [8] Undefined index: entity_id D:\phpStudy\WWW\MR_navigation\Application\Runtime\Cache\Admin\2bccd9d07dc58baf32219c8a927dec8f.php 第 155 行.
SQL: SELECT * FROM `nav_datalist` WHERE `id` = 8 LIMIT 1   [ RunTime:0.0000s ]
SQL: SELECT `id`,`high_id`,`middle_name` FROM `nav_middle_level` WHERE `id` = 17 LIMIT 1   [ RunTime:0.0000s ]
SQL: SELECT `high_name` FROM `nav_high_level` WHERE `id` = 15 LIMIT 1   [ RunTime:0.0000s ]
SQL: SELECT `elementary_name` FROM `nav_elementary_level` WHERE `id` = 21 LIMIT 1   [ RunTime:0.0000s ]
NOTIC: [8] Undefined index: entity_id D:\phpStudy\WWW\MR_navigation\Application\Runtime\Cache\Admin\2bccd9d07dc58baf32219c8a927dec8f.php 第 154 行.
NOTIC: [8] Undefined index: entity_id D:\phpStudy\WWW\MR_navigation\Application\Runtime\Cache\Admin\2bccd9d07dc58baf32219c8a927dec8f.php 第 155 行.
SQL: SELECT * FROM `nav_datalist` WHERE `id` = 96 LIMIT 1   [ RunTime:0.0000s ]
SQL: SELECT `high_name` FROM `nav_high_level` WHERE `id` = 15 LIMIT 1   [ RunTime:0.0000s ]
INFO: Run Behavior\ParseTemplateBehavior [ RunTime:0.033002s ]
INFO: [ view_parse ] --END-- [ RunTime:0.033002s ]
INFO: [ view_filter ] --START--
INFO: Run Behavior\WriteHtmlCacheBehavior [ RunTime:0.000000s ]
INFO: [ view_filter ] --END-- [ RunTime:0.000000s ]
INFO: [ app_end ] --START--
INFO: Run Behavior\ShowPageTraceBehavior [ RunTime:0.000000s ]
INFO: [ app_end ] --END-- [ RunTime:0.000000s ]

[ 2016-08-15T18:04:43+08:00 ] ::1 /mr_navigation/index.php/Admin/Datalist/lists.html
INFO: [ app_init ] --START--
INFO: Run Behavior\BuildLiteBehavior [ RunTime:0.000000s ]
INFO: [ app_init ] --END-- [ RunTime:0.001000s ]
INFO: [ app_begin ] --START--
INFO: Run Behavior\ReadHtmlCacheBehavior [ RunTime:0.001000s ]
INFO: [ app_begin ] --END-- [ RunTime:0.001000s ]
SQL: SHOW COLUMNS FROM `nav_datalist` [ RunTime:0.0060s ]
SQL: SELECT COUNT(*) AS tp_count FROM `nav_datalist` LIMIT 1   [ RunTime:0.0000s ]
SQL: SELECT * FROM `nav_datalist` ORDER BY sort desc LIMIT 0,10   [ RunTime:0.0010s ]
INFO: [ view_parse ] --START--
NOTIC: [2] file_get_contents(./Application/Admin/View/Common/admin/footer.html): failed to open stream: No such file or directory D:\phpStudy\WWW\MR_navigation\ThinkPHP\Library\Think\Template.class.php 第 696 行.
INFO: [ template_filter ] --START--
INFO: Run Behavior\ContentReplaceBehavior [ RunTime:0.000000s ]
INFO: [ template_filter ] --END-- [ RunTime:0.000000s ]
NOTIC: [8] Undefined index: p D:\phpStudy\WWW\MR_navigation\Application\Runtime\Cache\Admin\2bccd9d07dc58baf32219c8a927dec8f.php 第 133 行.
NOTIC: [8] Undefined index: entity_id D:\phpStudy\WWW\MR_navigation\Application\Runtime\Cache\Admin\2bccd9d07dc58baf32219c8a927dec8f.php 第 154 行.
NOTIC: [8] Undefined index: entity_id D:\phpStudy\WWW\MR_navigation\Application\Runtime\Cache\Admin\2bccd9d07dc58baf32219c8a927dec8f.php 第 155 行.
SQL: SELECT * FROM `nav_datalist` WHERE `id` = 97 LIMIT 1   [ RunTime:0.0010s ]
SQL: SHOW COLUMNS FROM `nav_middle_level` [ RunTime:0.0050s ]
SQL: SELECT `id`,`high_id`,`middle_name` FROM `nav_middle_level` WHERE `id` = 17 LIMIT 1   [ RunTime:0.0000s ]
SQL: SHOW COLUMNS FROM `nav_high_level` [ RunTime:0.0050s ]
SQL: SELECT `high_name` FROM `nav_high_level` WHERE `id` = 15 LIMIT 1   [ RunTime:0.0010s ]
SQL: SHOW COLUMNS FROM `nav_elementary_level` [ RunTime:0.0030s ]
SQL: SELECT `elementary_name` FROM `nav_elementary_level` WHERE `id` = 22 LIMIT 1   [ RunTime:0.0000s ]
NOTIC: [8] Undefined index: entity_id D:\phpStudy\WWW\MR_navigation\Application\Runtime\Cache\Admin\2bccd9d07dc58baf32219c8a927dec8f.php 第 154 行.
NOTIC: [8] Undefined index: entity_id D:\phpStudy\WWW\MR_navigation\Application\Runtime\Cache\Admin\2bccd9d07dc58baf32219c8a927dec8f.php 第 155 行.
SQL: SELECT * FROM `nav_datalist` WHERE `id` = 91 LIMIT 1   [ RunTime:0.0000s ]
SQL: SELECT `high_name` FROM `nav_high_level` WHERE `id` = 16 LIMIT 1   [ RunTime:0.0000s ]
NOTIC: [8] Undefined index: entity_id D:\phpStudy\WWW\MR_navigation\Application\Runtime\Cache\Admin\2bccd9d07dc58baf32219c8a927dec8f.php 第 154 行.
NOTIC: [8] Undefined index: entity_id D:\phpStudy\WWW\MR_navigation\Application\Runtime\Cache\Admin\2bccd9d07dc58baf32219c8a927dec8f.php 第 155 行.
SQL: SELECT * FROM `nav_datalist` WHERE `id` = 93 LIMIT 1   [ RunTime:0.0000s ]
SQL: SELECT `id`,`high_id`,`middle_name` FROM `nav_middle_level` WHERE `id` = 22 LIMIT 1   [ RunTime:0.0000s ]
SQL: SELECT `high_name` FROM `nav_high_level` WHERE `id` = 15 LIMIT 1   [ RunTime:0.0000s ]
SQL: SELECT `elementary_name` FROM `nav_elementary_level` WHERE `id` = 25 LIMIT 1   [ RunTime:0.0000s ]
NOTIC: [8] Undefined index: entity_id D:\phpStudy\WWW\MR_navigation\Application\Runtime\Cache\Admin\2bccd9d07dc58baf32219c8a927dec8f.php 第 154 行.
NOTIC: [8] Undefined index: entity_id D:\phpStudy\WWW\MR_navigation\Application\Runtime\Cache\Admin\2bccd9d07dc58baf32219c8a927dec8f.php 第 155 行.
SQL: SELECT * FROM `nav_datalist` WHERE `id` = 94 LIMIT 1   [ RunTime:0.0000s ]
SQL: SELECT `id`,`high_id`,`middle_name` FROM `nav_middle_level` WHERE `id` = 22 LIMIT 1   [ RunTime:0.0010s ]
SQL: SELECT `high_name` FROM `nav_high_level` WHERE `id` = 15 LIMIT 1   [ RunTime:0.0000s ]
SQL: SELECT `elementary_name` FROM `nav_elementary_level` WHERE `id` = 25 LIMIT 1   [ RunTime:0.0000s ]
NOTIC: [8] Undefined index: entity_id D:\phpStudy\WWW\MR_navigation\Application\Runtime\Cache\Admin\2bccd9d07dc58baf32219c8a927dec8f.php 第 154 行.
NOTIC: [8] Undefined index: entity_id D:\phpStudy\WWW\MR_navigation\Application\Runtime\Cache\Admin\2bccd9d07dc58baf32219c8a927dec8f.php 第 155 行.
SQL: SELECT * FROM `nav_datalist` WHERE `id` = 9 LIMIT 1   [ RunTime:0.0010s ]
SQL: SELECT `id`,`high_id`,`middle_name` FROM `nav_middle_level` WHERE `id` = 17 LIMIT 1   [ RunTime:0.0000s ]
SQL: SELECT `high_name` FROM `nav_high_level` WHERE `id` = 15 LIMIT 1   [ RunTime:0.0000s ]
SQL: SELECT `elementary_name` FROM `nav_elementary_level` WHERE `id` = 21 LIMIT 1   [ RunTime:0.0000s ]
NOTIC: [8] Undefined index: entity_id D:\phpStudy\WWW\MR_navigation\Application\Runtime\Cache\Admin\2bccd9d07dc58baf32219c8a927dec8f.php 第 154 行.
NOTIC: [8] Undefined index: entity_id D:\phpStudy\WWW\MR_navigation\Application\Runtime\Cache\Admin\2bccd9d07dc58baf32219c8a927dec8f.php 第 155 行.
SQL: SELECT * FROM `nav_datalist` WHERE `id` = 90 LIMIT 1   [ RunTime:0.0000s ]
SQL: SELECT `id`,`high_id`,`middle_name` FROM `nav_middle_level` WHERE `id` = 17 LIMIT 1   [ RunTime:0.0000s ]
SQL: SELECT `high_name` FROM `nav_high_level` WHERE `id` = 15 LIMIT 1   [ RunTime:0.0010s ]
SQL: SELECT `elementary_name` FROM `nav_elementary_level` WHERE `id` = 22 LIMIT 1   [ RunTime:0.0000s ]
NOTIC: [8] Undefined index: entity_id D:\phpStudy\WWW\MR_navigation\Application\Runtime\Cache\Admin\2bccd9d07dc58baf32219c8a927dec8f.php 第 154 行.
NOTIC: [8] Undefined index: entity_id D:\phpStudy\WWW\MR_navigation\Application\Runtime\Cache\Admin\2bccd9d07dc58baf32219c8a927dec8f.php 第 155 行.
SQL: SELECT * FROM `nav_datalist` WHERE `id` = 92 LIMIT 1   [ RunTime:0.0000s ]
SQL: SELECT `id`,`high_id`,`middle_name` FROM `nav_middle_level` WHERE `id` = 22 LIMIT 1   [ RunTime:0.0010s ]
SQL: SELECT `high_name` FROM `nav_high_level` WHERE `id` = 15 LIMIT 1   [ RunTime:0.0000s ]
SQL: SELECT `elementary_name` FROM `nav_elementary_level` WHERE `id` = 24 LIMIT 1   [ RunTime:0.0000s ]
NOTIC: [8] Undefined index: entity_id D:\phpStudy\WWW\MR_navigation\Application\Runtime\Cache\Admin\2bccd9d07dc58baf32219c8a927dec8f.php 第 154 行.
NOTIC: [8] Undefined index: entity_id D:\phpStudy\WWW\MR_navigation\Application\Runtime\Cache\Admin\2bccd9d07dc58baf32219c8a927dec8f.php 第 155 行.
SQL: SELECT * FROM `nav_datalist` WHERE `id` = 8 LIMIT 1   [ RunTime:0.0010s ]
SQL: SELECT `id`,`high_id`,`middle_name` FROM `nav_middle_level` WHERE `id` = 17 LIMIT 1   [ RunTime:0.0000s ]
SQL: SELECT `high_name` FROM `nav_high_level` WHERE `id` = 15 LIMIT 1   [ RunTime:0.0000s ]
SQL: SELECT `elementary_name` FROM `nav_elementary_level` WHERE `id` = 21 LIMIT 1   [ RunTime:0.0010s ]
NOTIC: [8] Undefined index: entity_id D:\phpStudy\WWW\MR_navigation\Application\Runtime\Cache\Admin\2bccd9d07dc58baf32219c8a927dec8f.php 第 154 行.
NOTIC: [8] Undefined index: entity_id D:\phpStudy\WWW\MR_navigation\Application\Runtime\Cache\Admin\2bccd9d07dc58baf32219c8a927dec8f.php 第 155 行.
SQL: SELECT * FROM `nav_datalist` WHERE `id` = 96 LIMIT 1   [ RunTime:0.0000s ]
SQL: SELECT `high_name` FROM `nav_high_level` WHERE `id` = 15 LIMIT 1   [ RunTime:0.0010s ]
INFO: Run Behavior\ParseTemplateBehavior [ RunTime:0.050003s ]
INFO: [ view_parse ] --END-- [ RunTime:0.050003s ]
INFO: [ view_filter ] --START--
INFO: Run Behavior\WriteHtmlCacheBehavior [ RunTime:0.000000s ]
INFO: [ view_filter ] --END-- [ RunTime:0.000000s ]
INFO: [ app_end ] --START--
INFO: Run Behavior\ShowPageTraceBehavior [ RunTime:0.000000s ]
INFO: [ app_end ] --END-- [ RunTime:0.000000s ]

[ 2016-08-15T18:04:49+08:00 ] ::1 /mr_navigation/index.php/Admin/Index/changePassword.html
INFO: [ app_init ] --START--
INFO: Run Behavior\BuildLiteBehavior [ RunTime:0.000000s ]
INFO: [ app_init ] --END-- [ RunTime:0.000000s ]
INFO: [ app_begin ] --START--
INFO: Run Behavior\ReadHtmlCacheBehavior [ RunTime:0.001000s ]
INFO: [ app_begin ] --END-- [ RunTime:0.001000s ]
INFO: [ view_parse ] --START--
NOTIC: [2] file_get_contents(./Application/Admin/View/Common/admin/footer.html): failed to open stream: No such file or directory D:\phpStudy\WWW\MR_navigation\ThinkPHP\Library\Think\Template.class.php 第 696 行.
INFO: [ template_filter ] --START--
INFO: Run Behavior\ContentReplaceBehavior [ RunTime:0.000000s ]
INFO: [ template_filter ] --END-- [ RunTime:0.000000s ]
INFO: Run Behavior\ParseTemplateBehavior [ RunTime:0.009001s ]
INFO: [ view_parse ] --END-- [ RunTime:0.009001s ]
INFO: [ view_filter ] --START--
INFO: Run Behavior\WriteHtmlCacheBehavior [ RunTime:0.000000s ]
INFO: [ view_filter ] --END-- [ RunTime:0.000000s ]
INFO: [ app_end ] --START--
INFO: Run Behavior\ShowPageTraceBehavior [ RunTime:0.001000s ]
INFO: [ app_end ] --END-- [ RunTime:0.001000s ]

[ 2016-08-15T18:04:59+08:00 ] ::1 /mr_navigation/index.php/Admin/Index/changePassword.html
INFO: [ app_init ] --START--
INFO: Run Behavior\BuildLiteBehavior [ RunTime:0.000000s ]
INFO: [ app_init ] --END-- [ RunTime:0.001000s ]
INFO: [ app_begin ] --START--
INFO: Run Behavior\ReadHtmlCacheBehavior [ RunTime:0.000000s ]
INFO: [ app_begin ] --END-- [ RunTime:0.000000s ]
SQL: SHOW COLUMNS FROM `nav_admin` [ RunTime:0.0030s ]
SQL: SELECT * FROM `nav_admin` WHERE `id` = 1 LIMIT 1   [ RunTime:0.0000s ]

[ 2016-08-15T18:05:04+08:00 ] ::1 /mr_navigation/index.php/Admin/Index/changePassword.html
INFO: [ app_init ] --START--
INFO: Run Behavior\BuildLiteBehavior [ RunTime:0.000000s ]
INFO: [ app_init ] --END-- [ RunTime:0.000000s ]
INFO: [ app_begin ] --START--
INFO: Run Behavior\ReadHtmlCacheBehavior [ RunTime:0.001000s ]
INFO: [ app_begin ] --END-- [ RunTime:0.001000s ]
SQL: SHOW COLUMNS FROM `nav_admin` [ RunTime:0.0110s ]
SQL: SELECT * FROM `nav_admin` WHERE `id` = 1 LIMIT 1   [ RunTime:0.0010s ]
SQL: UPDATE `nav_admin` SET `password`='fdb390e945559e74475ed8c8bbb48ca5' WHERE `id` = 1 [ RunTime:0.0010s ]

[ 2016-08-15T18:05:05+08:00 ] ::1 /mr_navigation/index.php/Admin/Index/index.html
INFO: [ app_init ] --START--
INFO: Run Behavior\BuildLiteBehavior [ RunTime:0.000000s ]
INFO: [ app_init ] --END-- [ RunTime:0.000000s ]
INFO: [ app_begin ] --START--
INFO: Run Behavior\ReadHtmlCacheBehavior [ RunTime:0.001000s ]
INFO: [ app_begin ] --END-- [ RunTime:0.001000s ]

[ 2016-08-15T18:05:06+08:00 ] ::1 /mr_navigation/index.php/Admin/Datalist/lists.html
INFO: [ app_init ] --START--
INFO: Run Behavior\BuildLiteBehavior [ RunTime:0.000000s ]
INFO: [ app_init ] --END-- [ RunTime:0.001000s ]
INFO: [ app_begin ] --START--
INFO: Run Behavior\ReadHtmlCacheBehavior [ RunTime:0.000000s ]
INFO: [ app_begin ] --END-- [ RunTime:0.000000s ]
SQL: SHOW COLUMNS FROM `nav_datalist` [ RunTime:0.0030s ]
SQL: SELECT COUNT(*) AS tp_count FROM `nav_datalist` LIMIT 1   [ RunTime:0.0000s ]
SQL: SELECT * FROM `nav_datalist` ORDER BY sort desc LIMIT 0,10   [ RunTime:0.0000s ]
INFO: [ view_parse ] --START--
NOTIC: [2] file_get_contents(./Application/Admin/View/Common/admin/footer.html): failed to open stream: No such file or directory D:\phpStudy\WWW\MR_navigation\ThinkPHP\Library\Think\Template.class.php 第 696 行.
INFO: [ template_filter ] --START--
INFO: Run Behavior\ContentReplaceBehavior [ RunTime:0.000000s ]
INFO: [ template_filter ] --END-- [ RunTime:0.000000s ]
NOTIC: [8] Undefined index: p D:\phpStudy\WWW\MR_navigation\Application\Runtime\Cache\Admin\2bccd9d07dc58baf32219c8a927dec8f.php 第 133 行.
NOTIC: [8] Undefined index: entity_id D:\phpStudy\WWW\MR_navigation\Application\Runtime\Cache\Admin\2bccd9d07dc58baf32219c8a927dec8f.php 第 154 行.
NOTIC: [8] Undefined index: entity_id D:\phpStudy\WWW\MR_navigation\Application\Runtime\Cache\Admin\2bccd9d07dc58baf32219c8a927dec8f.php 第 155 行.
SQL: SELECT * FROM `nav_datalist` WHERE `id` = 97 LIMIT 1   [ RunTime:0.0000s ]
SQL: SHOW COLUMNS FROM `nav_middle_level` [ RunTime:0.0030s ]
SQL: SELECT `id`,`high_id`,`middle_name` FROM `nav_middle_level` WHERE `id` = 17 LIMIT 1   [ RunTime:0.0000s ]
SQL: SHOW COLUMNS FROM `nav_high_level` [ RunTime:0.0030s ]
SQL: SELECT `high_name` FROM `nav_high_level` WHERE `id` = 15 LIMIT 1   [ RunTime:0.0000s ]
SQL: SHOW COLUMNS FROM `nav_elementary_level` [ RunTime:0.0030s ]
SQL: SELECT `elementary_name` FROM `nav_elementary_level` WHERE `id` = 22 LIMIT 1   [ RunTime:0.0010s ]
NOTIC: [8] Undefined index: entity_id D:\phpStudy\WWW\MR_navigation\Application\Runtime\Cache\Admin\2bccd9d07dc58baf32219c8a927dec8f.php 第 154 行.
NOTIC: [8] Undefined index: entity_id D:\phpStudy\WWW\MR_navigation\Application\Runtime\Cache\Admin\2bccd9d07dc58baf32219c8a927dec8f.php 第 155 行.
SQL: SELECT * FROM `nav_datalist` WHERE `id` = 91 LIMIT 1   [ RunTime:0.0000s ]
SQL: SELECT `high_name` FROM `nav_high_level` WHERE `id` = 16 LIMIT 1   [ RunTime:0.0000s ]
NOTIC: [8] Undefined index: entity_id D:\phpStudy\WWW\MR_navigation\Application\Runtime\Cache\Admin\2bccd9d07dc58baf32219c8a927dec8f.php 第 154 行.
NOTIC: [8] Undefined index: entity_id D:\phpStudy\WWW\MR_navigation\Application\Runtime\Cache\Admin\2bccd9d07dc58baf32219c8a927dec8f.php 第 155 行.
SQL: SELECT * FROM `nav_datalist` WHERE `id` = 93 LIMIT 1   [ RunTime:0.0000s ]
SQL: SELECT `id`,`high_id`,`middle_name` FROM `nav_middle_level` WHERE `id` = 22 LIMIT 1   [ RunTime:0.0000s ]
SQL: SELECT `high_name` FROM `nav_high_level` WHERE `id` = 15 LIMIT 1   [ RunTime:0.0000s ]
SQL: SELECT `elementary_name` FROM `nav_elementary_level` WHERE `id` = 25 LIMIT 1   [ RunTime:0.0000s ]
NOTIC: [8] Undefined index: entity_id D:\phpStudy\WWW\MR_navigation\Application\Runtime\Cache\Admin\2bccd9d07dc58baf32219c8a927dec8f.php 第 154 行.
NOTIC: [8] Undefined index: entity_id D:\phpStudy\WWW\MR_navigation\Application\Runtime\Cache\Admin\2bccd9d07dc58baf32219c8a927dec8f.php 第 155 行.
SQL: SELECT * FROM `nav_datalist` WHERE `id` = 94 LIMIT 1   [ RunTime:0.0000s ]
SQL: SELECT `id`,`high_id`,`middle_name` FROM `nav_middle_level` WHERE `id` = 22 LIMIT 1   [ RunTime:0.0020s ]
SQL: SELECT `high_name` FROM `nav_high_level` WHERE `id` = 15 LIMIT 1   [ RunTime:0.0000s ]
SQL: SELECT `elementary_name` FROM `nav_elementary_level` WHERE `id` = 25 LIMIT 1   [ RunTime:0.0000s ]
NOTIC: [8] Undefined index: entity_id D:\phpStudy\WWW\MR_navigation\Application\Runtime\Cache\Admin\2bccd9d07dc58baf32219c8a927dec8f.php 第 154 行.
NOTIC: [8] Undefined index: entity_id D:\phpStudy\WWW\MR_navigation\Application\Runtime\Cache\Admin\2bccd9d07dc58baf32219c8a927dec8f.php 第 155 行.
SQL: SELECT * FROM `nav_datalist` WHERE `id` = 9 LIMIT 1   [ RunTime:0.0000s ]
SQL: SELECT `id`,`high_id`,`middle_name` FROM `nav_middle_level` WHERE `id` = 17 LIMIT 1   [ RunTime:0.0000s ]
SQL: SELECT `high_name` FROM `nav_high_level` WHERE `id` = 15 LIMIT 1   [ RunTime:0.0000s ]
SQL: SELECT `elementary_name` FROM `nav_elementary_level` WHERE `id` = 21 LIMIT 1   [ RunTime:0.0000s ]
NOTIC: [8] Undefined index: entity_id D:\phpStudy\WWW\MR_navigation\Application\Runtime\Cache\Admin\2bccd9d07dc58baf32219c8a927dec8f.php 第 154 行.
NOTIC: [8] Undefined index: entity_id D:\phpStudy\WWW\MR_navigation\Application\Runtime\Cache\Admin\2bccd9d07dc58baf32219c8a927dec8f.php 第 155 行.
SQL: SELECT * FROM `nav_datalist` WHERE `id` = 90 LIMIT 1   [ RunTime:0.0000s ]
SQL: SELECT `id`,`high_id`,`middle_name` FROM `nav_middle_level` WHERE `id` = 17 LIMIT 1   [ RunTime:0.0000s ]
SQL: SELECT `high_name` FROM `nav_high_level` WHERE `id` = 15 LIMIT 1   [ RunTime:0.0000s ]
SQL: SELECT `elementary_name` FROM `nav_elementary_level` WHERE `id` = 22 LIMIT 1   [ RunTime:0.0000s ]
NOTIC: [8] Undefined index: entity_id D:\phpStudy\WWW\MR_navigation\Application\Runtime\Cache\Admin\2bccd9d07dc58baf32219c8a927dec8f.php 第 154 行.
NOTIC: [8] Undefined index: entity_id D:\phpStudy\WWW\MR_navigation\Application\Runtime\Cache\Admin\2bccd9d07dc58baf32219c8a927dec8f.php 第 155 行.
SQL: SELECT * FROM `nav_datalist` WHERE `id` = 92 LIMIT 1   [ RunTime:0.0000s ]
SQL: SELECT `id`,`high_id`,`middle_name` FROM `nav_middle_level` WHERE `id` = 22 LIMIT 1   [ RunTime:0.0000s ]
SQL: SELECT `high_name` FROM `nav_high_level` WHERE `id` = 15 LIMIT 1   [ RunTime:0.0000s ]
SQL: SELECT `elementary_name` FROM `nav_elementary_level` WHERE `id` = 24 LIMIT 1   [ RunTime:0.0000s ]
NOTIC: [8] Undefined index: entity_id D:\phpStudy\WWW\MR_navigation\Application\Runtime\Cache\Admin\2bccd9d07dc58baf32219c8a927dec8f.php 第 154 行.
NOTIC: [8] Undefined index: entity_id D:\phpStudy\WWW\MR_navigation\Application\Runtime\Cache\Admin\2bccd9d07dc58baf32219c8a927dec8f.php 第 155 行.
SQL: SELECT * FROM `nav_datalist` WHERE `id` = 8 LIMIT 1   [ RunTime:0.0010s ]
SQL: SELECT `id`,`high_id`,`middle_name` FROM `nav_middle_level` WHERE `id` = 17 LIMIT 1   [ RunTime:0.0000s ]
SQL: SELECT `high_name` FROM `nav_high_level` WHERE `id` = 15 LIMIT 1   [ RunTime:0.0000s ]
SQL: SELECT `elementary_name` FROM `nav_elementary_level` WHERE `id` = 21 LIMIT 1   [ RunTime:0.0010s ]
NOTIC: [8] Undefined index: entity_id D:\phpStudy\WWW\MR_navigation\Application\Runtime\Cache\Admin\2bccd9d07dc58baf32219c8a927dec8f.php 第 154 行.
NOTIC: [8] Undefined index: entity_id D:\phpStudy\WWW\MR_navigation\Application\Runtime\Cache\Admin\2bccd9d07dc58baf32219c8a927dec8f.php 第 155 行.
SQL: SELECT * FROM `nav_datalist` WHERE `id` = 96 LIMIT 1   [ RunTime:0.0000s ]
SQL: SELECT `high_name` FROM `nav_high_level` WHERE `id` = 15 LIMIT 1   [ RunTime:0.0000s ]
INFO: Run Behavior\ParseTemplateBehavior [ RunTime:0.035002s ]
INFO: [ view_parse ] --END-- [ RunTime:0.035002s ]
INFO: [ view_filter ] --START--
INFO: Run Behavior\WriteHtmlCacheBehavior [ RunTime:0.001000s ]
INFO: [ view_filter ] --END-- [ RunTime:0.001000s ]
INFO: [ app_end ] --START--
INFO: Run Behavior\ShowPageTraceBehavior [ RunTime:0.001000s ]
INFO: [ app_end ] --END-- [ RunTime:0.001000s ]

