[ 2016-09-08T13:19:24+08:00 ] ::1 /Mr_navigation/index.php/Admin/HighLevel/lists.html
INFO: [ app_init ] --START--
INFO: Run Behavior\BuildLiteBehavior [ RunTime:0.000000s ]
INFO: [ app_init ] --END-- [ RunTime:0.001000s ]
INFO: [ app_begin ] --START--
INFO: Run Behavior\ReadHtmlCacheBehavior [ RunTime:0.001000s ]
INFO: [ app_begin ] --END-- [ RunTime:0.001000s ]
SQL: SHOW COLUMNS FROM `nav_high_level` [ RunTime:0.0060s ]
SQL: SELECT COUNT(*) AS tp_count FROM `nav_high_level` LIMIT 1   [ RunTime:0.0010s ]
NOTIC: [8] Undefined variable: map D:\phpStudy\WWW\MR_navigation\Application\Admin\Controller\HighLevelController.class.php 第 21 行.
SQL: SELECT * FROM `nav_high_level` ORDER BY sort desc LIMIT 0,10   [ RunTime:0.0000s ]
INFO: [ view_parse ] --START--
NOTIC: [2] file_get_contents(./Application/Admin/View/Common/admin/footer.html): failed to open stream: No such file or directory D:\phpStudy\WWW\MR_navigation\ThinkPHP\Library\Think\Template.class.php 第 696 行.
INFO: [ template_filter ] --START--
INFO: Run Behavior\ContentReplaceBehavior [ RunTime:0.000000s ]
INFO: [ template_filter ] --END-- [ RunTime:0.000000s ]
NOTIC: [8] Undefined variable: keyword D:\phpStudy\WWW\MR_navigation\Application\Runtime\Cache\Admin\9c2beb313b914c6391b3fbbcdfe3fff0.php 第 133 行.
NOTIC: [8] Undefined index: p D:\phpStudy\WWW\MR_navigation\Application\Runtime\Cache\Admin\9c2beb313b914c6391b3fbbcdfe3fff0.php 第 144 行.
NOTIC: [8] Undefined index: entity_id D:\phpStudy\WWW\MR_navigation\Application\Runtime\Cache\Admin\9c2beb313b914c6391b3fbbcdfe3fff0.php 第 164 行.
NOTIC: [8] Undefined index: entity_id D:\phpStudy\WWW\MR_navigation\Application\Runtime\Cache\Admin\9c2beb313b914c6391b3fbbcdfe3fff0.php 第 165 行.
NOTIC: [8] Undefined index: entity_id D:\phpStudy\WWW\MR_navigation\Application\Runtime\Cache\Admin\9c2beb313b914c6391b3fbbcdfe3fff0.php 第 164 行.
NOTIC: [8] Undefined index: entity_id D:\phpStudy\WWW\MR_navigation\Application\Runtime\Cache\Admin\9c2beb313b914c6391b3fbbcdfe3fff0.php 第 165 行.
NOTIC: [8] Undefined index: entity_id D:\phpStudy\WWW\MR_navigation\Application\Runtime\Cache\Admin\9c2beb313b914c6391b3fbbcdfe3fff0.php 第 164 行.
NOTIC: [8] Undefined index: entity_id D:\phpStudy\WWW\MR_navigation\Application\Runtime\Cache\Admin\9c2beb313b914c6391b3fbbcdfe3fff0.php 第 165 行.
NOTIC: [8] Undefined index: entity_id D:\phpStudy\WWW\MR_navigation\Application\Runtime\Cache\Admin\9c2beb313b914c6391b3fbbcdfe3fff0.php 第 164 行.
NOTIC: [8] Undefined index: entity_id D:\phpStudy\WWW\MR_navigation\Application\Runtime\Cache\Admin\9c2beb313b914c6391b3fbbcdfe3fff0.php 第 165 行.
NOTIC: [8] Undefined index: entity_id D:\phpStudy\WWW\MR_navigation\Application\Runtime\Cache\Admin\9c2beb313b914c6391b3fbbcdfe3fff0.php 第 164 行.
NOTIC: [8] Undefined index: entity_id D:\phpStudy\WWW\MR_navigation\Application\Runtime\Cache\Admin\9c2beb313b914c6391b3fbbcdfe3fff0.php 第 165 行.
NOTIC: [8] Undefined index: entity_id D:\phpStudy\WWW\MR_navigation\Application\Runtime\Cache\Admin\9c2beb313b914c6391b3fbbcdfe3fff0.php 第 164 行.
NOTIC: [8] Undefined index: entity_id D:\phpStudy\WWW\MR_navigation\Application\Runtime\Cache\Admin\9c2beb313b914c6391b3fbbcdfe3fff0.php 第 165 行.
INFO: Run Behavior\ParseTemplateBehavior [ RunTime:0.018001s ]
INFO: [ view_parse ] --END-- [ RunTime:0.018001s ]
INFO: [ view_filter ] --START--
INFO: Run Behavior\WriteHtmlCacheBehavior [ RunTime:0.001000s ]
INFO: [ view_filter ] --END-- [ RunTime:0.001000s ]
INFO: [ app_end ] --START--
INFO: Run Behavior\ShowPageTraceBehavior [ RunTime:0.001000s ]
INFO: [ app_end ] --END-- [ RunTime:0.001000s ]

[ 2016-09-08T13:19:28+08:00 ] ::1 /Mr_navigation/index.php/Admin/Hot/lists.html
INFO: [ app_init ] --START--
INFO: Run Behavior\BuildLiteBehavior [ RunTime:0.000000s ]
INFO: [ app_init ] --END-- [ RunTime:0.000000s ]
INFO: [ app_begin ] --START--
INFO: Run Behavior\ReadHtmlCacheBehavior [ RunTime:0.000000s ]
INFO: [ app_begin ] --END-- [ RunTime:0.000000s ]
SQL: SHOW COLUMNS FROM `nav_hot` [ RunTime:0.0060s ]
SQL: SELECT COUNT(*) AS tp_count FROM `nav_hot` WHERE `type` = 0 LIMIT 1   [ RunTime:0.0010s ]
SQL: SELECT * FROM `nav_hot` WHERE `type` = 0 ORDER BY sort desc LIMIT 0,10   [ RunTime:0.0010s ]
INFO: [ view_parse ] --START--
NOTIC: [2] file_get_contents(./Application/Admin/View/Common/admin/footer.html): failed to open stream: No such file or directory D:\phpStudy\WWW\MR_navigation\ThinkPHP\Library\Think\Template.class.php 第 696 行.
INFO: [ template_filter ] --START--
INFO: Run Behavior\ContentReplaceBehavior [ RunTime:0.000000s ]
INFO: [ template_filter ] --END-- [ RunTime:0.000000s ]
NOTIC: [8] Undefined index: type D:\phpStudy\WWW\MR_navigation\Application\Runtime\Cache\Admin\5f5a152cff6220d4215ce3902f117f0b.php 第 119 行.
NOTIC: [8] Undefined index: type D:\phpStudy\WWW\MR_navigation\Application\Runtime\Cache\Admin\5f5a152cff6220d4215ce3902f117f0b.php 第 122 行.
NOTIC: [8] Undefined index: type D:\phpStudy\WWW\MR_navigation\Application\Runtime\Cache\Admin\5f5a152cff6220d4215ce3902f117f0b.php 第 125 行.
NOTIC: [8] Undefined index: p D:\phpStudy\WWW\MR_navigation\Application\Runtime\Cache\Admin\5f5a152cff6220d4215ce3902f117f0b.php 第 142 行.
NOTIC: [8] Undefined index: type D:\phpStudy\WWW\MR_navigation\Application\Runtime\Cache\Admin\5f5a152cff6220d4215ce3902f117f0b.php 第 151 行.
NOTIC: [8] Undefined variable:  D:\phpStudy\WWW\MR_navigation\Application\Runtime\Cache\Admin\5f5a152cff6220d4215ce3902f117f0b.php 第 151 行.
NOTIC: [8] Undefined index: type D:\phpStudy\WWW\MR_navigation\Application\Runtime\Cache\Admin\5f5a152cff6220d4215ce3902f117f0b.php 第 152 行.
NOTIC: [8] Undefined index: entity_id D:\phpStudy\WWW\MR_navigation\Application\Runtime\Cache\Admin\5f5a152cff6220d4215ce3902f117f0b.php 第 164 行.
NOTIC: [8] Undefined index: entity_id D:\phpStudy\WWW\MR_navigation\Application\Runtime\Cache\Admin\5f5a152cff6220d4215ce3902f117f0b.php 第 165 行.
NOTIC: [8] Undefined index: type D:\phpStudy\WWW\MR_navigation\Application\Runtime\Cache\Admin\5f5a152cff6220d4215ce3902f117f0b.php 第 167 行.
NOTIC: [8] Undefined index: entity_id D:\phpStudy\WWW\MR_navigation\Application\Runtime\Cache\Admin\5f5a152cff6220d4215ce3902f117f0b.php 第 164 行.
NOTIC: [8] Undefined index: entity_id D:\phpStudy\WWW\MR_navigation\Application\Runtime\Cache\Admin\5f5a152cff6220d4215ce3902f117f0b.php 第 165 行.
NOTIC: [8] Undefined index: type D:\phpStudy\WWW\MR_navigation\Application\Runtime\Cache\Admin\5f5a152cff6220d4215ce3902f117f0b.php 第 167 行.
NOTIC: [8] Undefined index: entity_id D:\phpStudy\WWW\MR_navigation\Application\Runtime\Cache\Admin\5f5a152cff6220d4215ce3902f117f0b.php 第 164 行.
NOTIC: [8] Undefined index: entity_id D:\phpStudy\WWW\MR_navigation\Application\Runtime\Cache\Admin\5f5a152cff6220d4215ce3902f117f0b.php 第 165 行.
NOTIC: [8] Undefined index: type D:\phpStudy\WWW\MR_navigation\Application\Runtime\Cache\Admin\5f5a152cff6220d4215ce3902f117f0b.php 第 167 行.
NOTIC: [8] Undefined index: entity_id D:\phpStudy\WWW\MR_navigation\Application\Runtime\Cache\Admin\5f5a152cff6220d4215ce3902f117f0b.php 第 164 行.
NOTIC: [8] Undefined index: entity_id D:\phpStudy\WWW\MR_navigation\Application\Runtime\Cache\Admin\5f5a152cff6220d4215ce3902f117f0b.php 第 165 行.
NOTIC: [8] Undefined index: type D:\phpStudy\WWW\MR_navigation\Application\Runtime\Cache\Admin\5f5a152cff6220d4215ce3902f117f0b.php 第 167 行.
NOTIC: [8] Undefined index: entity_id D:\phpStudy\WWW\MR_navigation\Application\Runtime\Cache\Admin\5f5a152cff6220d4215ce3902f117f0b.php 第 164 行.
NOTIC: [8] Undefined index: entity_id D:\phpStudy\WWW\MR_navigation\Application\Runtime\Cache\Admin\5f5a152cff6220d4215ce3902f117f0b.php 第 165 行.
NOTIC: [8] Undefined index: type D:\phpStudy\WWW\MR_navigation\Application\Runtime\Cache\Admin\5f5a152cff6220d4215ce3902f117f0b.php 第 167 行.
NOTIC: [8] Undefined index: entity_id D:\phpStudy\WWW\MR_navigation\Application\Runtime\Cache\Admin\5f5a152cff6220d4215ce3902f117f0b.php 第 164 行.
NOTIC: [8] Undefined index: entity_id D:\phpStudy\WWW\MR_navigation\Application\Runtime\Cache\Admin\5f5a152cff6220d4215ce3902f117f0b.php 第 165 行.
NOTIC: [8] Undefined index: type D:\phpStudy\WWW\MR_navigation\Application\Runtime\Cache\Admin\5f5a152cff6220d4215ce3902f117f0b.php 第 167 行.
NOTIC: [8] Undefined index: entity_id D:\phpStudy\WWW\MR_navigation\Application\Runtime\Cache\Admin\5f5a152cff6220d4215ce3902f117f0b.php 第 164 行.
NOTIC: [8] Undefined index: entity_id D:\phpStudy\WWW\MR_navigation\Application\Runtime\Cache\Admin\5f5a152cff6220d4215ce3902f117f0b.php 第 165 行.
NOTIC: [8] Undefined index: type D:\phpStudy\WWW\MR_navigation\Application\Runtime\Cache\Admin\5f5a152cff6220d4215ce3902f117f0b.php 第 167 行.
NOTIC: [8] Undefined index: entity_id D:\phpStudy\WWW\MR_navigation\Application\Runtime\Cache\Admin\5f5a152cff6220d4215ce3902f117f0b.php 第 164 行.
NOTIC: [8] Undefined index: entity_id D:\phpStudy\WWW\MR_navigation\Application\Runtime\Cache\Admin\5f5a152cff6220d4215ce3902f117f0b.php 第 165 行.
NOTIC: [8] Undefined index: type D:\phpStudy\WWW\MR_navigation\Application\Runtime\Cache\Admin\5f5a152cff6220d4215ce3902f117f0b.php 第 167 行.
NOTIC: [8] Undefined index: entity_id D:\phpStudy\WWW\MR_navigation\Application\Runtime\Cache\Admin\5f5a152cff6220d4215ce3902f117f0b.php 第 164 行.
NOTIC: [8] Undefined index: entity_id D:\phpStudy\WWW\MR_navigation\Application\Runtime\Cache\Admin\5f5a152cff6220d4215ce3902f117f0b.php 第 165 行.
NOTIC: [8] Undefined index: type D:\phpStudy\WWW\MR_navigation\Application\Runtime\Cache\Admin\5f5a152cff6220d4215ce3902f117f0b.php 第 167 行.
NOTIC: [8] Undefined index: entity_id D:\phpStudy\WWW\MR_navigation\Application\Runtime\Cache\Admin\5f5a152cff6220d4215ce3902f117f0b.php 第 164 行.
NOTIC: [8] Undefined index: entity_id D:\phpStudy\WWW\MR_navigation\Application\Runtime\Cache\Admin\5f5a152cff6220d4215ce3902f117f0b.php 第 165 行.
NOTIC: [8] Undefined index: type D:\phpStudy\WWW\MR_navigation\Application\Runtime\Cache\Admin\5f5a152cff6220d4215ce3902f117f0b.php 第 167 行.
INFO: Run Behavior\ParseTemplateBehavior [ RunTime:0.015001s ]
INFO: [ view_parse ] --END-- [ RunTime:0.015001s ]
INFO: [ view_filter ] --START--
INFO: Run Behavior\WriteHtmlCacheBehavior [ RunTime:0.000000s ]
INFO: [ view_filter ] --END-- [ RunTime:0.000000s ]
INFO: [ app_end ] --START--
INFO: Run Behavior\ShowPageTraceBehavior [ RunTime:0.001000s ]
INFO: [ app_end ] --END-- [ RunTime:0.001000s ]

[ 2016-09-08T13:19:32+08:00 ] ::1 /Mr_navigation/index.php/Admin/Hot/lists/type/1.html
INFO: [ app_init ] --START--
INFO: Run Behavior\BuildLiteBehavior [ RunTime:0.000000s ]
INFO: [ app_init ] --END-- [ RunTime:0.001000s ]
INFO: [ app_begin ] --START--
INFO: Run Behavior\ReadHtmlCacheBehavior [ RunTime:0.000000s ]
INFO: [ app_begin ] --END-- [ RunTime:0.001000s ]
SQL: SHOW COLUMNS FROM `nav_hot` [ RunTime:0.0040s ]
SQL: SELECT COUNT(*) AS tp_count FROM `nav_hot` WHERE `type` = 1 LIMIT 1   [ RunTime:0.0000s ]
SQL: SELECT * FROM `nav_hot` WHERE `type` = 1 ORDER BY sort desc LIMIT 0,10   [ RunTime:0.0000s ]
INFO: [ view_parse ] --START--
NOTIC: [2] file_get_contents(./Application/Admin/View/Common/admin/footer.html): failed to open stream: No such file or directory D:\phpStudy\WWW\MR_navigation\ThinkPHP\Library\Think\Template.class.php 第 696 行.
INFO: [ template_filter ] --START--
INFO: Run Behavior\ContentReplaceBehavior [ RunTime:0.000000s ]
INFO: [ template_filter ] --END-- [ RunTime:0.000000s ]
NOTIC: [8] Undefined index: p D:\phpStudy\WWW\MR_navigation\Application\Runtime\Cache\Admin\5f5a152cff6220d4215ce3902f117f0b.php 第 142 行.
NOTIC: [8] Undefined variable: 1 D:\phpStudy\WWW\MR_navigation\Application\Runtime\Cache\Admin\5f5a152cff6220d4215ce3902f117f0b.php 第 151 行.
NOTIC: [8] Undefined index: entity_id D:\phpStudy\WWW\MR_navigation\Application\Runtime\Cache\Admin\5f5a152cff6220d4215ce3902f117f0b.php 第 164 行.
NOTIC: [8] Undefined index: entity_id D:\phpStudy\WWW\MR_navigation\Application\Runtime\Cache\Admin\5f5a152cff6220d4215ce3902f117f0b.php 第 165 行.
NOTIC: [8] Undefined index: entity_id D:\phpStudy\WWW\MR_navigation\Application\Runtime\Cache\Admin\5f5a152cff6220d4215ce3902f117f0b.php 第 164 行.
NOTIC: [8] Undefined index: entity_id D:\phpStudy\WWW\MR_navigation\Application\Runtime\Cache\Admin\5f5a152cff6220d4215ce3902f117f0b.php 第 165 行.
NOTIC: [8] Undefined index: entity_id D:\phpStudy\WWW\MR_navigation\Application\Runtime\Cache\Admin\5f5a152cff6220d4215ce3902f117f0b.php 第 164 行.
NOTIC: [8] Undefined index: entity_id D:\phpStudy\WWW\MR_navigation\Application\Runtime\Cache\Admin\5f5a152cff6220d4215ce3902f117f0b.php 第 165 行.
NOTIC: [8] Undefined index: entity_id D:\phpStudy\WWW\MR_navigation\Application\Runtime\Cache\Admin\5f5a152cff6220d4215ce3902f117f0b.php 第 164 行.
NOTIC: [8] Undefined index: entity_id D:\phpStudy\WWW\MR_navigation\Application\Runtime\Cache\Admin\5f5a152cff6220d4215ce3902f117f0b.php 第 165 行.
INFO: Run Behavior\ParseTemplateBehavior [ RunTime:0.017001s ]
INFO: [ view_parse ] --END-- [ RunTime:0.018001s ]
INFO: [ view_filter ] --START--
INFO: Run Behavior\WriteHtmlCacheBehavior [ RunTime:0.000000s ]
INFO: [ view_filter ] --END-- [ RunTime:0.000000s ]
INFO: [ app_end ] --START--
INFO: Run Behavior\ShowPageTraceBehavior [ RunTime:0.001000s ]
INFO: [ app_end ] --END-- [ RunTime:0.001000s ]

[ 2016-09-08T13:19:34+08:00 ] ::1 /Mr_navigation/index.php/Admin/Hot/lists/type/2.html
INFO: [ app_init ] --START--
INFO: Run Behavior\BuildLiteBehavior [ RunTime:0.000000s ]
INFO: [ app_init ] --END-- [ RunTime:0.001001s ]
INFO: [ app_begin ] --START--
INFO: Run Behavior\ReadHtmlCacheBehavior [ RunTime:0.000000s ]
INFO: [ app_begin ] --END-- [ RunTime:0.000000s ]
SQL: SHOW COLUMNS FROM `nav_hot` [ RunTime:0.0060s ]
SQL: SELECT COUNT(*) AS tp_count FROM `nav_hot` WHERE `type` = 2 LIMIT 1   [ RunTime:0.0000s ]
SQL: SELECT * FROM `nav_hot` WHERE `type` = 2 ORDER BY sort desc LIMIT 0,10   [ RunTime:0.0010s ]
INFO: [ view_parse ] --START--
NOTIC: [2] file_get_contents(./Application/Admin/View/Common/admin/footer.html): failed to open stream: No such file or directory D:\phpStudy\WWW\MR_navigation\ThinkPHP\Library\Think\Template.class.php 第 696 行.
INFO: [ template_filter ] --START--
INFO: Run Behavior\ContentReplaceBehavior [ RunTime:0.000000s ]
INFO: [ template_filter ] --END-- [ RunTime:0.000000s ]
NOTIC: [8] Undefined index: p D:\phpStudy\WWW\MR_navigation\Application\Runtime\Cache\Admin\5f5a152cff6220d4215ce3902f117f0b.php 第 142 行.
NOTIC: [8] Undefined variable: 2 D:\phpStudy\WWW\MR_navigation\Application\Runtime\Cache\Admin\5f5a152cff6220d4215ce3902f117f0b.php 第 151 行.
NOTIC: [8] Undefined index: entity_id D:\phpStudy\WWW\MR_navigation\Application\Runtime\Cache\Admin\5f5a152cff6220d4215ce3902f117f0b.php 第 164 行.
NOTIC: [8] Undefined index: entity_id D:\phpStudy\WWW\MR_navigation\Application\Runtime\Cache\Admin\5f5a152cff6220d4215ce3902f117f0b.php 第 165 行.
NOTIC: [8] Undefined index: entity_id D:\phpStudy\WWW\MR_navigation\Application\Runtime\Cache\Admin\5f5a152cff6220d4215ce3902f117f0b.php 第 164 行.
NOTIC: [8] Undefined index: entity_id D:\phpStudy\WWW\MR_navigation\Application\Runtime\Cache\Admin\5f5a152cff6220d4215ce3902f117f0b.php 第 165 行.
NOTIC: [8] Undefined index: entity_id D:\phpStudy\WWW\MR_navigation\Application\Runtime\Cache\Admin\5f5a152cff6220d4215ce3902f117f0b.php 第 164 行.
NOTIC: [8] Undefined index: entity_id D:\phpStudy\WWW\MR_navigation\Application\Runtime\Cache\Admin\5f5a152cff6220d4215ce3902f117f0b.php 第 165 行.
NOTIC: [8] Undefined index: entity_id D:\phpStudy\WWW\MR_navigation\Application\Runtime\Cache\Admin\5f5a152cff6220d4215ce3902f117f0b.php 第 164 行.
NOTIC: [8] Undefined index: entity_id D:\phpStudy\WWW\MR_navigation\Application\Runtime\Cache\Admin\5f5a152cff6220d4215ce3902f117f0b.php 第 165 行.
NOTIC: [8] Undefined index: entity_id D:\phpStudy\WWW\MR_navigation\Application\Runtime\Cache\Admin\5f5a152cff6220d4215ce3902f117f0b.php 第 164 行.
NOTIC: [8] Undefined index: entity_id D:\phpStudy\WWW\MR_navigation\Application\Runtime\Cache\Admin\5f5a152cff6220d4215ce3902f117f0b.php 第 165 行.
NOTIC: [8] Undefined index: entity_id D:\phpStudy\WWW\MR_navigation\Application\Runtime\Cache\Admin\5f5a152cff6220d4215ce3902f117f0b.php 第 164 行.
NOTIC: [8] Undefined index: entity_id D:\phpStudy\WWW\MR_navigation\Application\Runtime\Cache\Admin\5f5a152cff6220d4215ce3902f117f0b.php 第 165 行.
NOTIC: [8] Undefined index: entity_id D:\phpStudy\WWW\MR_navigation\Application\Runtime\Cache\Admin\5f5a152cff6220d4215ce3902f117f0b.php 第 164 行.
NOTIC: [8] Undefined index: entity_id D:\phpStudy\WWW\MR_navigation\Application\Runtime\Cache\Admin\5f5a152cff6220d4215ce3902f117f0b.php 第 165 行.
INFO: Run Behavior\ParseTemplateBehavior [ RunTime:0.014001s ]
INFO: [ view_parse ] --END-- [ RunTime:0.014001s ]
INFO: [ view_filter ] --START--
INFO: Run Behavior\WriteHtmlCacheBehavior [ RunTime:0.000000s ]
INFO: [ view_filter ] --END-- [ RunTime:0.000000s ]
INFO: [ app_end ] --START--
INFO: Run Behavior\ShowPageTraceBehavior [ RunTime:0.001000s ]
INFO: [ app_end ] --END-- [ RunTime:0.001000s ]

[ 2016-09-08T13:19:46+08:00 ] ::1 /Mr_navigation/index.php/Admin/Hot/add/id/101.html
INFO: [ app_init ] --START--
INFO: Run Behavior\BuildLiteBehavior [ RunTime:0.000000s ]
INFO: [ app_init ] --END-- [ RunTime:0.001000s ]
INFO: [ app_begin ] --START--
INFO: Run Behavior\ReadHtmlCacheBehavior [ RunTime:0.001000s ]
INFO: [ app_begin ] --END-- [ RunTime:0.001000s ]
SQL: SHOW COLUMNS FROM `nav_hot` [ RunTime:0.0050s ]
SQL: SELECT * FROM `nav_hot` WHERE `id` = 101 LIMIT 1   [ RunTime:0.0030s ]
INFO: [ view_parse ] --START--
INFO: [ template_filter ] --START--
INFO: Run Behavior\ContentReplaceBehavior [ RunTime:0.000000s ]
INFO: [ template_filter ] --END-- [ RunTime:0.000000s ]
INFO: Run Behavior\ParseTemplateBehavior [ RunTime:0.013001s ]
INFO: [ view_parse ] --END-- [ RunTime:0.013001s ]
INFO: [ view_filter ] --START--
INFO: Run Behavior\WriteHtmlCacheBehavior [ RunTime:0.001000s ]
INFO: [ view_filter ] --END-- [ RunTime:0.001000s ]
INFO: [ app_end ] --START--
INFO: Run Behavior\ShowPageTraceBehavior [ RunTime:0.001000s ]
INFO: [ app_end ] --END-- [ RunTime:0.001000s ]

[ 2016-09-08T13:20:11+08:00 ] ::1 /Mr_navigation/index.php/Admin/Hot/add/id/101.html
INFO: [ app_init ] --START--
INFO: Run Behavior\BuildLiteBehavior [ RunTime:0.000000s ]
INFO: [ app_init ] --END-- [ RunTime:0.001000s ]
INFO: [ app_begin ] --START--
INFO: Run Behavior\ReadHtmlCacheBehavior [ RunTime:0.000000s ]
INFO: [ app_begin ] --END-- [ RunTime:0.000000s ]
SQL: SHOW COLUMNS FROM `nav_hot` [ RunTime:0.0040s ]
SQL: SELECT * FROM `nav_hot` WHERE `id` = 101 LIMIT 1   [ RunTime:0.0000s ]
INFO: [ view_parse ] --START--
INFO: [ template_filter ] --START--
INFO: Run Behavior\ContentReplaceBehavior [ RunTime:0.000000s ]
INFO: [ template_filter ] --END-- [ RunTime:0.000000s ]
INFO: Run Behavior\ParseTemplateBehavior [ RunTime:0.011001s ]
INFO: [ view_parse ] --END-- [ RunTime:0.011001s ]
INFO: [ view_filter ] --START--
INFO: Run Behavior\WriteHtmlCacheBehavior [ RunTime:0.000000s ]
INFO: [ view_filter ] --END-- [ RunTime:0.000000s ]
INFO: [ app_end ] --START--
INFO: Run Behavior\ShowPageTraceBehavior [ RunTime:0.001000s ]
INFO: [ app_end ] --END-- [ RunTime:0.001000s ]

[ 2016-09-08T13:20:16+08:00 ] ::1 /Mr_navigation/index.php/Admin/Hot/add/id/95.html
INFO: [ app_init ] --START--
INFO: Run Behavior\BuildLiteBehavior [ RunTime:0.000000s ]
INFO: [ app_init ] --END-- [ RunTime:0.000000s ]
INFO: [ app_begin ] --START--
INFO: Run Behavior\ReadHtmlCacheBehavior [ RunTime:0.001000s ]
INFO: [ app_begin ] --END-- [ RunTime:0.001000s ]
SQL: SHOW COLUMNS FROM `nav_hot` [ RunTime:0.0040s ]
SQL: SELECT * FROM `nav_hot` WHERE `id` = 95 LIMIT 1   [ RunTime:0.0000s ]
INFO: [ view_parse ] --START--
INFO: [ template_filter ] --START--
INFO: Run Behavior\ContentReplaceBehavior [ RunTime:0.001000s ]
INFO: [ template_filter ] --END-- [ RunTime:0.001000s ]
INFO: Run Behavior\ParseTemplateBehavior [ RunTime:0.009000s ]
INFO: [ view_parse ] --END-- [ RunTime:0.009000s ]
INFO: [ view_filter ] --START--
INFO: Run Behavior\WriteHtmlCacheBehavior [ RunTime:0.001000s ]
INFO: [ view_filter ] --END-- [ RunTime:0.001000s ]
INFO: [ app_end ] --START--
INFO: Run Behavior\ShowPageTraceBehavior [ RunTime:0.001000s ]
INFO: [ app_end ] --END-- [ RunTime:0.001000s ]

[ 2016-09-08T13:20:27+08:00 ] ::1 /Mr_navigation/index.php/Admin/Hot/add.html
INFO: [ app_init ] --START--
INFO: Run Behavior\BuildLiteBehavior [ RunTime:0.000000s ]
INFO: [ app_init ] --END-- [ RunTime:0.001000s ]
INFO: [ app_begin ] --START--
INFO: Run Behavior\ReadHtmlCacheBehavior [ RunTime:0.001000s ]
INFO: [ app_begin ] --END-- [ RunTime:0.001000s ]
SQL: SHOW COLUMNS FROM `nav_hot` [ RunTime:0.0040s ]
NOTIC: [2] call_user_func() expects parameter 1 to be a valid callback, no array or string given D:\phpStudy\WWW\MR_navigation\ThinkPHP\Library\Think\Upload.class.php 第 170 行.
SQL: UPDATE `nav_hot` SET `title`='图片1',`href`='http://www.baidu.com',`type`='2',`is_recommend`='1',`sort`='1',`id`='95',`picture`='2016-09-08/57d0f51b08776.jpg' WHERE `id` = 95 [ RunTime:0.0020s ]
INFO: [ view_parse ] --START--
INFO: [ template_filter ] --START--
INFO: Run Behavior\ContentReplaceBehavior [ RunTime:0.000000s ]
INFO: [ template_filter ] --END-- [ RunTime:0.000000s ]
INFO: Run Behavior\ParseTemplateBehavior [ RunTime:0.007001s ]
INFO: [ view_parse ] --END-- [ RunTime:0.007001s ]
INFO: [ view_filter ] --START--
INFO: Run Behavior\WriteHtmlCacheBehavior [ RunTime:0.001000s ]
INFO: [ view_filter ] --END-- [ RunTime:0.001000s ]
INFO: [ app_end ] --START--
INFO: Run Behavior\ShowPageTraceBehavior [ RunTime:0.000000s ]
INFO: [ app_end ] --END-- [ RunTime:0.000000s ]

[ 2016-09-08T13:20:29+08:00 ] ::1 /Mr_navigation/index.php/Admin/Hot/lists/type/2.html
INFO: [ app_init ] --START--
INFO: Run Behavior\BuildLiteBehavior [ RunTime:0.001000s ]
INFO: [ app_init ] --END-- [ RunTime:0.001000s ]
INFO: [ app_begin ] --START--
INFO: Run Behavior\ReadHtmlCacheBehavior [ RunTime:0.001000s ]
INFO: [ app_begin ] --END-- [ RunTime:0.001000s ]
SQL: SHOW COLUMNS FROM `nav_hot` [ RunTime:0.0040s ]
SQL: SELECT COUNT(*) AS tp_count FROM `nav_hot` WHERE `type` = 2 LIMIT 1   [ RunTime:0.0020s ]
SQL: SELECT * FROM `nav_hot` WHERE `type` = 2 ORDER BY sort desc LIMIT 0,10   [ RunTime:0.0000s ]
INFO: [ view_parse ] --START--
NOTIC: [2] file_get_contents(./Application/Admin/View/Common/admin/footer.html): failed to open stream: No such file or directory D:\phpStudy\WWW\MR_navigation\ThinkPHP\Library\Think\Template.class.php 第 696 行.
INFO: [ template_filter ] --START--
INFO: Run Behavior\ContentReplaceBehavior [ RunTime:0.000000s ]
INFO: [ template_filter ] --END-- [ RunTime:0.000000s ]
NOTIC: [8] Undefined index: p D:\phpStudy\WWW\MR_navigation\Application\Runtime\Cache\Admin\5f5a152cff6220d4215ce3902f117f0b.php 第 142 行.
NOTIC: [8] Undefined variable: 2 D:\phpStudy\WWW\MR_navigation\Application\Runtime\Cache\Admin\5f5a152cff6220d4215ce3902f117f0b.php 第 151 行.
NOTIC: [8] Undefined index: entity_id D:\phpStudy\WWW\MR_navigation\Application\Runtime\Cache\Admin\5f5a152cff6220d4215ce3902f117f0b.php 第 164 行.
NOTIC: [8] Undefined index: entity_id D:\phpStudy\WWW\MR_navigation\Application\Runtime\Cache\Admin\5f5a152cff6220d4215ce3902f117f0b.php 第 165 行.
NOTIC: [8] Undefined index: entity_id D:\phpStudy\WWW\MR_navigation\Application\Runtime\Cache\Admin\5f5a152cff6220d4215ce3902f117f0b.php 第 164 行.
NOTIC: [8] Undefined index: entity_id D:\phpStudy\WWW\MR_navigation\Application\Runtime\Cache\Admin\5f5a152cff6220d4215ce3902f117f0b.php 第 165 行.
NOTIC: [8] Undefined index: entity_id D:\phpStudy\WWW\MR_navigation\Application\Runtime\Cache\Admin\5f5a152cff6220d4215ce3902f117f0b.php 第 164 行.
NOTIC: [8] Undefined index: entity_id D:\phpStudy\WWW\MR_navigation\Application\Runtime\Cache\Admin\5f5a152cff6220d4215ce3902f117f0b.php 第 165 行.
NOTIC: [8] Undefined index: entity_id D:\phpStudy\WWW\MR_navigation\Application\Runtime\Cache\Admin\5f5a152cff6220d4215ce3902f117f0b.php 第 164 行.
NOTIC: [8] Undefined index: entity_id D:\phpStudy\WWW\MR_navigation\Application\Runtime\Cache\Admin\5f5a152cff6220d4215ce3902f117f0b.php 第 165 行.
NOTIC: [8] Undefined index: entity_id D:\phpStudy\WWW\MR_navigation\Application\Runtime\Cache\Admin\5f5a152cff6220d4215ce3902f117f0b.php 第 164 行.
NOTIC: [8] Undefined index: entity_id D:\phpStudy\WWW\MR_navigation\Application\Runtime\Cache\Admin\5f5a152cff6220d4215ce3902f117f0b.php 第 165 行.
NOTIC: [8] Undefined index: entity_id D:\phpStudy\WWW\MR_navigation\Application\Runtime\Cache\Admin\5f5a152cff6220d4215ce3902f117f0b.php 第 164 行.
NOTIC: [8] Undefined index: entity_id D:\phpStudy\WWW\MR_navigation\Application\Runtime\Cache\Admin\5f5a152cff6220d4215ce3902f117f0b.php 第 165 行.
NOTIC: [8] Undefined index: entity_id D:\phpStudy\WWW\MR_navigation\Application\Runtime\Cache\Admin\5f5a152cff6220d4215ce3902f117f0b.php 第 164 行.
NOTIC: [8] Undefined index: entity_id D:\phpStudy\WWW\MR_navigation\Application\Runtime\Cache\Admin\5f5a152cff6220d4215ce3902f117f0b.php 第 165 行.
INFO: Run Behavior\ParseTemplateBehavior [ RunTime:0.012001s ]
INFO: [ view_parse ] --END-- [ RunTime:0.012001s ]
INFO: [ view_filter ] --START--
INFO: Run Behavior\WriteHtmlCacheBehavior [ RunTime:0.001000s ]
INFO: [ view_filter ] --END-- [ RunTime:0.001000s ]
INFO: [ app_end ] --START--
INFO: Run Behavior\ShowPageTraceBehavior [ RunTime:0.001000s ]
INFO: [ app_end ] --END-- [ RunTime:0.001000s ]

[ 2016-09-08T13:21:41+08:00 ] ::1 /Mr_navigation/index.php/Admin/Hot/add/id/95.html
INFO: [ app_init ] --START--
INFO: Run Behavior\BuildLiteBehavior [ RunTime:0.000000s ]
INFO: [ app_init ] --END-- [ RunTime:0.001000s ]
INFO: [ app_begin ] --START--
INFO: Run Behavior\ReadHtmlCacheBehavior [ RunTime:0.001000s ]
INFO: [ app_begin ] --END-- [ RunTime:0.001000s ]
SQL: SHOW COLUMNS FROM `nav_hot` [ RunTime:0.0040s ]
SQL: SELECT * FROM `nav_hot` WHERE `id` = 95 LIMIT 1   [ RunTime:0.0010s ]
INFO: [ view_parse ] --START--
INFO: [ template_filter ] --START--
INFO: Run Behavior\ContentReplaceBehavior [ RunTime:0.000000s ]
INFO: [ template_filter ] --END-- [ RunTime:0.000000s ]
INFO: Run Behavior\ParseTemplateBehavior [ RunTime:0.011000s ]
INFO: [ view_parse ] --END-- [ RunTime:0.011000s ]
INFO: [ view_filter ] --START--
INFO: Run Behavior\WriteHtmlCacheBehavior [ RunTime:0.001000s ]
INFO: [ view_filter ] --END-- [ RunTime:0.001000s ]
INFO: [ app_end ] --START--
INFO: Run Behavior\ShowPageTraceBehavior [ RunTime:0.001000s ]
INFO: [ app_end ] --END-- [ RunTime:0.001000s ]

[ 2016-09-08T13:21:47+08:00 ] ::1 /Mr_navigation/index.php/Admin/Hot/add.html
INFO: [ app_init ] --START--
INFO: Run Behavior\BuildLiteBehavior [ RunTime:0.000000s ]
INFO: [ app_init ] --END-- [ RunTime:0.001000s ]
INFO: [ app_begin ] --START--
INFO: Run Behavior\ReadHtmlCacheBehavior [ RunTime:0.001000s ]
INFO: [ app_begin ] --END-- [ RunTime:0.001000s ]
SQL: SHOW COLUMNS FROM `nav_hot` [ RunTime:0.0050s ]
NOTIC: [2] call_user_func() expects parameter 1 to be a valid callback, no array or string given D:\phpStudy\WWW\MR_navigation\ThinkPHP\Library\Think\Upload.class.php 第 170 行.
SQL: UPDATE `nav_hot` SET `title`='图片1',`href`='http://www.baidu.com',`type`='2',`is_recommend`='1',`sort`='1',`id`='95',`picture`='2016-09-08/57d0f56bdc0b7.jpg' WHERE `id` = 95 [ RunTime:0.0010s ]
INFO: [ view_parse ] --START--
INFO: [ template_filter ] --START--
INFO: Run Behavior\ContentReplaceBehavior [ RunTime:0.000000s ]
INFO: [ template_filter ] --END-- [ RunTime:0.000000s ]
INFO: Run Behavior\ParseTemplateBehavior [ RunTime:0.009001s ]
INFO: [ view_parse ] --END-- [ RunTime:0.009001s ]
INFO: [ view_filter ] --START--
INFO: Run Behavior\WriteHtmlCacheBehavior [ RunTime:0.001000s ]
INFO: [ view_filter ] --END-- [ RunTime:0.001000s ]
INFO: [ app_end ] --START--
INFO: Run Behavior\ShowPageTraceBehavior [ RunTime:0.001000s ]
INFO: [ app_end ] --END-- [ RunTime:0.001000s ]

[ 2016-09-08T13:21:50+08:00 ] ::1 /Mr_navigation/index.php/Admin/Hot/lists/type/2.html
INFO: [ app_init ] --START--
INFO: Run Behavior\BuildLiteBehavior [ RunTime:0.001000s ]
INFO: [ app_init ] --END-- [ RunTime:0.002000s ]
INFO: [ app_begin ] --START--
INFO: Run Behavior\ReadHtmlCacheBehavior [ RunTime:0.002001s ]
INFO: [ app_begin ] --END-- [ RunTime:0.002001s ]
SQL: SHOW COLUMNS FROM `nav_hot` [ RunTime:0.0060s ]
SQL: SELECT COUNT(*) AS tp_count FROM `nav_hot` WHERE `type` = 2 LIMIT 1   [ RunTime:0.0000s ]
SQL: SELECT * FROM `nav_hot` WHERE `type` = 2 ORDER BY sort desc LIMIT 0,10   [ RunTime:0.0010s ]
INFO: [ view_parse ] --START--
NOTIC: [2] file_get_contents(./Application/Admin/View/Common/admin/footer.html): failed to open stream: No such file or directory D:\phpStudy\WWW\MR_navigation\ThinkPHP\Library\Think\Template.class.php 第 696 行.
INFO: [ template_filter ] --START--
INFO: Run Behavior\ContentReplaceBehavior [ RunTime:0.000000s ]
INFO: [ template_filter ] --END-- [ RunTime:0.000000s ]
NOTIC: [8] Undefined index: p D:\phpStudy\WWW\MR_navigation\Application\Runtime\Cache\Admin\5f5a152cff6220d4215ce3902f117f0b.php 第 142 行.
NOTIC: [8] Undefined variable: 2 D:\phpStudy\WWW\MR_navigation\Application\Runtime\Cache\Admin\5f5a152cff6220d4215ce3902f117f0b.php 第 151 行.
NOTIC: [8] Undefined index: entity_id D:\phpStudy\WWW\MR_navigation\Application\Runtime\Cache\Admin\5f5a152cff6220d4215ce3902f117f0b.php 第 164 行.
NOTIC: [8] Undefined index: entity_id D:\phpStudy\WWW\MR_navigation\Application\Runtime\Cache\Admin\5f5a152cff6220d4215ce3902f117f0b.php 第 165 行.
NOTIC: [8] Undefined index: entity_id D:\phpStudy\WWW\MR_navigation\Application\Runtime\Cache\Admin\5f5a152cff6220d4215ce3902f117f0b.php 第 164 行.
NOTIC: [8] Undefined index: entity_id D:\phpStudy\WWW\MR_navigation\Application\Runtime\Cache\Admin\5f5a152cff6220d4215ce3902f117f0b.php 第 165 行.
NOTIC: [8] Undefined index: entity_id D:\phpStudy\WWW\MR_navigation\Application\Runtime\Cache\Admin\5f5a152cff6220d4215ce3902f117f0b.php 第 164 行.
NOTIC: [8] Undefined index: entity_id D:\phpStudy\WWW\MR_navigation\Application\Runtime\Cache\Admin\5f5a152cff6220d4215ce3902f117f0b.php 第 165 行.
NOTIC: [8] Undefined index: entity_id D:\phpStudy\WWW\MR_navigation\Application\Runtime\Cache\Admin\5f5a152cff6220d4215ce3902f117f0b.php 第 164 行.
NOTIC: [8] Undefined index: entity_id D:\phpStudy\WWW\MR_navigation\Application\Runtime\Cache\Admin\5f5a152cff6220d4215ce3902f117f0b.php 第 165 行.
NOTIC: [8] Undefined index: entity_id D:\phpStudy\WWW\MR_navigation\Application\Runtime\Cache\Admin\5f5a152cff6220d4215ce3902f117f0b.php 第 164 行.
NOTIC: [8] Undefined index: entity_id D:\phpStudy\WWW\MR_navigation\Application\Runtime\Cache\Admin\5f5a152cff6220d4215ce3902f117f0b.php 第 165 行.
NOTIC: [8] Undefined index: entity_id D:\phpStudy\WWW\MR_navigation\Application\Runtime\Cache\Admin\5f5a152cff6220d4215ce3902f117f0b.php 第 164 行.
NOTIC: [8] Undefined index: entity_id D:\phpStudy\WWW\MR_navigation\Application\Runtime\Cache\Admin\5f5a152cff6220d4215ce3902f117f0b.php 第 165 行.
NOTIC: [8] Undefined index: entity_id D:\phpStudy\WWW\MR_navigation\Application\Runtime\Cache\Admin\5f5a152cff6220d4215ce3902f117f0b.php 第 164 行.
NOTIC: [8] Undefined index: entity_id D:\phpStudy\WWW\MR_navigation\Application\Runtime\Cache\Admin\5f5a152cff6220d4215ce3902f117f0b.php 第 165 行.
INFO: Run Behavior\ParseTemplateBehavior [ RunTime:0.017001s ]
INFO: [ view_parse ] --END-- [ RunTime:0.017001s ]
INFO: [ view_filter ] --START--
INFO: Run Behavior\WriteHtmlCacheBehavior [ RunTime:0.001000s ]
INFO: [ view_filter ] --END-- [ RunTime:0.001000s ]
INFO: [ app_end ] --START--
INFO: Run Behavior\ShowPageTraceBehavior [ RunTime:0.001000s ]
INFO: [ app_end ] --END-- [ RunTime:0.001000s ]

[ 2016-09-08T13:23:22+08:00 ] ::1 /Mr_navigation/index.php/Admin/Hot/lists.html
INFO: [ app_init ] --START--
INFO: Run Behavior\BuildLiteBehavior [ RunTime:0.000000s ]
INFO: [ app_init ] --END-- [ RunTime:0.001000s ]
INFO: [ app_begin ] --START--
INFO: Run Behavior\ReadHtmlCacheBehavior [ RunTime:0.001000s ]
INFO: [ app_begin ] --END-- [ RunTime:0.001000s ]
SQL: SHOW COLUMNS FROM `nav_hot` [ RunTime:0.0050s ]
SQL: SELECT COUNT(*) AS tp_count FROM `nav_hot` WHERE `type` = 0 LIMIT 1   [ RunTime:0.0000s ]
SQL: SELECT * FROM `nav_hot` WHERE `type` = 0 ORDER BY sort desc LIMIT 0,10   [ RunTime:0.0000s ]
INFO: [ view_parse ] --START--
NOTIC: [2] file_get_contents(./Application/Admin/View/Common/admin/footer.html): failed to open stream: No such file or directory D:\phpStudy\WWW\MR_navigation\ThinkPHP\Library\Think\Template.class.php 第 696 行.
INFO: [ template_filter ] --START--
INFO: Run Behavior\ContentReplaceBehavior [ RunTime:0.000000s ]
INFO: [ template_filter ] --END-- [ RunTime:0.000000s ]
NOTIC: [8] Undefined index: type D:\phpStudy\WWW\MR_navigation\Application\Runtime\Cache\Admin\5f5a152cff6220d4215ce3902f117f0b.php 第 119 行.
NOTIC: [8] Undefined index: type D:\phpStudy\WWW\MR_navigation\Application\Runtime\Cache\Admin\5f5a152cff6220d4215ce3902f117f0b.php 第 122 行.
NOTIC: [8] Undefined index: type D:\phpStudy\WWW\MR_navigation\Application\Runtime\Cache\Admin\5f5a152cff6220d4215ce3902f117f0b.php 第 125 行.
NOTIC: [8] Undefined index: p D:\phpStudy\WWW\MR_navigation\Application\Runtime\Cache\Admin\5f5a152cff6220d4215ce3902f117f0b.php 第 142 行.
NOTIC: [8] Undefined index: type D:\phpStudy\WWW\MR_navigation\Application\Runtime\Cache\Admin\5f5a152cff6220d4215ce3902f117f0b.php 第 151 行.
NOTIC: [8] Undefined variable:  D:\phpStudy\WWW\MR_navigation\Application\Runtime\Cache\Admin\5f5a152cff6220d4215ce3902f117f0b.php 第 151 行.
NOTIC: [8] Undefined index: type D:\phpStudy\WWW\MR_navigation\Application\Runtime\Cache\Admin\5f5a152cff6220d4215ce3902f117f0b.php 第 152 行.
NOTIC: [8] Undefined index: entity_id D:\phpStudy\WWW\MR_navigation\Application\Runtime\Cache\Admin\5f5a152cff6220d4215ce3902f117f0b.php 第 164 行.
NOTIC: [8] Undefined index: entity_id D:\phpStudy\WWW\MR_navigation\Application\Runtime\Cache\Admin\5f5a152cff6220d4215ce3902f117f0b.php 第 165 行.
NOTIC: [8] Undefined index: type D:\phpStudy\WWW\MR_navigation\Application\Runtime\Cache\Admin\5f5a152cff6220d4215ce3902f117f0b.php 第 167 行.
NOTIC: [8] Undefined index: entity_id D:\phpStudy\WWW\MR_navigation\Application\Runtime\Cache\Admin\5f5a152cff6220d4215ce3902f117f0b.php 第 164 行.
NOTIC: [8] Undefined index: entity_id D:\phpStudy\WWW\MR_navigation\Application\Runtime\Cache\Admin\5f5a152cff6220d4215ce3902f117f0b.php 第 165 行.
NOTIC: [8] Undefined index: type D:\phpStudy\WWW\MR_navigation\Application\Runtime\Cache\Admin\5f5a152cff6220d4215ce3902f117f0b.php 第 167 行.
NOTIC: [8] Undefined index: entity_id D:\phpStudy\WWW\MR_navigation\Application\Runtime\Cache\Admin\5f5a152cff6220d4215ce3902f117f0b.php 第 164 行.
NOTIC: [8] Undefined index: entity_id D:\phpStudy\WWW\MR_navigation\Application\Runtime\Cache\Admin\5f5a152cff6220d4215ce3902f117f0b.php 第 165 行.
NOTIC: [8] Undefined index: type D:\phpStudy\WWW\MR_navigation\Application\Runtime\Cache\Admin\5f5a152cff6220d4215ce3902f117f0b.php 第 167 行.
NOTIC: [8] Undefined index: entity_id D:\phpStudy\WWW\MR_navigation\Application\Runtime\Cache\Admin\5f5a152cff6220d4215ce3902f117f0b.php 第 164 行.
NOTIC: [8] Undefined index: entity_id D:\phpStudy\WWW\MR_navigation\Application\Runtime\Cache\Admin\5f5a152cff6220d4215ce3902f117f0b.php 第 165 行.
NOTIC: [8] Undefined index: type D:\phpStudy\WWW\MR_navigation\Application\Runtime\Cache\Admin\5f5a152cff6220d4215ce3902f117f0b.php 第 167 行.
NOTIC: [8] Undefined index: entity_id D:\phpStudy\WWW\MR_navigation\Application\Runtime\Cache\Admin\5f5a152cff6220d4215ce3902f117f0b.php 第 164 行.
NOTIC: [8] Undefined index: entity_id D:\phpStudy\WWW\MR_navigation\Application\Runtime\Cache\Admin\5f5a152cff6220d4215ce3902f117f0b.php 第 165 行.
NOTIC: [8] Undefined index: type D:\phpStudy\WWW\MR_navigation\Application\Runtime\Cache\Admin\5f5a152cff6220d4215ce3902f117f0b.php 第 167 行.
NOTIC: [8] Undefined index: entity_id D:\phpStudy\WWW\MR_navigation\Application\Runtime\Cache\Admin\5f5a152cff6220d4215ce3902f117f0b.php 第 164 行.
NOTIC: [8] Undefined index: entity_id D:\phpStudy\WWW\MR_navigation\Application\Runtime\Cache\Admin\5f5a152cff6220d4215ce3902f117f0b.php 第 165 行.
NOTIC: [8] Undefined index: type D:\phpStudy\WWW\MR_navigation\Application\Runtime\Cache\Admin\5f5a152cff6220d4215ce3902f117f0b.php 第 167 行.
NOTIC: [8] Undefined index: entity_id D:\phpStudy\WWW\MR_navigation\Application\Runtime\Cache\Admin\5f5a152cff6220d4215ce3902f117f0b.php 第 164 行.
NOTIC: [8] Undefined index: entity_id D:\phpStudy\WWW\MR_navigation\Application\Runtime\Cache\Admin\5f5a152cff6220d4215ce3902f117f0b.php 第 165 行.
NOTIC: [8] Undefined index: type D:\phpStudy\WWW\MR_navigation\Application\Runtime\Cache\Admin\5f5a152cff6220d4215ce3902f117f0b.php 第 167 行.
NOTIC: [8] Undefined index: entity_id D:\phpStudy\WWW\MR_navigation\Application\Runtime\Cache\Admin\5f5a152cff6220d4215ce3902f117f0b.php 第 164 行.
NOTIC: [8] Undefined index: entity_id D:\phpStudy\WWW\MR_navigation\Application\Runtime\Cache\Admin\5f5a152cff6220d4215ce3902f117f0b.php 第 165 行.
NOTIC: [8] Undefined index: type D:\phpStudy\WWW\MR_navigation\Application\Runtime\Cache\Admin\5f5a152cff6220d4215ce3902f117f0b.php 第 167 行.
NOTIC: [8] Undefined index: entity_id D:\phpStudy\WWW\MR_navigation\Application\Runtime\Cache\Admin\5f5a152cff6220d4215ce3902f117f0b.php 第 164 行.
NOTIC: [8] Undefined index: entity_id D:\phpStudy\WWW\MR_navigation\Application\Runtime\Cache\Admin\5f5a152cff6220d4215ce3902f117f0b.php 第 165 行.
NOTIC: [8] Undefined index: type D:\phpStudy\WWW\MR_navigation\Application\Runtime\Cache\Admin\5f5a152cff6220d4215ce3902f117f0b.php 第 167 行.
NOTIC: [8] Undefined index: entity_id D:\phpStudy\WWW\MR_navigation\Application\Runtime\Cache\Admin\5f5a152cff6220d4215ce3902f117f0b.php 第 164 行.
NOTIC: [8] Undefined index: entity_id D:\phpStudy\WWW\MR_navigation\Application\Runtime\Cache\Admin\5f5a152cff6220d4215ce3902f117f0b.php 第 165 行.
NOTIC: [8] Undefined index: type D:\phpStudy\WWW\MR_navigation\Application\Runtime\Cache\Admin\5f5a152cff6220d4215ce3902f117f0b.php 第 167 行.
INFO: Run Behavior\ParseTemplateBehavior [ RunTime:0.019001s ]
INFO: [ view_parse ] --END-- [ RunTime:0.019001s ]
INFO: [ view_filter ] --START--
INFO: Run Behavior\WriteHtmlCacheBehavior [ RunTime:0.001000s ]
INFO: [ view_filter ] --END-- [ RunTime:0.001000s ]
INFO: [ app_end ] --START--
INFO: Run Behavior\ShowPageTraceBehavior [ RunTime:0.001000s ]
INFO: [ app_end ] --END-- [ RunTime:0.001000s ]

[ 2016-09-08T13:25:06+08:00 ] ::1 /Mr_navigation/index.php/Admin/Hot/add.html
INFO: [ app_init ] --START--
INFO: Run Behavior\BuildLiteBehavior [ RunTime:0.000000s ]
INFO: [ app_init ] --END-- [ RunTime:0.001000s ]
INFO: [ app_begin ] --START--
INFO: Run Behavior\ReadHtmlCacheBehavior [ RunTime:0.001000s ]
INFO: [ app_begin ] --END-- [ RunTime:0.001000s ]
SQL: SHOW COLUMNS FROM `nav_hot` [ RunTime:0.0040s ]
SQL: SELECT * FROM `nav_hot` WHERE `id` = 0 LIMIT 1   [ RunTime:0.0010s ]
INFO: [ view_parse ] --START--
INFO: [ template_filter ] --START--
INFO: Run Behavior\ContentReplaceBehavior [ RunTime:0.000000s ]
INFO: [ template_filter ] --END-- [ RunTime:0.000000s ]
NOTIC: [8] Undefined index: id D:\phpStudy\WWW\MR_navigation\Application\Runtime\Cache\Admin\b9133a1a32e5664a66228ceb35fb5954.php 第 163 行.
INFO: Run Behavior\ParseTemplateBehavior [ RunTime:0.012001s ]
INFO: [ view_parse ] --END-- [ RunTime:0.012001s ]
INFO: [ view_filter ] --START--
INFO: Run Behavior\WriteHtmlCacheBehavior [ RunTime:0.001000s ]
INFO: [ view_filter ] --END-- [ RunTime:0.001000s ]
INFO: [ app_end ] --START--
INFO: Run Behavior\ShowPageTraceBehavior [ RunTime:0.001000s ]
INFO: [ app_end ] --END-- [ RunTime:0.001000s ]

[ 2016-09-08T13:36:02+08:00 ] ::1 /Mr_navigation/index.php/Admin/Hot/lists.html
INFO: [ app_init ] --START--
INFO: Run Behavior\BuildLiteBehavior [ RunTime:0.000000s ]
INFO: [ app_init ] --END-- [ RunTime:0.001000s ]
INFO: [ app_begin ] --START--
INFO: Run Behavior\ReadHtmlCacheBehavior [ RunTime:0.001000s ]
INFO: [ app_begin ] --END-- [ RunTime:0.002000s ]
SQL: SHOW COLUMNS FROM `nav_hot` [ RunTime:0.0080s ]
SQL: SELECT COUNT(*) AS tp_count FROM `nav_hot` WHERE `type` = 0 LIMIT 1   [ RunTime:0.0010s ]
SQL: SELECT * FROM `nav_hot` WHERE `type` = 0 ORDER BY sort desc LIMIT 0,10   [ RunTime:0.0010s ]
INFO: [ view_parse ] --START--
NOTIC: [2] file_get_contents(./Application/Admin/View/Common/admin/footer.html): failed to open stream: No such file or directory D:\phpStudy\WWW\MR_navigation\ThinkPHP\Library\Think\Template.class.php 第 696 行.
INFO: [ template_filter ] --START--
INFO: Run Behavior\ContentReplaceBehavior [ RunTime:0.000000s ]
INFO: [ template_filter ] --END-- [ RunTime:0.000000s ]
NOTIC: [8] Undefined index: type D:\phpStudy\WWW\MR_navigation\Application\Runtime\Cache\Admin\5f5a152cff6220d4215ce3902f117f0b.php 第 119 行.
NOTIC: [8] Undefined index: type D:\phpStudy\WWW\MR_navigation\Application\Runtime\Cache\Admin\5f5a152cff6220d4215ce3902f117f0b.php 第 122 行.
NOTIC: [8] Undefined index: type D:\phpStudy\WWW\MR_navigation\Application\Runtime\Cache\Admin\5f5a152cff6220d4215ce3902f117f0b.php 第 125 行.
NOTIC: [8] Undefined index: p D:\phpStudy\WWW\MR_navigation\Application\Runtime\Cache\Admin\5f5a152cff6220d4215ce3902f117f0b.php 第 142 行.
NOTIC: [8] Undefined index: type D:\phpStudy\WWW\MR_navigation\Application\Runtime\Cache\Admin\5f5a152cff6220d4215ce3902f117f0b.php 第 151 行.
NOTIC: [8] Undefined variable:  D:\phpStudy\WWW\MR_navigation\Application\Runtime\Cache\Admin\5f5a152cff6220d4215ce3902f117f0b.php 第 151 行.
NOTIC: [8] Undefined index: type D:\phpStudy\WWW\MR_navigation\Application\Runtime\Cache\Admin\5f5a152cff6220d4215ce3902f117f0b.php 第 152 行.
NOTIC: [8] Undefined index: entity_id D:\phpStudy\WWW\MR_navigation\Application\Runtime\Cache\Admin\5f5a152cff6220d4215ce3902f117f0b.php 第 164 行.
NOTIC: [8] Undefined index: entity_id D:\phpStudy\WWW\MR_navigation\Application\Runtime\Cache\Admin\5f5a152cff6220d4215ce3902f117f0b.php 第 165 行.
NOTIC: [8] Undefined index: type D:\phpStudy\WWW\MR_navigation\Application\Runtime\Cache\Admin\5f5a152cff6220d4215ce3902f117f0b.php 第 167 行.
NOTIC: [8] Undefined index: entity_id D:\phpStudy\WWW\MR_navigation\Application\Runtime\Cache\Admin\5f5a152cff6220d4215ce3902f117f0b.php 第 164 行.
NOTIC: [8] Undefined index: entity_id D:\phpStudy\WWW\MR_navigation\Application\Runtime\Cache\Admin\5f5a152cff6220d4215ce3902f117f0b.php 第 165 行.
NOTIC: [8] Undefined index: type D:\phpStudy\WWW\MR_navigation\Application\Runtime\Cache\Admin\5f5a152cff6220d4215ce3902f117f0b.php 第 167 行.
NOTIC: [8] Undefined index: entity_id D:\phpStudy\WWW\MR_navigation\Application\Runtime\Cache\Admin\5f5a152cff6220d4215ce3902f117f0b.php 第 164 行.
NOTIC: [8] Undefined index: entity_id D:\phpStudy\WWW\MR_navigation\Application\Runtime\Cache\Admin\5f5a152cff6220d4215ce3902f117f0b.php 第 165 行.
NOTIC: [8] Undefined index: type D:\phpStudy\WWW\MR_navigation\Application\Runtime\Cache\Admin\5f5a152cff6220d4215ce3902f117f0b.php 第 167 行.
NOTIC: [8] Undefined index: entity_id D:\phpStudy\WWW\MR_navigation\Application\Runtime\Cache\Admin\5f5a152cff6220d4215ce3902f117f0b.php 第 164 行.
NOTIC: [8] Undefined index: entity_id D:\phpStudy\WWW\MR_navigation\Application\Runtime\Cache\Admin\5f5a152cff6220d4215ce3902f117f0b.php 第 165 行.
NOTIC: [8] Undefined index: type D:\phpStudy\WWW\MR_navigation\Application\Runtime\Cache\Admin\5f5a152cff6220d4215ce3902f117f0b.php 第 167 行.
NOTIC: [8] Undefined index: entity_id D:\phpStudy\WWW\MR_navigation\Application\Runtime\Cache\Admin\5f5a152cff6220d4215ce3902f117f0b.php 第 164 行.
NOTIC: [8] Undefined index: entity_id D:\phpStudy\WWW\MR_navigation\Application\Runtime\Cache\Admin\5f5a152cff6220d4215ce3902f117f0b.php 第 165 行.
NOTIC: [8] Undefined index: type D:\phpStudy\WWW\MR_navigation\Application\Runtime\Cache\Admin\5f5a152cff6220d4215ce3902f117f0b.php 第 167 行.
NOTIC: [8] Undefined index: entity_id D:\phpStudy\WWW\MR_navigation\Application\Runtime\Cache\Admin\5f5a152cff6220d4215ce3902f117f0b.php 第 164 行.
NOTIC: [8] Undefined index: entity_id D:\phpStudy\WWW\MR_navigation\Application\Runtime\Cache\Admin\5f5a152cff6220d4215ce3902f117f0b.php 第 165 行.
NOTIC: [8] Undefined index: type D:\phpStudy\WWW\MR_navigation\Application\Runtime\Cache\Admin\5f5a152cff6220d4215ce3902f117f0b.php 第 167 行.
NOTIC: [8] Undefined index: entity_id D:\phpStudy\WWW\MR_navigation\Application\Runtime\Cache\Admin\5f5a152cff6220d4215ce3902f117f0b.php 第 164 行.
NOTIC: [8] Undefined index: entity_id D:\phpStudy\WWW\MR_navigation\Application\Runtime\Cache\Admin\5f5a152cff6220d4215ce3902f117f0b.php 第 165 行.
NOTIC: [8] Undefined index: type D:\phpStudy\WWW\MR_navigation\Application\Runtime\Cache\Admin\5f5a152cff6220d4215ce3902f117f0b.php 第 167 行.
NOTIC: [8] Undefined index: entity_id D:\phpStudy\WWW\MR_navigation\Application\Runtime\Cache\Admin\5f5a152cff6220d4215ce3902f117f0b.php 第 164 行.
NOTIC: [8] Undefined index: entity_id D:\phpStudy\WWW\MR_navigation\Application\Runtime\Cache\Admin\5f5a152cff6220d4215ce3902f117f0b.php 第 165 行.
NOTIC: [8] Undefined index: type D:\phpStudy\WWW\MR_navigation\Application\Runtime\Cache\Admin\5f5a152cff6220d4215ce3902f117f0b.php 第 167 行.
NOTIC: [8] Undefined index: entity_id D:\phpStudy\WWW\MR_navigation\Application\Runtime\Cache\Admin\5f5a152cff6220d4215ce3902f117f0b.php 第 164 行.
NOTIC: [8] Undefined index: entity_id D:\phpStudy\WWW\MR_navigation\Application\Runtime\Cache\Admin\5f5a152cff6220d4215ce3902f117f0b.php 第 165 行.
NOTIC: [8] Undefined index: type D:\phpStudy\WWW\MR_navigation\Application\Runtime\Cache\Admin\5f5a152cff6220d4215ce3902f117f0b.php 第 167 行.
NOTIC: [8] Undefined index: entity_id D:\phpStudy\WWW\MR_navigation\Application\Runtime\Cache\Admin\5f5a152cff6220d4215ce3902f117f0b.php 第 164 行.
NOTIC: [8] Undefined index: entity_id D:\phpStudy\WWW\MR_navigation\Application\Runtime\Cache\Admin\5f5a152cff6220d4215ce3902f117f0b.php 第 165 行.
NOTIC: [8] Undefined index: type D:\phpStudy\WWW\MR_navigation\Application\Runtime\Cache\Admin\5f5a152cff6220d4215ce3902f117f0b.php 第 167 行.
INFO: Run Behavior\ParseTemplateBehavior [ RunTime:0.017001s ]
INFO: [ view_parse ] --END-- [ RunTime:0.017001s ]
INFO: [ view_filter ] --START--
INFO: Run Behavior\WriteHtmlCacheBehavior [ RunTime:0.001000s ]
INFO: [ view_filter ] --END-- [ RunTime:0.001000s ]
INFO: [ app_end ] --START--
INFO: Run Behavior\ShowPageTraceBehavior [ RunTime:0.001000s ]
INFO: [ app_end ] --END-- [ RunTime:0.001000s ]

